Start testing: Jul 02 17:08 PDT
----------------------------------------------------------
1/21 Testing: HeapTest.ConstructionDestruction
1/21 Test: HeapTest.ConstructionDestruction
Command: "/usr/bin/valgrind" "--tool=memcheck" "--leak-check=yes" "--trace-children=no" "--error-exitcode=113" "/home/student/hw-mercan/hw5/hw5_heap_checker/heap_tests/heap_tests" "--gtest_filter=HeapTest.ConstructionDestruction"
Directory: /home/student/hw-mercan/hw5/hw5_heap_checker/heap_tests
"HeapTest.ConstructionDestruction" start time: Jul 02 17:08 PDT
Output:
----------------------------------------------------------
==23124== /home/student/.valgrindrc was not read as it is either not a regular file,
==23124==     or is world writeable, or is not owned by the current user.
==23124== Memcheck, a memory error detector
==23124== Copyright (C) 2002-2017, and GNU GPL'd, by Julian Seward et al.
==23124== Using Valgrind-3.13.0 and LibVEX; rerun with -h for copyright info
==23124== Command: /home/student/hw-mercan/hw5/hw5_heap_checker/heap_tests/heap_tests --gtest_filter=HeapTest.ConstructionDestruction
==23124== 
Running main() from gtest_main.cc
Note: Google Test filter = HeapTest.ConstructionDestruction
[==========] Running 1 test from 1 test case.
[----------] Global test environment set-up.
[----------] 1 test from HeapTest
[ RUN      ] HeapTest.ConstructionDestruction
[       OK ] HeapTest.ConstructionDestruction (7 ms)
[----------] 1 test from HeapTest (12 ms total)

[----------] Global test environment tear-down
[==========] 1 test from 1 test case ran. (38 ms total)
[  PASSED  ] 1 test.
==23124== 
==23124== HEAP SUMMARY:
==23124==     in use at exit: 72,704 bytes in 1 blocks
==23124==   total heap usage: 328 allocs, 327 frees, 129,439 bytes allocated
==23124== 
==23124== LEAK SUMMARY:
==23124==    definitely lost: 0 bytes in 0 blocks
==23124==    indirectly lost: 0 bytes in 0 blocks
==23124==      possibly lost: 0 bytes in 0 blocks
==23124==    still reachable: 72,704 bytes in 1 blocks
==23124==         suppressed: 0 bytes in 0 blocks
==23124== Reachable blocks (those to which a pointer was found) are not shown.
==23124== To see them, rerun with: --leak-check=full --show-leak-kinds=all
==23124== 
==23124== For counts of detected and suppressed errors, rerun with: -v
==23124== ERROR SUMMARY: 0 errors from 0 contexts (suppressed: 0 from 0)
<end of output>
Test time =   0.76 sec
----------------------------------------------------------
Test Passed.
"HeapTest.ConstructionDestruction" end time: Jul 02 17:08 PDT
"HeapTest.ConstructionDestruction" time elapsed: 00:00:00
----------------------------------------------------------

2/21 Testing: HeapTest.InitiallyEmpty
2/21 Test: HeapTest.InitiallyEmpty
Command: "/usr/bin/valgrind" "--tool=memcheck" "--leak-check=yes" "--trace-children=no" "--error-exitcode=113" "/home/student/hw-mercan/hw5/hw5_heap_checker/heap_tests/heap_tests" "--gtest_filter=HeapTest.InitiallyEmpty"
Directory: /home/student/hw-mercan/hw5/hw5_heap_checker/heap_tests
"HeapTest.InitiallyEmpty" start time: Jul 02 17:08 PDT
Output:
----------------------------------------------------------
==23125== /home/student/.valgrindrc was not read as it is either not a regular file,
==23125==     or is world writeable, or is not owned by the current user.
==23125== Memcheck, a memory error detector
==23125== Copyright (C) 2002-2017, and GNU GPL'd, by Julian Seward et al.
==23125== Using Valgrind-3.13.0 and LibVEX; rerun with -h for copyright info
==23125== Command: /home/student/hw-mercan/hw5/hw5_heap_checker/heap_tests/heap_tests --gtest_filter=HeapTest.InitiallyEmpty
==23125== 
Running main() from gtest_main.cc
Note: Google Test filter = HeapTest.InitiallyEmpty
[==========] Running 1 test from 1 test case.
[----------] Global test environment set-up.
[----------] 1 test from HeapTest
[ RUN      ] HeapTest.InitiallyEmpty
[       OK ] HeapTest.InitiallyEmpty (9 ms)
[----------] 1 test from HeapTest (14 ms total)

[----------] Global test environment tear-down
[==========] 1 test from 1 test case ran. (40 ms total)
[  PASSED  ] 1 test.
==23125== 
==23125== HEAP SUMMARY:
==23125==     in use at exit: 72,704 bytes in 1 blocks
==23125==   total heap usage: 328 allocs, 327 frees, 129,330 bytes allocated
==23125== 
==23125== LEAK SUMMARY:
==23125==    definitely lost: 0 bytes in 0 blocks
==23125==    indirectly lost: 0 bytes in 0 blocks
==23125==      possibly lost: 0 bytes in 0 blocks
==23125==    still reachable: 72,704 bytes in 1 blocks
==23125==         suppressed: 0 bytes in 0 blocks
==23125== Reachable blocks (those to which a pointer was found) are not shown.
==23125== To see them, rerun with: --leak-check=full --show-leak-kinds=all
==23125== 
==23125== For counts of detected and suppressed errors, rerun with: -v
==23125== ERROR SUMMARY: 0 errors from 0 contexts (suppressed: 0 from 0)
<end of output>
Test time =   0.69 sec
----------------------------------------------------------
Test Passed.
"HeapTest.InitiallyEmpty" end time: Jul 02 17:08 PDT
"HeapTest.InitiallyEmpty" time elapsed: 00:00:00
----------------------------------------------------------

3/21 Testing: HeapTest.EmptyTopException
3/21 Test: HeapTest.EmptyTopException
Command: "/usr/bin/valgrind" "--tool=memcheck" "--leak-check=yes" "--trace-children=no" "--error-exitcode=113" "/home/student/hw-mercan/hw5/hw5_heap_checker/heap_tests/heap_tests" "--gtest_filter=HeapTest.EmptyTopException"
Directory: /home/student/hw-mercan/hw5/hw5_heap_checker/heap_tests
"HeapTest.EmptyTopException" start time: Jul 02 17:08 PDT
Output:
----------------------------------------------------------
==23126== /home/student/.valgrindrc was not read as it is either not a regular file,
==23126==     or is world writeable, or is not owned by the current user.
==23126== Memcheck, a memory error detector
==23126== Copyright (C) 2002-2017, and GNU GPL'd, by Julian Seward et al.
==23126== Using Valgrind-3.13.0 and LibVEX; rerun with -h for copyright info
==23126== Command: /home/student/hw-mercan/hw5/hw5_heap_checker/heap_tests/heap_tests --gtest_filter=HeapTest.EmptyTopException
==23126== 
Running main() from gtest_main.cc
Note: Google Test filter = HeapTest.EmptyTopException
[==========] Running 1 test from 1 test case.
[----------] Global test environment set-up.
[----------] 1 test from HeapTest
[ RUN      ] HeapTest.EmptyTopException
[       OK ] HeapTest.EmptyTopException (39 ms)
[----------] 1 test from HeapTest (44 ms total)

[----------] Global test environment tear-down
[==========] 1 test from 1 test case ran. (74 ms total)
[  PASSED  ] 1 test.
==23126== 
==23126== HEAP SUMMARY:
==23126==     in use at exit: 72,704 bytes in 1 blocks
==23126==   total heap usage: 330 allocs, 329 frees, 129,543 bytes allocated
==23126== 
==23126== LEAK SUMMARY:
==23126==    definitely lost: 0 bytes in 0 blocks
==23126==    indirectly lost: 0 bytes in 0 blocks
==23126==      possibly lost: 0 bytes in 0 blocks
==23126==    still reachable: 72,704 bytes in 1 blocks
==23126==         suppressed: 0 bytes in 0 blocks
==23126== Reachable blocks (those to which a pointer was found) are not shown.
==23126== To see them, rerun with: --leak-check=full --show-leak-kinds=all
==23126== 
==23126== For counts of detected and suppressed errors, rerun with: -v
==23126== ERROR SUMMARY: 0 errors from 0 contexts (suppressed: 0 from 0)
<end of output>
Test time =   0.75 sec
----------------------------------------------------------
Test Passed.
"HeapTest.EmptyTopException" end time: Jul 02 17:08 PDT
"HeapTest.EmptyTopException" time elapsed: 00:00:00
----------------------------------------------------------

4/21 Testing: HeapTest.EmptyPopException
4/21 Test: HeapTest.EmptyPopException
Command: "/usr/bin/valgrind" "--tool=memcheck" "--leak-check=yes" "--trace-children=no" "--error-exitcode=113" "/home/student/hw-mercan/hw5/hw5_heap_checker/heap_tests/heap_tests" "--gtest_filter=HeapTest.EmptyPopException"
Directory: /home/student/hw-mercan/hw5/hw5_heap_checker/heap_tests
"HeapTest.EmptyPopException" start time: Jul 02 17:08 PDT
Output:
----------------------------------------------------------
==23127== /home/student/.valgrindrc was not read as it is either not a regular file,
==23127==     or is world writeable, or is not owned by the current user.
==23127== Memcheck, a memory error detector
==23127== Copyright (C) 2002-2017, and GNU GPL'd, by Julian Seward et al.
==23127== Using Valgrind-3.13.0 and LibVEX; rerun with -h for copyright info
==23127== Command: /home/student/hw-mercan/hw5/hw5_heap_checker/heap_tests/heap_tests --gtest_filter=HeapTest.EmptyPopException
==23127== 
Running main() from gtest_main.cc
Note: Google Test filter = HeapTest.EmptyPopException
[==========] Running 1 test from 1 test case.
[----------] Global test environment set-up.
[----------] 1 test from HeapTest
[ RUN      ] HeapTest.EmptyPopException
[       OK ] HeapTest.EmptyPopException (38 ms)
[----------] 1 test from HeapTest (43 ms total)

[----------] Global test environment tear-down
[==========] 1 test from 1 test case ran. (71 ms total)
[  PASSED  ] 1 test.
==23127== 
==23127== HEAP SUMMARY:
==23127==     in use at exit: 72,704 bytes in 1 blocks
==23127==   total heap usage: 330 allocs, 329 frees, 129,543 bytes allocated
==23127== 
==23127== LEAK SUMMARY:
==23127==    definitely lost: 0 bytes in 0 blocks
==23127==    indirectly lost: 0 bytes in 0 blocks
==23127==      possibly lost: 0 bytes in 0 blocks
==23127==    still reachable: 72,704 bytes in 1 blocks
==23127==         suppressed: 0 bytes in 0 blocks
==23127== Reachable blocks (those to which a pointer was found) are not shown.
==23127== To see them, rerun with: --leak-check=full --show-leak-kinds=all
==23127== 
==23127== For counts of detected and suppressed errors, rerun with: -v
==23127== ERROR SUMMARY: 0 errors from 0 contexts (suppressed: 0 from 0)
<end of output>
Test time =   0.78 sec
----------------------------------------------------------
Test Passed.
"HeapTest.EmptyPopException" end time: Jul 02 17:08 PDT
"HeapTest.EmptyPopException" time elapsed: 00:00:00
----------------------------------------------------------

5/21 Testing: HeapTest.SingleItemNonempty
5/21 Test: HeapTest.SingleItemNonempty
Command: "/usr/bin/valgrind" "--tool=memcheck" "--leak-check=yes" "--trace-children=no" "--error-exitcode=113" "/home/student/hw-mercan/hw5/hw5_heap_checker/heap_tests/heap_tests" "--gtest_filter=HeapTest.SingleItemNonempty"
Directory: /home/student/hw-mercan/hw5/hw5_heap_checker/heap_tests
"HeapTest.SingleItemNonempty" start time: Jul 02 17:08 PDT
Output:
----------------------------------------------------------
==23128== /home/student/.valgrindrc was not read as it is either not a regular file,
==23128==     or is world writeable, or is not owned by the current user.
==23128== Memcheck, a memory error detector
==23128== Copyright (C) 2002-2017, and GNU GPL'd, by Julian Seward et al.
==23128== Using Valgrind-3.13.0 and LibVEX; rerun with -h for copyright info
==23128== Command: /home/student/hw-mercan/hw5/hw5_heap_checker/heap_tests/heap_tests --gtest_filter=HeapTest.SingleItemNonempty
==23128== 
Running main() from gtest_main.cc
Note: Google Test filter = HeapTest.SingleItemNonempty
[==========] Running 1 test from 1 test case.
[----------] Global test environment set-up.
[----------] 1 test from HeapTest
[ RUN      ] HeapTest.SingleItemNonempty
[       OK ] HeapTest.SingleItemNonempty (20 ms)
[----------] 1 test from HeapTest (27 ms total)

[----------] Global test environment tear-down
[==========] 1 test from 1 test case ran. (61 ms total)
[  PASSED  ] 1 test.
==23128== 
==23128== HEAP SUMMARY:
==23128==     in use at exit: 72,704 bytes in 1 blocks
==23128==   total heap usage: 329 allocs, 328 frees, 129,362 bytes allocated
==23128== 
==23128== LEAK SUMMARY:
==23128==    definitely lost: 0 bytes in 0 blocks
==23128==    indirectly lost: 0 bytes in 0 blocks
==23128==      possibly lost: 0 bytes in 0 blocks
==23128==    still reachable: 72,704 bytes in 1 blocks
==23128==         suppressed: 0 bytes in 0 blocks
==23128== Reachable blocks (those to which a pointer was found) are not shown.
==23128== To see them, rerun with: --leak-check=full --show-leak-kinds=all
==23128== 
==23128== For counts of detected and suppressed errors, rerun with: -v
==23128== ERROR SUMMARY: 0 errors from 0 contexts (suppressed: 0 from 0)
<end of output>
Test time =   0.79 sec
----------------------------------------------------------
Test Passed.
"HeapTest.SingleItemNonempty" end time: Jul 02 17:08 PDT
"HeapTest.SingleItemNonempty" time elapsed: 00:00:00
----------------------------------------------------------

6/21 Testing: HeapTest.SingleItemPush
6/21 Test: HeapTest.SingleItemPush
Command: "/usr/bin/valgrind" "--tool=memcheck" "--leak-check=yes" "--trace-children=no" "--error-exitcode=113" "/home/student/hw-mercan/hw5/hw5_heap_checker/heap_tests/heap_tests" "--gtest_filter=HeapTest.SingleItemPush"
Directory: /home/student/hw-mercan/hw5/hw5_heap_checker/heap_tests
"HeapTest.SingleItemPush" start time: Jul 02 17:08 PDT
Output:
----------------------------------------------------------
==23129== /home/student/.valgrindrc was not read as it is either not a regular file,
==23129==     or is world writeable, or is not owned by the current user.
==23129== Memcheck, a memory error detector
==23129== Copyright (C) 2002-2017, and GNU GPL'd, by Julian Seward et al.
==23129== Using Valgrind-3.13.0 and LibVEX; rerun with -h for copyright info
==23129== Command: /home/student/hw-mercan/hw5/hw5_heap_checker/heap_tests/heap_tests --gtest_filter=HeapTest.SingleItemPush
==23129== 
Running main() from gtest_main.cc
Note: Google Test filter = HeapTest.SingleItemPush
[==========] Running 1 test from 1 test case.
[----------] Global test environment set-up.
[----------] 1 test from HeapTest
[ RUN      ] HeapTest.SingleItemPush
[       OK ] HeapTest.SingleItemPush (17 ms)
[----------] 1 test from HeapTest (23 ms total)

[----------] Global test environment tear-down
[==========] 1 test from 1 test case ran. (51 ms total)
[  PASSED  ] 1 test.
==23129== 
==23129== HEAP SUMMARY:
==23129==     in use at exit: 72,704 bytes in 1 blocks
==23129==   total heap usage: 329 allocs, 328 frees, 129,334 bytes allocated
==23129== 
==23129== LEAK SUMMARY:
==23129==    definitely lost: 0 bytes in 0 blocks
==23129==    indirectly lost: 0 bytes in 0 blocks
==23129==      possibly lost: 0 bytes in 0 blocks
==23129==    still reachable: 72,704 bytes in 1 blocks
==23129==         suppressed: 0 bytes in 0 blocks
==23129== Reachable blocks (those to which a pointer was found) are not shown.
==23129== To see them, rerun with: --leak-check=full --show-leak-kinds=all
==23129== 
==23129== For counts of detected and suppressed errors, rerun with: -v
==23129== ERROR SUMMARY: 0 errors from 0 contexts (suppressed: 0 from 0)
<end of output>
Test time =   0.76 sec
----------------------------------------------------------
Test Passed.
"HeapTest.SingleItemPush" end time: Jul 02 17:08 PDT
"HeapTest.SingleItemPush" time elapsed: 00:00:00
----------------------------------------------------------

7/21 Testing: HeapTest.SingleItemPushPop
7/21 Test: HeapTest.SingleItemPushPop
Command: "/usr/bin/valgrind" "--tool=memcheck" "--leak-check=yes" "--trace-children=no" "--error-exitcode=113" "/home/student/hw-mercan/hw5/hw5_heap_checker/heap_tests/heap_tests" "--gtest_filter=HeapTest.SingleItemPushPop"
Directory: /home/student/hw-mercan/hw5/hw5_heap_checker/heap_tests
"HeapTest.SingleItemPushPop" start time: Jul 02 17:08 PDT
Output:
----------------------------------------------------------
==23130== /home/student/.valgrindrc was not read as it is either not a regular file,
==23130==     or is world writeable, or is not owned by the current user.
==23130== Memcheck, a memory error detector
==23130== Copyright (C) 2002-2017, and GNU GPL'd, by Julian Seward et al.
==23130== Using Valgrind-3.13.0 and LibVEX; rerun with -h for copyright info
==23130== Command: /home/student/hw-mercan/hw5/hw5_heap_checker/heap_tests/heap_tests --gtest_filter=HeapTest.SingleItemPushPop
==23130== 
Running main() from gtest_main.cc
Note: Google Test filter = HeapTest.SingleItemPushPop
[==========] Running 1 test from 1 test case.
[----------] Global test environment set-up.
[----------] 1 test from HeapTest
[ RUN      ] HeapTest.SingleItemPushPop
[       OK ] HeapTest.SingleItemPushPop (18 ms)
[----------] 1 test from HeapTest (24 ms total)

[----------] Global test environment tear-down
[==========] 1 test from 1 test case ran. (51 ms total)
[  PASSED  ] 1 test.
==23130== 
==23130== HEAP SUMMARY:
==23130==     in use at exit: 72,704 bytes in 1 blocks
==23130==   total heap usage: 329 allocs, 328 frees, 129,355 bytes allocated
==23130== 
==23130== LEAK SUMMARY:
==23130==    definitely lost: 0 bytes in 0 blocks
==23130==    indirectly lost: 0 bytes in 0 blocks
==23130==      possibly lost: 0 bytes in 0 blocks
==23130==    still reachable: 72,704 bytes in 1 blocks
==23130==         suppressed: 0 bytes in 0 blocks
==23130== Reachable blocks (those to which a pointer was found) are not shown.
==23130== To see them, rerun with: --leak-check=full --show-leak-kinds=all
==23130== 
==23130== For counts of detected and suppressed errors, rerun with: -v
==23130== ERROR SUMMARY: 0 errors from 0 contexts (suppressed: 0 from 0)
<end of output>
Test time =   0.72 sec
----------------------------------------------------------
Test Passed.
"HeapTest.SingleItemPushPop" end time: Jul 02 17:08 PDT
"HeapTest.SingleItemPushPop" time elapsed: 00:00:00
----------------------------------------------------------

8/21 Testing: HeapTest.TwoElementPush_LowPriFirst
8/21 Test: HeapTest.TwoElementPush_LowPriFirst
Command: "/usr/bin/valgrind" "--tool=memcheck" "--leak-check=yes" "--trace-children=no" "--error-exitcode=113" "/home/student/hw-mercan/hw5/hw5_heap_checker/heap_tests/heap_tests" "--gtest_filter=HeapTest.TwoElementPush_LowPriFirst"
Directory: /home/student/hw-mercan/hw5/hw5_heap_checker/heap_tests
"HeapTest.TwoElementPush_LowPriFirst" start time: Jul 02 17:08 PDT
Output:
----------------------------------------------------------
==23131== /home/student/.valgrindrc was not read as it is either not a regular file,
==23131==     or is world writeable, or is not owned by the current user.
==23131== Memcheck, a memory error detector
==23131== Copyright (C) 2002-2017, and GNU GPL'd, by Julian Seward et al.
==23131== Using Valgrind-3.13.0 and LibVEX; rerun with -h for copyright info
==23131== Command: /home/student/hw-mercan/hw5/hw5_heap_checker/heap_tests/heap_tests --gtest_filter=HeapTest.TwoElementPush_LowPriFirst
==23131== 
Running main() from gtest_main.cc
Note: Google Test filter = HeapTest.TwoElementPush_LowPriFirst
[==========] Running 1 test from 1 test case.
[----------] Global test environment set-up.
[----------] 1 test from HeapTest
[ RUN      ] HeapTest.TwoElementPush_LowPriFirst
[       OK ] HeapTest.TwoElementPush_LowPriFirst (20 ms)
[----------] 1 test from HeapTest (25 ms total)

[----------] Global test environment tear-down
[==========] 1 test from 1 test case ran. (53 ms total)
[  PASSED  ] 1 test.
==23131== 
==23131== HEAP SUMMARY:
==23131==     in use at exit: 72,704 bytes in 1 blocks
==23131==   total heap usage: 330 allocs, 329 frees, 129,541 bytes allocated
==23131== 
==23131== LEAK SUMMARY:
==23131==    definitely lost: 0 bytes in 0 blocks
==23131==    indirectly lost: 0 bytes in 0 blocks
==23131==      possibly lost: 0 bytes in 0 blocks
==23131==    still reachable: 72,704 bytes in 1 blocks
==23131==         suppressed: 0 bytes in 0 blocks
==23131== Reachable blocks (those to which a pointer was found) are not shown.
==23131== To see them, rerun with: --leak-check=full --show-leak-kinds=all
==23131== 
==23131== For counts of detected and suppressed errors, rerun with: -v
==23131== ERROR SUMMARY: 0 errors from 0 contexts (suppressed: 0 from 0)
<end of output>
Test time =   0.74 sec
----------------------------------------------------------
Test Passed.
"HeapTest.TwoElementPush_LowPriFirst" end time: Jul 02 17:08 PDT
"HeapTest.TwoElementPush_LowPriFirst" time elapsed: 00:00:00
----------------------------------------------------------

9/21 Testing: HeapTest.TwoElementPush_HighPriFirst
9/21 Test: HeapTest.TwoElementPush_HighPriFirst
Command: "/usr/bin/valgrind" "--tool=memcheck" "--leak-check=yes" "--trace-children=no" "--error-exitcode=113" "/home/student/hw-mercan/hw5/hw5_heap_checker/heap_tests/heap_tests" "--gtest_filter=HeapTest.TwoElementPush_HighPriFirst"
Directory: /home/student/hw-mercan/hw5/hw5_heap_checker/heap_tests
"HeapTest.TwoElementPush_HighPriFirst" start time: Jul 02 17:08 PDT
Output:
----------------------------------------------------------
==23132== /home/student/.valgrindrc was not read as it is either not a regular file,
==23132==     or is world writeable, or is not owned by the current user.
==23132== Memcheck, a memory error detector
==23132== Copyright (C) 2002-2017, and GNU GPL'd, by Julian Seward et al.
==23132== Using Valgrind-3.13.0 and LibVEX; rerun with -h for copyright info
==23132== Command: /home/student/hw-mercan/hw5/hw5_heap_checker/heap_tests/heap_tests --gtest_filter=HeapTest.TwoElementPush_HighPriFirst
==23132== 
Running main() from gtest_main.cc
Note: Google Test filter = HeapTest.TwoElementPush_HighPriFirst
[==========] Running 1 test from 1 test case.
[----------] Global test environment set-up.
[----------] 1 test from HeapTest
[ RUN      ] HeapTest.TwoElementPush_HighPriFirst
[       OK ] HeapTest.TwoElementPush_HighPriFirst (22 ms)
[----------] 1 test from HeapTest (27 ms total)

[----------] Global test environment tear-down
[==========] 1 test from 1 test case ran. (58 ms total)
[  PASSED  ] 1 test.
==23132== 
==23132== HEAP SUMMARY:
==23132==     in use at exit: 72,704 bytes in 1 blocks
==23132==   total heap usage: 330 allocs, 329 frees, 129,571 bytes allocated
==23132== 
==23132== LEAK SUMMARY:
==23132==    definitely lost: 0 bytes in 0 blocks
==23132==    indirectly lost: 0 bytes in 0 blocks
==23132==      possibly lost: 0 bytes in 0 blocks
==23132==    still reachable: 72,704 bytes in 1 blocks
==23132==         suppressed: 0 bytes in 0 blocks
==23132== Reachable blocks (those to which a pointer was found) are not shown.
==23132== To see them, rerun with: --leak-check=full --show-leak-kinds=all
==23132== 
==23132== For counts of detected and suppressed errors, rerun with: -v
==23132== ERROR SUMMARY: 0 errors from 0 contexts (suppressed: 0 from 0)
<end of output>
Test time =   0.74 sec
----------------------------------------------------------
Test Passed.
"HeapTest.TwoElementPush_HighPriFirst" end time: Jul 02 17:08 PDT
"HeapTest.TwoElementPush_HighPriFirst" time elapsed: 00:00:00
----------------------------------------------------------

10/21 Testing: HeapTest.Duplicates
10/21 Test: HeapTest.Duplicates
Command: "/usr/bin/valgrind" "--tool=memcheck" "--leak-check=yes" "--trace-children=no" "--error-exitcode=113" "/home/student/hw-mercan/hw5/hw5_heap_checker/heap_tests/heap_tests" "--gtest_filter=HeapTest.Duplicates"
Directory: /home/student/hw-mercan/hw5/hw5_heap_checker/heap_tests
"HeapTest.Duplicates" start time: Jul 02 17:08 PDT
Output:
----------------------------------------------------------
==23133== /home/student/.valgrindrc was not read as it is either not a regular file,
==23133==     or is world writeable, or is not owned by the current user.
==23133== Memcheck, a memory error detector
==23133== Copyright (C) 2002-2017, and GNU GPL'd, by Julian Seward et al.
==23133== Using Valgrind-3.13.0 and LibVEX; rerun with -h for copyright info
==23133== Command: /home/student/hw-mercan/hw5/hw5_heap_checker/heap_tests/heap_tests --gtest_filter=HeapTest.Duplicates
==23133== 
Running main() from gtest_main.cc
Note: Google Test filter = HeapTest.Duplicates
[==========] Running 1 test from 1 test case.
[----------] Global test environment set-up.
[----------] 1 test from HeapTest
[ RUN      ] HeapTest.Duplicates
[       OK ] HeapTest.Duplicates (21 ms)
[----------] 1 test from HeapTest (26 ms total)

[----------] Global test environment tear-down
[==========] 1 test from 1 test case ran. (54 ms total)
[  PASSED  ] 1 test.
==23133== 
==23133== HEAP SUMMARY:
==23133==     in use at exit: 72,704 bytes in 1 blocks
==23133==   total heap usage: 331 allocs, 330 frees, 129,330 bytes allocated
==23133== 
==23133== LEAK SUMMARY:
==23133==    definitely lost: 0 bytes in 0 blocks
==23133==    indirectly lost: 0 bytes in 0 blocks
==23133==      possibly lost: 0 bytes in 0 blocks
==23133==    still reachable: 72,704 bytes in 1 blocks
==23133==         suppressed: 0 bytes in 0 blocks
==23133== Reachable blocks (those to which a pointer was found) are not shown.
==23133== To see them, rerun with: --leak-check=full --show-leak-kinds=all
==23133== 
==23133== For counts of detected and suppressed errors, rerun with: -v
==23133== ERROR SUMMARY: 0 errors from 0 contexts (suppressed: 0 from 0)
<end of output>
Test time =   0.72 sec
----------------------------------------------------------
Test Passed.
"HeapTest.Duplicates" end time: Jul 02 17:08 PDT
"HeapTest.Duplicates" time elapsed: 00:00:00
----------------------------------------------------------

11/21 Testing: HeapTest.NegativeElements
11/21 Test: HeapTest.NegativeElements
Command: "/usr/bin/valgrind" "--tool=memcheck" "--leak-check=yes" "--trace-children=no" "--error-exitcode=113" "/home/student/hw-mercan/hw5/hw5_heap_checker/heap_tests/heap_tests" "--gtest_filter=HeapTest.NegativeElements"
Directory: /home/student/hw-mercan/hw5/hw5_heap_checker/heap_tests
"HeapTest.NegativeElements" start time: Jul 02 17:08 PDT
Output:
----------------------------------------------------------
==23134== /home/student/.valgrindrc was not read as it is either not a regular file,
==23134==     or is world writeable, or is not owned by the current user.
==23134== Memcheck, a memory error detector
==23134== Copyright (C) 2002-2017, and GNU GPL'd, by Julian Seward et al.
==23134== Using Valgrind-3.13.0 and LibVEX; rerun with -h for copyright info
==23134== Command: /home/student/hw-mercan/hw5/hw5_heap_checker/heap_tests/heap_tests --gtest_filter=HeapTest.NegativeElements
==23134== 
Running main() from gtest_main.cc
Note: Google Test filter = HeapTest.NegativeElements
[==========] Running 1 test from 1 test case.
[----------] Global test environment set-up.
[----------] 1 test from HeapTest
[ RUN      ] HeapTest.NegativeElements
[       OK ] HeapTest.NegativeElements (17 ms)
[----------] 1 test from HeapTest (24 ms total)

[----------] Global test environment tear-down
[==========] 1 test from 1 test case ran. (50 ms total)
[  PASSED  ] 1 test.
==23134== 
==23134== HEAP SUMMARY:
==23134==     in use at exit: 72,704 bytes in 1 blocks
==23134==   total heap usage: 330 allocs, 329 frees, 129,356 bytes allocated
==23134== 
==23134== LEAK SUMMARY:
==23134==    definitely lost: 0 bytes in 0 blocks
==23134==    indirectly lost: 0 bytes in 0 blocks
==23134==      possibly lost: 0 bytes in 0 blocks
==23134==    still reachable: 72,704 bytes in 1 blocks
==23134==         suppressed: 0 bytes in 0 blocks
==23134== Reachable blocks (those to which a pointer was found) are not shown.
==23134== To see them, rerun with: --leak-check=full --show-leak-kinds=all
==23134== 
==23134== For counts of detected and suppressed errors, rerun with: -v
==23134== ERROR SUMMARY: 0 errors from 0 contexts (suppressed: 0 from 0)
<end of output>
Test time =   0.71 sec
----------------------------------------------------------
Test Passed.
"HeapTest.NegativeElements" end time: Jul 02 17:08 PDT
"HeapTest.NegativeElements" time elapsed: 00:00:00
----------------------------------------------------------

12/21 Testing: HeapTest.ThreeElementPush_0_5_10
12/21 Test: HeapTest.ThreeElementPush_0_5_10
Command: "/usr/bin/valgrind" "--tool=memcheck" "--leak-check=yes" "--trace-children=no" "--error-exitcode=113" "/home/student/hw-mercan/hw5/hw5_heap_checker/heap_tests/heap_tests" "--gtest_filter=HeapTest.ThreeElementPush_0_5_10"
Directory: /home/student/hw-mercan/hw5/hw5_heap_checker/heap_tests
"HeapTest.ThreeElementPush_0_5_10" start time: Jul 02 17:08 PDT
Output:
----------------------------------------------------------
==23135== /home/student/.valgrindrc was not read as it is either not a regular file,
==23135==     or is world writeable, or is not owned by the current user.
==23135== Memcheck, a memory error detector
==23135== Copyright (C) 2002-2017, and GNU GPL'd, by Julian Seward et al.
==23135== Using Valgrind-3.13.0 and LibVEX; rerun with -h for copyright info
==23135== Command: /home/student/hw-mercan/hw5/hw5_heap_checker/heap_tests/heap_tests --gtest_filter=HeapTest.ThreeElementPush_0_5_10
==23135== 
Running main() from gtest_main.cc
Note: Google Test filter = HeapTest.ThreeElementPush_0_5_10
[==========] Running 1 test from 1 test case.
[----------] Global test environment set-up.
[----------] 1 test from HeapTest
[ RUN      ] HeapTest.ThreeElementPush_0_5_10
[       OK ] HeapTest.ThreeElementPush_0_5_10 (21 ms)
[----------] 1 test from HeapTest (26 ms total)

[----------] Global test environment tear-down
[==========] 1 test from 1 test case ran. (52 ms total)
[  PASSED  ] 1 test.
==23135== 
==23135== HEAP SUMMARY:
==23135==     in use at exit: 72,704 bytes in 1 blocks
==23135==   total heap usage: 331 allocs, 330 frees, 129,467 bytes allocated
==23135== 
==23135== LEAK SUMMARY:
==23135==    definitely lost: 0 bytes in 0 blocks
==23135==    indirectly lost: 0 bytes in 0 blocks
==23135==      possibly lost: 0 bytes in 0 blocks
==23135==    still reachable: 72,704 bytes in 1 blocks
==23135==         suppressed: 0 bytes in 0 blocks
==23135== Reachable blocks (those to which a pointer was found) are not shown.
==23135== To see them, rerun with: --leak-check=full --show-leak-kinds=all
==23135== 
==23135== For counts of detected and suppressed errors, rerun with: -v
==23135== ERROR SUMMARY: 0 errors from 0 contexts (suppressed: 0 from 0)
<end of output>
Test time =   0.73 sec
----------------------------------------------------------
Test Passed.
"HeapTest.ThreeElementPush_0_5_10" end time: Jul 02 17:08 PDT
"HeapTest.ThreeElementPush_0_5_10" time elapsed: 00:00:00
----------------------------------------------------------

13/21 Testing: HeapTest.ThreeElementPush_0_10_5
13/21 Test: HeapTest.ThreeElementPush_0_10_5
Command: "/usr/bin/valgrind" "--tool=memcheck" "--leak-check=yes" "--trace-children=no" "--error-exitcode=113" "/home/student/hw-mercan/hw5/hw5_heap_checker/heap_tests/heap_tests" "--gtest_filter=HeapTest.ThreeElementPush_0_10_5"
Directory: /home/student/hw-mercan/hw5/hw5_heap_checker/heap_tests
"HeapTest.ThreeElementPush_0_10_5" start time: Jul 02 17:08 PDT
Output:
----------------------------------------------------------
==23136== /home/student/.valgrindrc was not read as it is either not a regular file,
==23136==     or is world writeable, or is not owned by the current user.
==23136== Memcheck, a memory error detector
==23136== Copyright (C) 2002-2017, and GNU GPL'd, by Julian Seward et al.
==23136== Using Valgrind-3.13.0 and LibVEX; rerun with -h for copyright info
==23136== Command: /home/student/hw-mercan/hw5/hw5_heap_checker/heap_tests/heap_tests --gtest_filter=HeapTest.ThreeElementPush_0_10_5
==23136== 
Running main() from gtest_main.cc
Note: Google Test filter = HeapTest.ThreeElementPush_0_10_5
[==========] Running 1 test from 1 test case.
[----------] Global test environment set-up.
[----------] 1 test from HeapTest
[ RUN      ] HeapTest.ThreeElementPush_0_10_5
[       OK ] HeapTest.ThreeElementPush_0_10_5 (22 ms)
[----------] 1 test from HeapTest (28 ms total)

[----------] Global test environment tear-down
[==========] 1 test from 1 test case ran. (54 ms total)
[  PASSED  ] 1 test.
==23136== 
==23136== HEAP SUMMARY:
==23136==     in use at exit: 72,704 bytes in 1 blocks
==23136==   total heap usage: 331 allocs, 330 frees, 129,467 bytes allocated
==23136== 
==23136== LEAK SUMMARY:
==23136==    definitely lost: 0 bytes in 0 blocks
==23136==    indirectly lost: 0 bytes in 0 blocks
==23136==      possibly lost: 0 bytes in 0 blocks
==23136==    still reachable: 72,704 bytes in 1 blocks
==23136==         suppressed: 0 bytes in 0 blocks
==23136== Reachable blocks (those to which a pointer was found) are not shown.
==23136== To see them, rerun with: --leak-check=full --show-leak-kinds=all
==23136== 
==23136== For counts of detected and suppressed errors, rerun with: -v
==23136== ERROR SUMMARY: 0 errors from 0 contexts (suppressed: 0 from 0)
<end of output>
Test time =   0.74 sec
----------------------------------------------------------
Test Passed.
"HeapTest.ThreeElementPush_0_10_5" end time: Jul 02 17:08 PDT
"HeapTest.ThreeElementPush_0_10_5" time elapsed: 00:00:00
----------------------------------------------------------

14/21 Testing: HeapTest.ThreeElementPush_5_0_10
14/21 Test: HeapTest.ThreeElementPush_5_0_10
Command: "/usr/bin/valgrind" "--tool=memcheck" "--leak-check=yes" "--trace-children=no" "--error-exitcode=113" "/home/student/hw-mercan/hw5/hw5_heap_checker/heap_tests/heap_tests" "--gtest_filter=HeapTest.ThreeElementPush_5_0_10"
Directory: /home/student/hw-mercan/hw5/hw5_heap_checker/heap_tests
"HeapTest.ThreeElementPush_5_0_10" start time: Jul 02 17:08 PDT
Output:
----------------------------------------------------------
==23139== /home/student/.valgrindrc was not read as it is either not a regular file,
==23139==     or is world writeable, or is not owned by the current user.
==23139== Memcheck, a memory error detector
==23139== Copyright (C) 2002-2017, and GNU GPL'd, by Julian Seward et al.
==23139== Using Valgrind-3.13.0 and LibVEX; rerun with -h for copyright info
==23139== Command: /home/student/hw-mercan/hw5/hw5_heap_checker/heap_tests/heap_tests --gtest_filter=HeapTest.ThreeElementPush_5_0_10
==23139== 
Running main() from gtest_main.cc
Note: Google Test filter = HeapTest.ThreeElementPush_5_0_10
[==========] Running 1 test from 1 test case.
[----------] Global test environment set-up.
[----------] 1 test from HeapTest
[ RUN      ] HeapTest.ThreeElementPush_5_0_10
[       OK ] HeapTest.ThreeElementPush_5_0_10 (21 ms)
[----------] 1 test from HeapTest (28 ms total)

[----------] Global test environment tear-down
[==========] 1 test from 1 test case ran. (55 ms total)
[  PASSED  ] 1 test.
==23139== 
==23139== HEAP SUMMARY:
==23139==     in use at exit: 72,704 bytes in 1 blocks
==23139==   total heap usage: 331 allocs, 330 frees, 129,467 bytes allocated
==23139== 
==23139== LEAK SUMMARY:
==23139==    definitely lost: 0 bytes in 0 blocks
==23139==    indirectly lost: 0 bytes in 0 blocks
==23139==      possibly lost: 0 bytes in 0 blocks
==23139==    still reachable: 72,704 bytes in 1 blocks
==23139==         suppressed: 0 bytes in 0 blocks
==23139== Reachable blocks (those to which a pointer was found) are not shown.
==23139== To see them, rerun with: --leak-check=full --show-leak-kinds=all
==23139== 
==23139== For counts of detected and suppressed errors, rerun with: -v
==23139== ERROR SUMMARY: 0 errors from 0 contexts (suppressed: 0 from 0)
<end of output>
Test time =   0.73 sec
----------------------------------------------------------
Test Passed.
"HeapTest.ThreeElementPush_5_0_10" end time: Jul 02 17:08 PDT
"HeapTest.ThreeElementPush_5_0_10" time elapsed: 00:00:00
----------------------------------------------------------

15/21 Testing: HeapTest.ThreeElementPush_5_10_0
15/21 Test: HeapTest.ThreeElementPush_5_10_0
Command: "/usr/bin/valgrind" "--tool=memcheck" "--leak-check=yes" "--trace-children=no" "--error-exitcode=113" "/home/student/hw-mercan/hw5/hw5_heap_checker/heap_tests/heap_tests" "--gtest_filter=HeapTest.ThreeElementPush_5_10_0"
Directory: /home/student/hw-mercan/hw5/hw5_heap_checker/heap_tests
"HeapTest.ThreeElementPush_5_10_0" start time: Jul 02 17:08 PDT
Output:
----------------------------------------------------------
==23140== /home/student/.valgrindrc was not read as it is either not a regular file,
==23140==     or is world writeable, or is not owned by the current user.
==23140== Memcheck, a memory error detector
==23140== Copyright (C) 2002-2017, and GNU GPL'd, by Julian Seward et al.
==23140== Using Valgrind-3.13.0 and LibVEX; rerun with -h for copyright info
==23140== Command: /home/student/hw-mercan/hw5/hw5_heap_checker/heap_tests/heap_tests --gtest_filter=HeapTest.ThreeElementPush_5_10_0
==23140== 
Running main() from gtest_main.cc
Note: Google Test filter = HeapTest.ThreeElementPush_5_10_0
[==========] Running 1 test from 1 test case.
[----------] Global test environment set-up.
[----------] 1 test from HeapTest
[ RUN      ] HeapTest.ThreeElementPush_5_10_0
[       OK ] HeapTest.ThreeElementPush_5_10_0 (21 ms)
[----------] 1 test from HeapTest (28 ms total)

[----------] Global test environment tear-down
[==========] 1 test from 1 test case ran. (57 ms total)
[  PASSED  ] 1 test.
==23140== 
==23140== HEAP SUMMARY:
==23140==     in use at exit: 72,704 bytes in 1 blocks
==23140==   total heap usage: 331 allocs, 330 frees, 129,467 bytes allocated
==23140== 
==23140== LEAK SUMMARY:
==23140==    definitely lost: 0 bytes in 0 blocks
==23140==    indirectly lost: 0 bytes in 0 blocks
==23140==      possibly lost: 0 bytes in 0 blocks
==23140==    still reachable: 72,704 bytes in 1 blocks
==23140==         suppressed: 0 bytes in 0 blocks
==23140== Reachable blocks (those to which a pointer was found) are not shown.
==23140== To see them, rerun with: --leak-check=full --show-leak-kinds=all
==23140== 
==23140== For counts of detected and suppressed errors, rerun with: -v
==23140== ERROR SUMMARY: 0 errors from 0 contexts (suppressed: 0 from 0)
<end of output>
Test time =   0.73 sec
----------------------------------------------------------
Test Passed.
"HeapTest.ThreeElementPush_5_10_0" end time: Jul 02 17:08 PDT
"HeapTest.ThreeElementPush_5_10_0" time elapsed: 00:00:00
----------------------------------------------------------

16/21 Testing: HeapTest.ThreeElementPush_10_0_5
16/21 Test: HeapTest.ThreeElementPush_10_0_5
Command: "/usr/bin/valgrind" "--tool=memcheck" "--leak-check=yes" "--trace-children=no" "--error-exitcode=113" "/home/student/hw-mercan/hw5/hw5_heap_checker/heap_tests/heap_tests" "--gtest_filter=HeapTest.ThreeElementPush_10_0_5"
Directory: /home/student/hw-mercan/hw5/hw5_heap_checker/heap_tests
"HeapTest.ThreeElementPush_10_0_5" start time: Jul 02 17:08 PDT
Output:
----------------------------------------------------------
==23141== /home/student/.valgrindrc was not read as it is either not a regular file,
==23141==     or is world writeable, or is not owned by the current user.
==23141== Memcheck, a memory error detector
==23141== Copyright (C) 2002-2017, and GNU GPL'd, by Julian Seward et al.
==23141== Using Valgrind-3.13.0 and LibVEX; rerun with -h for copyright info
==23141== Command: /home/student/hw-mercan/hw5/hw5_heap_checker/heap_tests/heap_tests --gtest_filter=HeapTest.ThreeElementPush_10_0_5
==23141== 
Running main() from gtest_main.cc
Note: Google Test filter = HeapTest.ThreeElementPush_10_0_5
[==========] Running 1 test from 1 test case.
[----------] Global test environment set-up.
[----------] 1 test from HeapTest
[ RUN      ] HeapTest.ThreeElementPush_10_0_5
[       OK ] HeapTest.ThreeElementPush_10_0_5 (22 ms)
[----------] 1 test from HeapTest (28 ms total)

[----------] Global test environment tear-down
[==========] 1 test from 1 test case ran. (61 ms total)
[  PASSED  ] 1 test.
==23141== 
==23141== HEAP SUMMARY:
==23141==     in use at exit: 72,704 bytes in 1 blocks
==23141==   total heap usage: 331 allocs, 330 frees, 129,467 bytes allocated
==23141== 
==23141== LEAK SUMMARY:
==23141==    definitely lost: 0 bytes in 0 blocks
==23141==    indirectly lost: 0 bytes in 0 blocks
==23141==      possibly lost: 0 bytes in 0 blocks
==23141==    still reachable: 72,704 bytes in 1 blocks
==23141==         suppressed: 0 bytes in 0 blocks
==23141== Reachable blocks (those to which a pointer was found) are not shown.
==23141== To see them, rerun with: --leak-check=full --show-leak-kinds=all
==23141== 
==23141== For counts of detected and suppressed errors, rerun with: -v
==23141== ERROR SUMMARY: 0 errors from 0 contexts (suppressed: 0 from 0)
<end of output>
Test time =   0.72 sec
----------------------------------------------------------
Test Passed.
"HeapTest.ThreeElementPush_10_0_5" end time: Jul 02 17:08 PDT
"HeapTest.ThreeElementPush_10_0_5" time elapsed: 00:00:00
----------------------------------------------------------

17/21 Testing: HeapTest.ThreeElementPush_10_5_0
17/21 Test: HeapTest.ThreeElementPush_10_5_0
Command: "/usr/bin/valgrind" "--tool=memcheck" "--leak-check=yes" "--trace-children=no" "--error-exitcode=113" "/home/student/hw-mercan/hw5/hw5_heap_checker/heap_tests/heap_tests" "--gtest_filter=HeapTest.ThreeElementPush_10_5_0"
Directory: /home/student/hw-mercan/hw5/hw5_heap_checker/heap_tests
"HeapTest.ThreeElementPush_10_5_0" start time: Jul 02 17:08 PDT
Output:
----------------------------------------------------------
==23142== /home/student/.valgrindrc was not read as it is either not a regular file,
==23142==     or is world writeable, or is not owned by the current user.
==23142== Memcheck, a memory error detector
==23142== Copyright (C) 2002-2017, and GNU GPL'd, by Julian Seward et al.
==23142== Using Valgrind-3.13.0 and LibVEX; rerun with -h for copyright info
==23142== Command: /home/student/hw-mercan/hw5/hw5_heap_checker/heap_tests/heap_tests --gtest_filter=HeapTest.ThreeElementPush_10_5_0
==23142== 
Running main() from gtest_main.cc
Note: Google Test filter = HeapTest.ThreeElementPush_10_5_0
[==========] Running 1 test from 1 test case.
[----------] Global test environment set-up.
[----------] 1 test from HeapTest
[ RUN      ] HeapTest.ThreeElementPush_10_5_0
[       OK ] HeapTest.ThreeElementPush_10_5_0 (22 ms)
[----------] 1 test from HeapTest (27 ms total)

[----------] Global test environment tear-down
[==========] 1 test from 1 test case ran. (56 ms total)
[  PASSED  ] 1 test.
==23142== 
==23142== HEAP SUMMARY:
==23142==     in use at exit: 72,704 bytes in 1 blocks
==23142==   total heap usage: 331 allocs, 330 frees, 129,467 bytes allocated
==23142== 
==23142== LEAK SUMMARY:
==23142==    definitely lost: 0 bytes in 0 blocks
==23142==    indirectly lost: 0 bytes in 0 blocks
==23142==      possibly lost: 0 bytes in 0 blocks
==23142==    still reachable: 72,704 bytes in 1 blocks
==23142==         suppressed: 0 bytes in 0 blocks
==23142== Reachable blocks (those to which a pointer was found) are not shown.
==23142== To see them, rerun with: --leak-check=full --show-leak-kinds=all
==23142== 
==23142== For counts of detected and suppressed errors, rerun with: -v
==23142== ERROR SUMMARY: 0 errors from 0 contexts (suppressed: 0 from 0)
<end of output>
Test time =   0.72 sec
----------------------------------------------------------
Test Passed.
"HeapTest.ThreeElementPush_10_5_0" end time: Jul 02 17:08 PDT
"HeapTest.ThreeElementPush_10_5_0" time elapsed: 00:00:00
----------------------------------------------------------

18/21 Testing: HeapTest.GreaterComparator
18/21 Test: HeapTest.GreaterComparator
Command: "/usr/bin/valgrind" "--tool=memcheck" "--leak-check=yes" "--trace-children=no" "--error-exitcode=113" "/home/student/hw-mercan/hw5/hw5_heap_checker/heap_tests/heap_tests" "--gtest_filter=HeapTest.GreaterComparator"
Directory: /home/student/hw-mercan/hw5/hw5_heap_checker/heap_tests
"HeapTest.GreaterComparator" start time: Jul 02 17:08 PDT
Output:
----------------------------------------------------------
==23143== /home/student/.valgrindrc was not read as it is either not a regular file,
==23143==     or is world writeable, or is not owned by the current user.
==23143== Memcheck, a memory error detector
==23143== Copyright (C) 2002-2017, and GNU GPL'd, by Julian Seward et al.
==23143== Using Valgrind-3.13.0 and LibVEX; rerun with -h for copyright info
==23143== Command: /home/student/hw-mercan/hw5/hw5_heap_checker/heap_tests/heap_tests --gtest_filter=HeapTest.GreaterComparator
==23143== 
Running main() from gtest_main.cc
Note: Google Test filter = HeapTest.GreaterComparator
[==========] Running 1 test from 1 test case.
[----------] Global test environment set-up.
[----------] 1 test from HeapTest
[ RUN      ] HeapTest.GreaterComparator
[       OK ] HeapTest.GreaterComparator (22 ms)
[----------] 1 test from HeapTest (28 ms total)

[----------] Global test environment tear-down
[==========] 1 test from 1 test case ran. (55 ms total)
[  PASSED  ] 1 test.
==23143== 
==23143== HEAP SUMMARY:
==23143==     in use at exit: 72,704 bytes in 1 blocks
==23143==   total heap usage: 331 allocs, 330 frees, 129,379 bytes allocated
==23143== 
==23143== LEAK SUMMARY:
==23143==    definitely lost: 0 bytes in 0 blocks
==23143==    indirectly lost: 0 bytes in 0 blocks
==23143==      possibly lost: 0 bytes in 0 blocks
==23143==    still reachable: 72,704 bytes in 1 blocks
==23143==         suppressed: 0 bytes in 0 blocks
==23143== Reachable blocks (those to which a pointer was found) are not shown.
==23143== To see them, rerun with: --leak-check=full --show-leak-kinds=all
==23143== 
==23143== For counts of detected and suppressed errors, rerun with: -v
==23143== ERROR SUMMARY: 0 errors from 0 contexts (suppressed: 0 from 0)
<end of output>
Test time =   0.71 sec
----------------------------------------------------------
Test Passed.
"HeapTest.GreaterComparator" end time: Jul 02 17:08 PDT
"HeapTest.GreaterComparator" time elapsed: 00:00:00
----------------------------------------------------------

19/21 Testing: HeapTest.StringStorage
19/21 Test: HeapTest.StringStorage
Command: "/usr/bin/valgrind" "--tool=memcheck" "--leak-check=yes" "--trace-children=no" "--error-exitcode=113" "/home/student/hw-mercan/hw5/hw5_heap_checker/heap_tests/heap_tests" "--gtest_filter=HeapTest.StringStorage"
Directory: /home/student/hw-mercan/hw5/hw5_heap_checker/heap_tests
"HeapTest.StringStorage" start time: Jul 02 17:08 PDT
Output:
----------------------------------------------------------
==23144== /home/student/.valgrindrc was not read as it is either not a regular file,
==23144==     or is world writeable, or is not owned by the current user.
==23144== Memcheck, a memory error detector
==23144== Copyright (C) 2002-2017, and GNU GPL'd, by Julian Seward et al.
==23144== Using Valgrind-3.13.0 and LibVEX; rerun with -h for copyright info
==23144== Command: /home/student/hw-mercan/hw5/hw5_heap_checker/heap_tests/heap_tests --gtest_filter=HeapTest.StringStorage
==23144== 
Running main() from gtest_main.cc
Note: Google Test filter = HeapTest.StringStorage
[==========] Running 1 test from 1 test case.
[----------] Global test environment set-up.
[----------] 1 test from HeapTest
[ RUN      ] HeapTest.StringStorage
[       OK ] HeapTest.StringStorage (25 ms)
[----------] 1 test from HeapTest (30 ms total)

[----------] Global test environment tear-down
[==========] 1 test from 1 test case ran. (58 ms total)
[  PASSED  ] 1 test.
==23144== 
==23144== HEAP SUMMARY:
==23144==     in use at exit: 72,704 bytes in 1 blocks
==23144==   total heap usage: 331 allocs, 330 frees, 129,547 bytes allocated
==23144== 
==23144== LEAK SUMMARY:
==23144==    definitely lost: 0 bytes in 0 blocks
==23144==    indirectly lost: 0 bytes in 0 blocks
==23144==      possibly lost: 0 bytes in 0 blocks
==23144==    still reachable: 72,704 bytes in 1 blocks
==23144==         suppressed: 0 bytes in 0 blocks
==23144== Reachable blocks (those to which a pointer was found) are not shown.
==23144== To see them, rerun with: --leak-check=full --show-leak-kinds=all
==23144== 
==23144== For counts of detected and suppressed errors, rerun with: -v
==23144== ERROR SUMMARY: 0 errors from 0 contexts (suppressed: 0 from 0)
<end of output>
Test time =   0.72 sec
----------------------------------------------------------
Test Passed.
"HeapTest.StringStorage" end time: Jul 02 17:08 PDT
"HeapTest.StringStorage" time elapsed: 00:00:00
----------------------------------------------------------

20/21 Testing: HeapTest.FiveElementPush_TrinaryHeap
20/21 Test: HeapTest.FiveElementPush_TrinaryHeap
Command: "/usr/bin/valgrind" "--tool=memcheck" "--leak-check=yes" "--trace-children=no" "--error-exitcode=113" "/home/student/hw-mercan/hw5/hw5_heap_checker/heap_tests/heap_tests" "--gtest_filter=HeapTest.FiveElementPush_TrinaryHeap"
Directory: /home/student/hw-mercan/hw5/hw5_heap_checker/heap_tests
"HeapTest.FiveElementPush_TrinaryHeap" start time: Jul 02 17:08 PDT
Output:
----------------------------------------------------------
==23145== /home/student/.valgrindrc was not read as it is either not a regular file,
==23145==     or is world writeable, or is not owned by the current user.
==23145== Memcheck, a memory error detector
==23145== Copyright (C) 2002-2017, and GNU GPL'd, by Julian Seward et al.
==23145== Using Valgrind-3.13.0 and LibVEX; rerun with -h for copyright info
==23145== Command: /home/student/hw-mercan/hw5/hw5_heap_checker/heap_tests/heap_tests --gtest_filter=HeapTest.FiveElementPush_TrinaryHeap
==23145== 
Running main() from gtest_main.cc
Note: Google Test filter = HeapTest.FiveElementPush_TrinaryHeap
[==========] Running 1 test from 1 test case.
[----------] Global test environment set-up.
[----------] 1 test from HeapTest
[ RUN      ] HeapTest.FiveElementPush_TrinaryHeap
[       OK ] HeapTest.FiveElementPush_TrinaryHeap (25 ms)
[----------] 1 test from HeapTest (30 ms total)

[----------] Global test environment tear-down
[==========] 1 test from 1 test case ran. (57 ms total)
[  PASSED  ] 1 test.
==23145== 
==23145== HEAP SUMMARY:
==23145==     in use at exit: 72,704 bytes in 1 blocks
==23145==   total heap usage: 332 allocs, 331 frees, 129,619 bytes allocated
==23145== 
==23145== LEAK SUMMARY:
==23145==    definitely lost: 0 bytes in 0 blocks
==23145==    indirectly lost: 0 bytes in 0 blocks
==23145==      possibly lost: 0 bytes in 0 blocks
==23145==    still reachable: 72,704 bytes in 1 blocks
==23145==         suppressed: 0 bytes in 0 blocks
==23145== Reachable blocks (those to which a pointer was found) are not shown.
==23145== To see them, rerun with: --leak-check=full --show-leak-kinds=all
==23145== 
==23145== For counts of detected and suppressed errors, rerun with: -v
==23145== ERROR SUMMARY: 0 errors from 0 contexts (suppressed: 0 from 0)
<end of output>
Test time =   0.71 sec
----------------------------------------------------------
Test Passed.
"HeapTest.FiveElementPush_TrinaryHeap" end time: Jul 02 17:08 PDT
"HeapTest.FiveElementPush_TrinaryHeap" time elapsed: 00:00:00
----------------------------------------------------------

21/21 Testing: HeapStress.50x50RandomElements_QuaternaryHeap
21/21 Test: HeapStress.50x50RandomElements_QuaternaryHeap
Command: "/usr/bin/valgrind" "--tool=memcheck" "--leak-check=yes" "--trace-children=no" "--error-exitcode=113" "/home/student/hw-mercan/hw5/hw5_heap_checker/heap_tests/heap_tests" "--gtest_filter=HeapStress.50x50RandomElements_QuaternaryHeap"
Directory: /home/student/hw-mercan/hw5/hw5_heap_checker/heap_tests
"HeapStress.50x50RandomElements_QuaternaryHeap" start time: Jul 02 17:08 PDT
Output:
----------------------------------------------------------
==23146== /home/student/.valgrindrc was not read as it is either not a regular file,
==23146==     or is world writeable, or is not owned by the current user.
==23146== Memcheck, a memory error detector
==23146== Copyright (C) 2002-2017, and GNU GPL'd, by Julian Seward et al.
==23146== Using Valgrind-3.13.0 and LibVEX; rerun with -h for copyright info
==23146== Command: /home/student/hw-mercan/hw5/hw5_heap_checker/heap_tests/heap_tests --gtest_filter=HeapStress.50x50RandomElements_QuaternaryHeap
==23146== 
Running main() from gtest_main.cc
Note: Google Test filter = HeapStress.50x50RandomElements_QuaternaryHeap
[==========] Running 1 test from 1 test case.
[----------] Global test environment set-up.
[----------] 1 test from HeapStress
[ RUN      ] HeapStress.50x50RandomElements_QuaternaryHeap
[       OK ] HeapStress.50x50RandomElements_QuaternaryHeap (145 ms)
[----------] 1 test from HeapStress (150 ms total)

[----------] Global test environment tear-down
[==========] 1 test from 1 test case ran. (182 ms total)
[  PASSED  ] 1 test.
==23146== 
==23146== HEAP SUMMARY:
==23146==     in use at exit: 72,704 bytes in 1 blocks
==23146==   total heap usage: 829 allocs, 828 frees, 177,421 bytes allocated
==23146== 
==23146== LEAK SUMMARY:
==23146==    definitely lost: 0 bytes in 0 blocks
==23146==    indirectly lost: 0 bytes in 0 blocks
==23146==      possibly lost: 0 bytes in 0 blocks
==23146==    still reachable: 72,704 bytes in 1 blocks
==23146==         suppressed: 0 bytes in 0 blocks
==23146== Reachable blocks (those to which a pointer was found) are not shown.
==23146== To see them, rerun with: --leak-check=full --show-leak-kinds=all
==23146== 
==23146== For counts of detected and suppressed errors, rerun with: -v
==23146== ERROR SUMMARY: 0 errors from 0 contexts (suppressed: 0 from 0)
<end of output>
Test time =   0.85 sec
----------------------------------------------------------
Test Passed.
"HeapStress.50x50RandomElements_QuaternaryHeap" end time: Jul 02 17:08 PDT
"HeapStress.50x50RandomElements_QuaternaryHeap" time elapsed: 00:00:00
----------------------------------------------------------

End testing: Jul 02 17:08 PDT
