Start testing: Jul 01 05:29 PDT
----------------------------------------------------------
1/68 Testing: AndTest.NoHashTags
1/68 Test: AndTest.NoHashTags
Command: "/usr/bin/valgrind" "--tool=memcheck" "--leak-check=yes" "--trace-children=no" "/home/student/hw-mercan/hw5/hw3_tests/search_tests/search_tests" "--gtest_filter=AndTest.NoHashTags"
Directory: /home/student/hw-mercan/hw5/hw3_tests/search_tests
"AndTest.NoHashTags" start time: Jul 01 05:29 PDT
Output:
----------------------------------------------------------
==5766== /home/student/.valgrindrc was not read as it is either not a regular file,
==5766==     or is world writeable, or is not owned by the current user.
==5766== Memcheck, a memory error detector
==5766== Copyright (C) 2002-2017, and GNU GPL'd, by Julian Seward et al.
==5766== Using Valgrind-3.13.0 and LibVEX; rerun with -h for copyright info
==5766== Command: /home/student/hw-mercan/hw5/hw3_tests/search_tests/search_tests --gtest_filter=AndTest.NoHashTags
==5766== 
Running main() from gtest_main.cc
Note: Google Test filter = AndTest.NoHashTags
[==========] Running 1 test from 1 test case.
[----------] Global test environment set-up.
[----------] 1 test from AndTest
[ RUN      ] AndTest.NoHashTags
user:Eric
[       OK ] AndTest.NoHashTags (140 ms)
[----------] 1 test from AndTest (145 ms total)

[----------] Global test environment tear-down
[==========] 1 test from 1 test case ran. (173 ms total)
[  PASSED  ] 1 test.
==5766== 
==5766== HEAP SUMMARY:
==5766==     in use at exit: 72,968 bytes in 12 blocks
==5766==   total heap usage: 452 allocs, 440 frees, 148,357 bytes allocated
==5766== 
==5766== 264 bytes in 11 blocks are definitely lost in loss record 1 of 2
==5766==    at 0x4C2E17F: operator new(unsigned long) (in /usr/lib/valgrind/vgpreload_memcheck-amd64-linux.so)
==5766==    by 0x438D28: TwitEng::parse(char*) (twiteng.cpp:105)
==5766==    by 0x40745E: AndTest_NoHashTags_Test::TestBody() (search_tests.cpp:54)
==5766==    by 0x465C22: void testing::internal::HandleExceptionsInMethodIfSupported<testing::Test, void>(testing::Test*, void (testing::Test::*)(), char const*) (in /home/student/hw-mercan/hw5/hw3_tests/search_tests/search_tests)
==5766==    by 0x45D9E3: testing::Test::Run() [clone .part.368] (in /home/student/hw-mercan/hw5/hw3_tests/search_tests/search_tests)
==5766==    by 0x45DC9C: testing::TestInfo::Run() [clone .part.369] (in /home/student/hw-mercan/hw5/hw3_tests/search_tests/search_tests)
==5766==    by 0x45DE84: testing::TestCase::Run() [clone .part.370] (in /home/student/hw-mercan/hw5/hw3_tests/search_tests/search_tests)
==5766==    by 0x460330: testing::internal::UnitTestImpl::RunAllTests() [clone .part.371] [clone .constprop.426] (in /home/student/hw-mercan/hw5/hw3_tests/search_tests/search_tests)
==5766==    by 0x460740: testing::UnitTest::Run() (in /home/student/hw-mercan/hw5/hw3_tests/search_tests/search_tests)
==5766==    by 0x406A8F: main (in /home/student/hw-mercan/hw5/hw3_tests/search_tests/search_tests)
==5766== 
==5766== LEAK SUMMARY:
==5766==    definitely lost: 264 bytes in 11 blocks
==5766==    indirectly lost: 0 bytes in 0 blocks
==5766==      possibly lost: 0 bytes in 0 blocks
==5766==    still reachable: 72,704 bytes in 1 blocks
==5766==         suppressed: 0 bytes in 0 blocks
==5766== Reachable blocks (those to which a pointer was found) are not shown.
==5766== To see them, rerun with: --leak-check=full --show-leak-kinds=all
==5766== 
==5766== For counts of detected and suppressed errors, rerun with: -v
==5766== ERROR SUMMARY: 1 errors from 1 contexts (suppressed: 0 from 0)
<end of output>
Test time =   0.82 sec
----------------------------------------------------------
Test Passed.
"AndTest.NoHashTags" end time: Jul 01 05:29 PDT
"AndTest.NoHashTags" time elapsed: 00:00:00
----------------------------------------------------------

2/68 Testing: AndTest.MissingHashTags
2/68 Test: AndTest.MissingHashTags
Command: "/usr/bin/valgrind" "--tool=memcheck" "--leak-check=yes" "--trace-children=no" "/home/student/hw-mercan/hw5/hw3_tests/search_tests/search_tests" "--gtest_filter=AndTest.MissingHashTags"
Directory: /home/student/hw-mercan/hw5/hw3_tests/search_tests
"AndTest.MissingHashTags" start time: Jul 01 05:29 PDT
Output:
----------------------------------------------------------
==5767== /home/student/.valgrindrc was not read as it is either not a regular file,
==5767==     or is world writeable, or is not owned by the current user.
==5767== Memcheck, a memory error detector
==5767== Copyright (C) 2002-2017, and GNU GPL'd, by Julian Seward et al.
==5767== Using Valgrind-3.13.0 and LibVEX; rerun with -h for copyright info
==5767== Command: /home/student/hw-mercan/hw5/hw3_tests/search_tests/search_tests --gtest_filter=AndTest.MissingHashTags
==5767== 
Running main() from gtest_main.cc
Note: Google Test filter = AndTest.MissingHashTags
[==========] Running 1 test from 1 test case.
[----------] Global test environment set-up.
[----------] 1 test from AndTest
[ RUN      ] AndTest.MissingHashTags
user:Eric
[       OK ] AndTest.MissingHashTags (155 ms)
[----------] 1 test from AndTest (161 ms total)

[----------] Global test environment tear-down
[==========] 1 test from 1 test case ran. (189 ms total)
[  PASSED  ] 1 test.
==5767== 
==5767== HEAP SUMMARY:
==5767==     in use at exit: 72,968 bytes in 12 blocks
==5767==   total heap usage: 453 allocs, 441 frees, 148,424 bytes allocated
==5767== 
==5767== 264 bytes in 11 blocks are definitely lost in loss record 1 of 2
==5767==    at 0x4C2E17F: operator new(unsigned long) (in /usr/lib/valgrind/vgpreload_memcheck-amd64-linux.so)
==5767==    by 0x438D28: TwitEng::parse(char*) (twiteng.cpp:105)
==5767==    by 0x407778: AndTest_MissingHashTags_Test::TestBody() (search_tests.cpp:71)
==5767==    by 0x465C22: void testing::internal::HandleExceptionsInMethodIfSupported<testing::Test, void>(testing::Test*, void (testing::Test::*)(), char const*) (in /home/student/hw-mercan/hw5/hw3_tests/search_tests/search_tests)
==5767==    by 0x45D9E3: testing::Test::Run() [clone .part.368] (in /home/student/hw-mercan/hw5/hw3_tests/search_tests/search_tests)
==5767==    by 0x45DC9C: testing::TestInfo::Run() [clone .part.369] (in /home/student/hw-mercan/hw5/hw3_tests/search_tests/search_tests)
==5767==    by 0x45DE84: testing::TestCase::Run() [clone .part.370] (in /home/student/hw-mercan/hw5/hw3_tests/search_tests/search_tests)
==5767==    by 0x460330: testing::internal::UnitTestImpl::RunAllTests() [clone .part.371] [clone .constprop.426] (in /home/student/hw-mercan/hw5/hw3_tests/search_tests/search_tests)
==5767==    by 0x460740: testing::UnitTest::Run() (in /home/student/hw-mercan/hw5/hw3_tests/search_tests/search_tests)
==5767==    by 0x406A8F: main (in /home/student/hw-mercan/hw5/hw3_tests/search_tests/search_tests)
==5767== 
==5767== LEAK SUMMARY:
==5767==    definitely lost: 264 bytes in 11 blocks
==5767==    indirectly lost: 0 bytes in 0 blocks
==5767==      possibly lost: 0 bytes in 0 blocks
==5767==    still reachable: 72,704 bytes in 1 blocks
==5767==         suppressed: 0 bytes in 0 blocks
==5767== Reachable blocks (those to which a pointer was found) are not shown.
==5767== To see them, rerun with: --leak-check=full --show-leak-kinds=all
==5767== 
==5767== For counts of detected and suppressed errors, rerun with: -v
==5767== ERROR SUMMARY: 1 errors from 1 contexts (suppressed: 0 from 0)
<end of output>
Test time =   0.86 sec
----------------------------------------------------------
Test Passed.
"AndTest.MissingHashTags" end time: Jul 01 05:29 PDT
"AndTest.MissingHashTags" time elapsed: 00:00:00
----------------------------------------------------------

3/68 Testing: AndTest.TwoHashTags
3/68 Test: AndTest.TwoHashTags
Command: "/usr/bin/valgrind" "--tool=memcheck" "--leak-check=yes" "--trace-children=no" "/home/student/hw-mercan/hw5/hw3_tests/search_tests/search_tests" "--gtest_filter=AndTest.TwoHashTags"
Directory: /home/student/hw-mercan/hw5/hw3_tests/search_tests
"AndTest.TwoHashTags" start time: Jul 01 05:29 PDT
Output:
----------------------------------------------------------
==5768== /home/student/.valgrindrc was not read as it is either not a regular file,
==5768==     or is world writeable, or is not owned by the current user.
==5768== Memcheck, a memory error detector
==5768== Copyright (C) 2002-2017, and GNU GPL'd, by Julian Seward et al.
==5768== Using Valgrind-3.13.0 and LibVEX; rerun with -h for copyright info
==5768== Command: /home/student/hw-mercan/hw5/hw3_tests/search_tests/search_tests --gtest_filter=AndTest.TwoHashTags
==5768== 
Running main() from gtest_main.cc
Note: Google Test filter = AndTest.TwoHashTags
[==========] Running 1 test from 1 test case.
[----------] Global test environment set-up.
[----------] 1 test from AndTest
[ RUN      ] AndTest.TwoHashTags
user:Eric
0
b
A
B
C
D
E
F
G
H
I
J
K
in here
here
1
/home/student/hw-mercan/hw5/hw3_tests/search_tests/search_tests.cpp:44: Failure
Value of: regex_match(s.str(), re)
  Actual: false
Expected: true
/home/student/hw-mercan/hw5/hw3_tests/search_tests/search_tests.cpp:44: Failure
Value of: regex_match(s.str(), re)
  Actual: false
Expected: true
[  FAILED  ] AndTest.TwoHashTags (386 ms)
[----------] 1 test from AndTest (392 ms total)

[----------] Global test environment tear-down
[==========] 1 test from 1 test case ran. (420 ms total)
[  PASSED  ] 0 tests.
[  FAILED  ] 1 test, listed below:
[  FAILED  ] AndTest.TwoHashTags

 1 FAILED TEST
==5768== 
==5768== HEAP SUMMARY:
==5768==     in use at exit: 72,968 bytes in 12 blocks
==5768==   total heap usage: 1,585 allocs, 1,573 frees, 187,943 bytes allocated
==5768== 
==5768== 264 bytes in 11 blocks are definitely lost in loss record 1 of 2
==5768==    at 0x4C2E17F: operator new(unsigned long) (in /usr/lib/valgrind/vgpreload_memcheck-amd64-linux.so)
==5768==    by 0x438D28: TwitEng::parse(char*) (twiteng.cpp:105)
==5768==    by 0x407A44: AndTest_TwoHashTags_Test::TestBody() (search_tests.cpp:86)
==5768==    by 0x465C22: void testing::internal::HandleExceptionsInMethodIfSupported<testing::Test, void>(testing::Test*, void (testing::Test::*)(), char const*) (in /home/student/hw-mercan/hw5/hw3_tests/search_tests/search_tests)
==5768==    by 0x45D9E3: testing::Test::Run() [clone .part.368] (in /home/student/hw-mercan/hw5/hw3_tests/search_tests/search_tests)
==5768==    by 0x45DC9C: testing::TestInfo::Run() [clone .part.369] (in /home/student/hw-mercan/hw5/hw3_tests/search_tests/search_tests)
==5768==    by 0x45DE84: testing::TestCase::Run() [clone .part.370] (in /home/student/hw-mercan/hw5/hw3_tests/search_tests/search_tests)
==5768==    by 0x460330: testing::internal::UnitTestImpl::RunAllTests() [clone .part.371] [clone .constprop.426] (in /home/student/hw-mercan/hw5/hw3_tests/search_tests/search_tests)
==5768==    by 0x460740: testing::UnitTest::Run() (in /home/student/hw-mercan/hw5/hw3_tests/search_tests/search_tests)
==5768==    by 0x406A8F: main (in /home/student/hw-mercan/hw5/hw3_tests/search_tests/search_tests)
==5768== 
==5768== LEAK SUMMARY:
==5768==    definitely lost: 264 bytes in 11 blocks
==5768==    indirectly lost: 0 bytes in 0 blocks
==5768==      possibly lost: 0 bytes in 0 blocks
==5768==    still reachable: 72,704 bytes in 1 blocks
==5768==         suppressed: 0 bytes in 0 blocks
==5768== Reachable blocks (those to which a pointer was found) are not shown.
==5768== To see them, rerun with: --leak-check=full --show-leak-kinds=all
==5768== 
==5768== For counts of detected and suppressed errors, rerun with: -v
==5768== ERROR SUMMARY: 1 errors from 1 contexts (suppressed: 0 from 0)
<end of output>
Test time =   1.08 sec
----------------------------------------------------------
Test Failed.
"AndTest.TwoHashTags" end time: Jul 01 05:29 PDT
"AndTest.TwoHashTags" time elapsed: 00:00:01
----------------------------------------------------------

4/68 Testing: AndTest.OneHashTags
4/68 Test: AndTest.OneHashTags
Command: "/usr/bin/valgrind" "--tool=memcheck" "--leak-check=yes" "--trace-children=no" "/home/student/hw-mercan/hw5/hw3_tests/search_tests/search_tests" "--gtest_filter=AndTest.OneHashTags"
Directory: /home/student/hw-mercan/hw5/hw3_tests/search_tests
"AndTest.OneHashTags" start time: Jul 01 05:29 PDT
Output:
----------------------------------------------------------
==5769== /home/student/.valgrindrc was not read as it is either not a regular file,
==5769==     or is world writeable, or is not owned by the current user.
==5769== Memcheck, a memory error detector
==5769== Copyright (C) 2002-2017, and GNU GPL'd, by Julian Seward et al.
==5769== Using Valgrind-3.13.0 and LibVEX; rerun with -h for copyright info
==5769== Command: /home/student/hw-mercan/hw5/hw3_tests/search_tests/search_tests --gtest_filter=AndTest.OneHashTags
==5769== 
Running main() from gtest_main.cc
Note: Google Test filter = AndTest.OneHashTags
[==========] Running 1 test from 1 test case.
[----------] Global test environment set-up.
[----------] 1 test from AndTest
[ RUN      ] AndTest.OneHashTags
user:Eric
/home/student/hw-mercan/hw5/hw3_tests/search_tests/search_tests.cpp:44: Failure
Value of: regex_match(s.str(), re)
  Actual: false
Expected: true
/home/student/hw-mercan/hw5/hw3_tests/search_tests/search_tests.cpp:44: Failure
Value of: regex_match(s.str(), re)
  Actual: false
Expected: true
/home/student/hw-mercan/hw5/hw3_tests/search_tests/search_tests.cpp:44: Failure
Value of: regex_match(s.str(), re)
  Actual: false
Expected: true
[  FAILED  ] AndTest.OneHashTags (391 ms)
[----------] 1 test from AndTest (397 ms total)

[----------] Global test environment tear-down
[==========] 1 test from 1 test case ran. (421 ms total)
[  PASSED  ] 0 tests.
[  FAILED  ] 1 test, listed below:
[  FAILED  ] AndTest.OneHashTags

 1 FAILED TEST
==5769== 
==5769== HEAP SUMMARY:
==5769==     in use at exit: 72,968 bytes in 12 blocks
==5769==   total heap usage: 2,141 allocs, 2,129 frees, 207,007 bytes allocated
==5769== 
==5769== 264 bytes in 11 blocks are definitely lost in loss record 1 of 2
==5769==    at 0x4C2E17F: operator new(unsigned long) (in /usr/lib/valgrind/vgpreload_memcheck-amd64-linux.so)
==5769==    by 0x438D28: TwitEng::parse(char*) (twiteng.cpp:105)
==5769==    by 0x408056: AndTest_OneHashTags_Test::TestBody() (search_tests.cpp:110)
==5769==    by 0x465C22: void testing::internal::HandleExceptionsInMethodIfSupported<testing::Test, void>(testing::Test*, void (testing::Test::*)(), char const*) (in /home/student/hw-mercan/hw5/hw3_tests/search_tests/search_tests)
==5769==    by 0x45D9E3: testing::Test::Run() [clone .part.368] (in /home/student/hw-mercan/hw5/hw3_tests/search_tests/search_tests)
==5769==    by 0x45DC9C: testing::TestInfo::Run() [clone .part.369] (in /home/student/hw-mercan/hw5/hw3_tests/search_tests/search_tests)
==5769==    by 0x45DE84: testing::TestCase::Run() [clone .part.370] (in /home/student/hw-mercan/hw5/hw3_tests/search_tests/search_tests)
==5769==    by 0x460330: testing::internal::UnitTestImpl::RunAllTests() [clone .part.371] [clone .constprop.426] (in /home/student/hw-mercan/hw5/hw3_tests/search_tests/search_tests)
==5769==    by 0x460740: testing::UnitTest::Run() (in /home/student/hw-mercan/hw5/hw3_tests/search_tests/search_tests)
==5769==    by 0x406A8F: main (in /home/student/hw-mercan/hw5/hw3_tests/search_tests/search_tests)
==5769== 
==5769== LEAK SUMMARY:
==5769==    definitely lost: 264 bytes in 11 blocks
==5769==    indirectly lost: 0 bytes in 0 blocks
==5769==      possibly lost: 0 bytes in 0 blocks
==5769==    still reachable: 72,704 bytes in 1 blocks
==5769==         suppressed: 0 bytes in 0 blocks
==5769== Reachable blocks (those to which a pointer was found) are not shown.
==5769== To see them, rerun with: --leak-check=full --show-leak-kinds=all
==5769== 
==5769== For counts of detected and suppressed errors, rerun with: -v
==5769== ERROR SUMMARY: 1 errors from 1 contexts (suppressed: 0 from 0)
<end of output>
Test time =   1.09 sec
----------------------------------------------------------
Test Failed.
"AndTest.OneHashTags" end time: Jul 01 05:29 PDT
"AndTest.OneHashTags" time elapsed: 00:00:01
----------------------------------------------------------

5/68 Testing: OrTest.NoHashTags
5/68 Test: OrTest.NoHashTags
Command: "/usr/bin/valgrind" "--tool=memcheck" "--leak-check=yes" "--trace-children=no" "/home/student/hw-mercan/hw5/hw3_tests/search_tests/search_tests" "--gtest_filter=OrTest.NoHashTags"
Directory: /home/student/hw-mercan/hw5/hw3_tests/search_tests
"OrTest.NoHashTags" start time: Jul 01 05:29 PDT
Output:
----------------------------------------------------------
==5777== /home/student/.valgrindrc was not read as it is either not a regular file,
==5777==     or is world writeable, or is not owned by the current user.
==5777== Memcheck, a memory error detector
==5777== Copyright (C) 2002-2017, and GNU GPL'd, by Julian Seward et al.
==5777== Using Valgrind-3.13.0 and LibVEX; rerun with -h for copyright info
==5777== Command: /home/student/hw-mercan/hw5/hw3_tests/search_tests/search_tests --gtest_filter=OrTest.NoHashTags
==5777== 
Running main() from gtest_main.cc
Note: Google Test filter = OrTest.NoHashTags
[==========] Running 1 test from 1 test case.
[----------] Global test environment set-up.
[----------] 1 test from OrTest
[ RUN      ] OrTest.NoHashTags
user:Eric
[       OK ] OrTest.NoHashTags (135 ms)
[----------] 1 test from OrTest (141 ms total)

[----------] Global test environment tear-down
[==========] 1 test from 1 test case ran. (166 ms total)
[  PASSED  ] 1 test.
==5777== 
==5777== HEAP SUMMARY:
==5777==     in use at exit: 72,968 bytes in 12 blocks
==5777==   total heap usage: 452 allocs, 440 frees, 148,350 bytes allocated
==5777== 
==5777== 264 bytes in 11 blocks are definitely lost in loss record 1 of 2
==5777==    at 0x4C2E17F: operator new(unsigned long) (in /usr/lib/valgrind/vgpreload_memcheck-amd64-linux.so)
==5777==    by 0x438D28: TwitEng::parse(char*) (twiteng.cpp:105)
==5777==    by 0x408660: OrTest_NoHashTags_Test::TestBody() (search_tests.cpp:136)
==5777==    by 0x465C22: void testing::internal::HandleExceptionsInMethodIfSupported<testing::Test, void>(testing::Test*, void (testing::Test::*)(), char const*) (in /home/student/hw-mercan/hw5/hw3_tests/search_tests/search_tests)
==5777==    by 0x45D9E3: testing::Test::Run() [clone .part.368] (in /home/student/hw-mercan/hw5/hw3_tests/search_tests/search_tests)
==5777==    by 0x45DC9C: testing::TestInfo::Run() [clone .part.369] (in /home/student/hw-mercan/hw5/hw3_tests/search_tests/search_tests)
==5777==    by 0x45DE84: testing::TestCase::Run() [clone .part.370] (in /home/student/hw-mercan/hw5/hw3_tests/search_tests/search_tests)
==5777==    by 0x460330: testing::internal::UnitTestImpl::RunAllTests() [clone .part.371] [clone .constprop.426] (in /home/student/hw-mercan/hw5/hw3_tests/search_tests/search_tests)
==5777==    by 0x460740: testing::UnitTest::Run() (in /home/student/hw-mercan/hw5/hw3_tests/search_tests/search_tests)
==5777==    by 0x406A8F: main (in /home/student/hw-mercan/hw5/hw3_tests/search_tests/search_tests)
==5777== 
==5777== LEAK SUMMARY:
==5777==    definitely lost: 264 bytes in 11 blocks
==5777==    indirectly lost: 0 bytes in 0 blocks
==5777==      possibly lost: 0 bytes in 0 blocks
==5777==    still reachable: 72,704 bytes in 1 blocks
==5777==         suppressed: 0 bytes in 0 blocks
==5777== Reachable blocks (those to which a pointer was found) are not shown.
==5777== To see them, rerun with: --leak-check=full --show-leak-kinds=all
==5777== 
==5777== For counts of detected and suppressed errors, rerun with: -v
==5777== ERROR SUMMARY: 1 errors from 1 contexts (suppressed: 0 from 0)
<end of output>
Test time =   0.82 sec
----------------------------------------------------------
Test Passed.
"OrTest.NoHashTags" end time: Jul 01 05:29 PDT
"OrTest.NoHashTags" time elapsed: 00:00:00
----------------------------------------------------------

6/68 Testing: OrTest.MissingHashTags
6/68 Test: OrTest.MissingHashTags
Command: "/usr/bin/valgrind" "--tool=memcheck" "--leak-check=yes" "--trace-children=no" "/home/student/hw-mercan/hw5/hw3_tests/search_tests/search_tests" "--gtest_filter=OrTest.MissingHashTags"
Directory: /home/student/hw-mercan/hw5/hw3_tests/search_tests
"OrTest.MissingHashTags" start time: Jul 01 05:29 PDT
Output:
----------------------------------------------------------
==5783== /home/student/.valgrindrc was not read as it is either not a regular file,
==5783==     or is world writeable, or is not owned by the current user.
==5783== Memcheck, a memory error detector
==5783== Copyright (C) 2002-2017, and GNU GPL'd, by Julian Seward et al.
==5783== Using Valgrind-3.13.0 and LibVEX; rerun with -h for copyright info
==5783== Command: /home/student/hw-mercan/hw5/hw3_tests/search_tests/search_tests --gtest_filter=OrTest.MissingHashTags
==5783== 
Running main() from gtest_main.cc
Note: Google Test filter = OrTest.MissingHashTags
[==========] Running 1 test from 1 test case.
[----------] Global test environment set-up.
[----------] 1 test from OrTest
[ RUN      ] OrTest.MissingHashTags
user:Eric
[       OK ] OrTest.MissingHashTags (145 ms)
[----------] 1 test from OrTest (150 ms total)

[----------] Global test environment tear-down
[==========] 1 test from 1 test case ran. (175 ms total)
[  PASSED  ] 1 test.
==5783== 
==5783== HEAP SUMMARY:
==5783==     in use at exit: 72,968 bytes in 12 blocks
==5783==   total heap usage: 453 allocs, 441 frees, 148,417 bytes allocated
==5783== 
==5783== 264 bytes in 11 blocks are definitely lost in loss record 1 of 2
==5783==    at 0x4C2E17F: operator new(unsigned long) (in /usr/lib/valgrind/vgpreload_memcheck-amd64-linux.so)
==5783==    by 0x438D28: TwitEng::parse(char*) (twiteng.cpp:105)
==5783==    by 0x40897A: OrTest_MissingHashTags_Test::TestBody() (search_tests.cpp:153)
==5783==    by 0x465C22: void testing::internal::HandleExceptionsInMethodIfSupported<testing::Test, void>(testing::Test*, void (testing::Test::*)(), char const*) (in /home/student/hw-mercan/hw5/hw3_tests/search_tests/search_tests)
==5783==    by 0x45D9E3: testing::Test::Run() [clone .part.368] (in /home/student/hw-mercan/hw5/hw3_tests/search_tests/search_tests)
==5783==    by 0x45DC9C: testing::TestInfo::Run() [clone .part.369] (in /home/student/hw-mercan/hw5/hw3_tests/search_tests/search_tests)
==5783==    by 0x45DE84: testing::TestCase::Run() [clone .part.370] (in /home/student/hw-mercan/hw5/hw3_tests/search_tests/search_tests)
==5783==    by 0x460330: testing::internal::UnitTestImpl::RunAllTests() [clone .part.371] [clone .constprop.426] (in /home/student/hw-mercan/hw5/hw3_tests/search_tests/search_tests)
==5783==    by 0x460740: testing::UnitTest::Run() (in /home/student/hw-mercan/hw5/hw3_tests/search_tests/search_tests)
==5783==    by 0x406A8F: main (in /home/student/hw-mercan/hw5/hw3_tests/search_tests/search_tests)
==5783== 
==5783== LEAK SUMMARY:
==5783==    definitely lost: 264 bytes in 11 blocks
==5783==    indirectly lost: 0 bytes in 0 blocks
==5783==      possibly lost: 0 bytes in 0 blocks
==5783==    still reachable: 72,704 bytes in 1 blocks
==5783==         suppressed: 0 bytes in 0 blocks
==5783== Reachable blocks (those to which a pointer was found) are not shown.
==5783== To see them, rerun with: --leak-check=full --show-leak-kinds=all
==5783== 
==5783== For counts of detected and suppressed errors, rerun with: -v
==5783== ERROR SUMMARY: 1 errors from 1 contexts (suppressed: 0 from 0)
<end of output>
Test time =   0.81 sec
----------------------------------------------------------
Test Passed.
"OrTest.MissingHashTags" end time: Jul 01 05:29 PDT
"OrTest.MissingHashTags" time elapsed: 00:00:00
----------------------------------------------------------

7/68 Testing: OrTest.TwoHashTags
7/68 Test: OrTest.TwoHashTags
Command: "/usr/bin/valgrind" "--tool=memcheck" "--leak-check=yes" "--trace-children=no" "/home/student/hw-mercan/hw5/hw3_tests/search_tests/search_tests" "--gtest_filter=OrTest.TwoHashTags"
Directory: /home/student/hw-mercan/hw5/hw3_tests/search_tests
"OrTest.TwoHashTags" start time: Jul 01 05:29 PDT
Output:
----------------------------------------------------------
==5784== /home/student/.valgrindrc was not read as it is either not a regular file,
==5784==     or is world writeable, or is not owned by the current user.
==5784== Memcheck, a memory error detector
==5784== Copyright (C) 2002-2017, and GNU GPL'd, by Julian Seward et al.
==5784== Using Valgrind-3.13.0 and LibVEX; rerun with -h for copyright info
==5784== Command: /home/student/hw-mercan/hw5/hw3_tests/search_tests/search_tests --gtest_filter=OrTest.TwoHashTags
==5784== 
Running main() from gtest_main.cc
Note: Google Test filter = OrTest.TwoHashTags
[==========] Running 1 test from 1 test case.
[----------] Global test environment set-up.
[----------] 1 test from OrTest
[ RUN      ] OrTest.TwoHashTags
user:Eric
0
b
A
B
C
D
E
F
G
H
I
J
K
in here
here
1
/home/student/hw-mercan/hw5/hw3_tests/search_tests/search_tests.cpp:44: Failure
Value of: regex_match(s.str(), re)
  Actual: false
Expected: true
/home/student/hw-mercan/hw5/hw3_tests/search_tests/search_tests.cpp:44: Failure
Value of: regex_match(s.str(), re)
  Actual: false
Expected: true
/home/student/hw-mercan/hw5/hw3_tests/search_tests/search_tests.cpp:44: Failure
Value of: regex_match(s.str(), re)
  Actual: false
Expected: true
[  FAILED  ] OrTest.TwoHashTags (393 ms)
[----------] 1 test from OrTest (399 ms total)

[----------] Global test environment tear-down
[==========] 1 test from 1 test case ran. (424 ms total)
[  PASSED  ] 0 tests.
[  FAILED  ] 1 test, listed below:
[  FAILED  ] OrTest.TwoHashTags

 1 FAILED TEST
==5784== 
==5784== HEAP SUMMARY:
==5784==     in use at exit: 72,968 bytes in 12 blocks
==5784==   total heap usage: 2,149 allocs, 2,137 frees, 207,352 bytes allocated
==5784== 
==5784== 264 bytes in 11 blocks are definitely lost in loss record 1 of 2
==5784==    at 0x4C2E17F: operator new(unsigned long) (in /usr/lib/valgrind/vgpreload_memcheck-amd64-linux.so)
==5784==    by 0x438D28: TwitEng::parse(char*) (twiteng.cpp:105)
==5784==    by 0x408C46: OrTest_TwoHashTags_Test::TestBody() (search_tests.cpp:168)
==5784==    by 0x465C22: void testing::internal::HandleExceptionsInMethodIfSupported<testing::Test, void>(testing::Test*, void (testing::Test::*)(), char const*) (in /home/student/hw-mercan/hw5/hw3_tests/search_tests/search_tests)
==5784==    by 0x45D9E3: testing::Test::Run() [clone .part.368] (in /home/student/hw-mercan/hw5/hw3_tests/search_tests/search_tests)
==5784==    by 0x45DC9C: testing::TestInfo::Run() [clone .part.369] (in /home/student/hw-mercan/hw5/hw3_tests/search_tests/search_tests)
==5784==    by 0x45DE84: testing::TestCase::Run() [clone .part.370] (in /home/student/hw-mercan/hw5/hw3_tests/search_tests/search_tests)
==5784==    by 0x460330: testing::internal::UnitTestImpl::RunAllTests() [clone .part.371] [clone .constprop.426] (in /home/student/hw-mercan/hw5/hw3_tests/search_tests/search_tests)
==5784==    by 0x460740: testing::UnitTest::Run() (in /home/student/hw-mercan/hw5/hw3_tests/search_tests/search_tests)
==5784==    by 0x406A8F: main (in /home/student/hw-mercan/hw5/hw3_tests/search_tests/search_tests)
==5784== 
==5784== LEAK SUMMARY:
==5784==    definitely lost: 264 bytes in 11 blocks
==5784==    indirectly lost: 0 bytes in 0 blocks
==5784==      possibly lost: 0 bytes in 0 blocks
==5784==    still reachable: 72,704 bytes in 1 blocks
==5784==         suppressed: 0 bytes in 0 blocks
==5784== Reachable blocks (those to which a pointer was found) are not shown.
==5784== To see them, rerun with: --leak-check=full --show-leak-kinds=all
==5784== 
==5784== For counts of detected and suppressed errors, rerun with: -v
==5784== ERROR SUMMARY: 1 errors from 1 contexts (suppressed: 0 from 0)
<end of output>
Test time =   1.08 sec
----------------------------------------------------------
Test Failed.
"OrTest.TwoHashTags" end time: Jul 01 05:29 PDT
"OrTest.TwoHashTags" time elapsed: 00:00:01
----------------------------------------------------------

8/68 Testing: OrTest.OneHashTags
8/68 Test: OrTest.OneHashTags
Command: "/usr/bin/valgrind" "--tool=memcheck" "--leak-check=yes" "--trace-children=no" "/home/student/hw-mercan/hw5/hw3_tests/search_tests/search_tests" "--gtest_filter=OrTest.OneHashTags"
Directory: /home/student/hw-mercan/hw5/hw3_tests/search_tests
"OrTest.OneHashTags" start time: Jul 01 05:29 PDT
Output:
----------------------------------------------------------
==5785== /home/student/.valgrindrc was not read as it is either not a regular file,
==5785==     or is world writeable, or is not owned by the current user.
==5785== Memcheck, a memory error detector
==5785== Copyright (C) 2002-2017, and GNU GPL'd, by Julian Seward et al.
==5785== Using Valgrind-3.13.0 and LibVEX; rerun with -h for copyright info
==5785== Command: /home/student/hw-mercan/hw5/hw3_tests/search_tests/search_tests --gtest_filter=OrTest.OneHashTags
==5785== 
Running main() from gtest_main.cc
Note: Google Test filter = OrTest.OneHashTags
[==========] Running 1 test from 1 test case.
[----------] Global test environment set-up.
[----------] 1 test from OrTest
[ RUN      ] OrTest.OneHashTags
user:Eric
/home/student/hw-mercan/hw5/hw3_tests/search_tests/search_tests.cpp:44: Failure
Value of: regex_match(s.str(), re)
  Actual: false
Expected: true
/home/student/hw-mercan/hw5/hw3_tests/search_tests/search_tests.cpp:44: Failure
Value of: regex_match(s.str(), re)
  Actual: false
Expected: true
/home/student/hw-mercan/hw5/hw3_tests/search_tests/search_tests.cpp:44: Failure
Value of: regex_match(s.str(), re)
  Actual: false
Expected: true
[  FAILED  ] OrTest.OneHashTags (393 ms)
[----------] 1 test from OrTest (400 ms total)

[----------] Global test environment tear-down
[==========] 1 test from 1 test case ran. (424 ms total)
[  PASSED  ] 0 tests.
[  FAILED  ] 1 test, listed below:
[  FAILED  ] OrTest.OneHashTags

 1 FAILED TEST
==5785== 
==5785== HEAP SUMMARY:
==5785==     in use at exit: 72,968 bytes in 12 blocks
==5785==   total heap usage: 2,141 allocs, 2,129 frees, 207,000 bytes allocated
==5785== 
==5785== 264 bytes in 11 blocks are definitely lost in loss record 1 of 2
==5785==    at 0x4C2E17F: operator new(unsigned long) (in /usr/lib/valgrind/vgpreload_memcheck-amd64-linux.so)
==5785==    by 0x438D28: TwitEng::parse(char*) (twiteng.cpp:105)
==5785==    by 0x4092AC: OrTest_OneHashTags_Test::TestBody() (search_tests.cpp:193)
==5785==    by 0x465C22: void testing::internal::HandleExceptionsInMethodIfSupported<testing::Test, void>(testing::Test*, void (testing::Test::*)(), char const*) (in /home/student/hw-mercan/hw5/hw3_tests/search_tests/search_tests)
==5785==    by 0x45D9E3: testing::Test::Run() [clone .part.368] (in /home/student/hw-mercan/hw5/hw3_tests/search_tests/search_tests)
==5785==    by 0x45DC9C: testing::TestInfo::Run() [clone .part.369] (in /home/student/hw-mercan/hw5/hw3_tests/search_tests/search_tests)
==5785==    by 0x45DE84: testing::TestCase::Run() [clone .part.370] (in /home/student/hw-mercan/hw5/hw3_tests/search_tests/search_tests)
==5785==    by 0x460330: testing::internal::UnitTestImpl::RunAllTests() [clone .part.371] [clone .constprop.426] (in /home/student/hw-mercan/hw5/hw3_tests/search_tests/search_tests)
==5785==    by 0x460740: testing::UnitTest::Run() (in /home/student/hw-mercan/hw5/hw3_tests/search_tests/search_tests)
==5785==    by 0x406A8F: main (in /home/student/hw-mercan/hw5/hw3_tests/search_tests/search_tests)
==5785== 
==5785== LEAK SUMMARY:
==5785==    definitely lost: 264 bytes in 11 blocks
==5785==    indirectly lost: 0 bytes in 0 blocks
==5785==      possibly lost: 0 bytes in 0 blocks
==5785==    still reachable: 72,704 bytes in 1 blocks
==5785==         suppressed: 0 bytes in 0 blocks
==5785== Reachable blocks (those to which a pointer was found) are not shown.
==5785== To see them, rerun with: --leak-check=full --show-leak-kinds=all
==5785== 
==5785== For counts of detected and suppressed errors, rerun with: -v
==5785== ERROR SUMMARY: 1 errors from 1 contexts (suppressed: 0 from 0)
<end of output>
Test time =   1.10 sec
----------------------------------------------------------
Test Failed.
"OrTest.OneHashTags" end time: Jul 01 05:29 PDT
"OrTest.OneHashTags" time elapsed: 00:00:01
----------------------------------------------------------

9/68 Testing: OrTest.DoubleTags
9/68 Test: OrTest.DoubleTags
Command: "/usr/bin/valgrind" "--tool=memcheck" "--leak-check=yes" "--trace-children=no" "/home/student/hw-mercan/hw5/hw3_tests/search_tests/search_tests" "--gtest_filter=OrTest.DoubleTags"
Directory: /home/student/hw-mercan/hw5/hw3_tests/search_tests
"OrTest.DoubleTags" start time: Jul 01 05:29 PDT
Output:
----------------------------------------------------------
==5791== /home/student/.valgrindrc was not read as it is either not a regular file,
==5791==     or is world writeable, or is not owned by the current user.
==5791== Memcheck, a memory error detector
==5791== Copyright (C) 2002-2017, and GNU GPL'd, by Julian Seward et al.
==5791== Using Valgrind-3.13.0 and LibVEX; rerun with -h for copyright info
==5791== Command: /home/student/hw-mercan/hw5/hw3_tests/search_tests/search_tests --gtest_filter=OrTest.DoubleTags
==5791== 
Running main() from gtest_main.cc
Note: Google Test filter = OrTest.DoubleTags
[==========] Running 1 test from 1 test case.
[----------] Global test environment set-up.
[----------] 1 test from OrTest
[ RUN      ] OrTest.DoubleTags
user:Eric
/home/student/hw-mercan/hw5/hw3_tests/search_tests/search_tests.cpp:44: Failure
Value of: regex_match(s.str(), re)
  Actual: false
Expected: true
[  FAILED  ] OrTest.DoubleTags (344 ms)
[----------] 1 test from OrTest (349 ms total)

[----------] Global test environment tear-down
[==========] 1 test from 1 test case ran. (377 ms total)
[  PASSED  ] 0 tests.
[  FAILED  ] 1 test, listed below:
[  FAILED  ] OrTest.DoubleTags

 1 FAILED TEST
==5791== 
==5791== HEAP SUMMARY:
==5791==     in use at exit: 72,728 bytes in 2 blocks
==5791==   total heap usage: 824 allocs, 822 frees, 160,112 bytes allocated
==5791== 
==5791== 24 bytes in 1 blocks are definitely lost in loss record 1 of 2
==5791==    at 0x4C2E17F: operator new(unsigned long) (in /usr/lib/valgrind/vgpreload_memcheck-amd64-linux.so)
==5791==    by 0x438D28: TwitEng::parse(char*) (twiteng.cpp:105)
==5791==    by 0x4098BE: OrTest_DoubleTags_Test::TestBody() (search_tests.cpp:219)
==5791==    by 0x465C22: void testing::internal::HandleExceptionsInMethodIfSupported<testing::Test, void>(testing::Test*, void (testing::Test::*)(), char const*) (in /home/student/hw-mercan/hw5/hw3_tests/search_tests/search_tests)
==5791==    by 0x45D9E3: testing::Test::Run() [clone .part.368] (in /home/student/hw-mercan/hw5/hw3_tests/search_tests/search_tests)
==5791==    by 0x45DC9C: testing::TestInfo::Run() [clone .part.369] (in /home/student/hw-mercan/hw5/hw3_tests/search_tests/search_tests)
==5791==    by 0x45DE84: testing::TestCase::Run() [clone .part.370] (in /home/student/hw-mercan/hw5/hw3_tests/search_tests/search_tests)
==5791==    by 0x460330: testing::internal::UnitTestImpl::RunAllTests() [clone .part.371] [clone .constprop.426] (in /home/student/hw-mercan/hw5/hw3_tests/search_tests/search_tests)
==5791==    by 0x460740: testing::UnitTest::Run() (in /home/student/hw-mercan/hw5/hw3_tests/search_tests/search_tests)
==5791==    by 0x406A8F: main (in /home/student/hw-mercan/hw5/hw3_tests/search_tests/search_tests)
==5791== 
==5791== LEAK SUMMARY:
==5791==    definitely lost: 24 bytes in 1 blocks
==5791==    indirectly lost: 0 bytes in 0 blocks
==5791==      possibly lost: 0 bytes in 0 blocks
==5791==    still reachable: 72,704 bytes in 1 blocks
==5791==         suppressed: 0 bytes in 0 blocks
==5791== Reachable blocks (those to which a pointer was found) are not shown.
==5791== To see them, rerun with: --leak-check=full --show-leak-kinds=all
==5791== 
==5791== For counts of detected and suppressed errors, rerun with: -v
==5791== ERROR SUMMARY: 1 errors from 1 contexts (suppressed: 0 from 0)
<end of output>
Test time =   1.04 sec
----------------------------------------------------------
Test Failed.
"OrTest.DoubleTags" end time: Jul 01 05:29 PDT
"OrTest.DoubleTags" time elapsed: 00:00:01
----------------------------------------------------------

10/68 Testing: AndTest.DoubleTags
10/68 Test: AndTest.DoubleTags
Command: "/usr/bin/valgrind" "--tool=memcheck" "--leak-check=yes" "--trace-children=no" "/home/student/hw-mercan/hw5/hw3_tests/search_tests/search_tests" "--gtest_filter=AndTest.DoubleTags"
Directory: /home/student/hw-mercan/hw5/hw3_tests/search_tests
"AndTest.DoubleTags" start time: Jul 01 05:29 PDT
Output:
----------------------------------------------------------
==5800== /home/student/.valgrindrc was not read as it is either not a regular file,
==5800==     or is world writeable, or is not owned by the current user.
==5800== Memcheck, a memory error detector
==5800== Copyright (C) 2002-2017, and GNU GPL'd, by Julian Seward et al.
==5800== Using Valgrind-3.13.0 and LibVEX; rerun with -h for copyright info
==5800== Command: /home/student/hw-mercan/hw5/hw3_tests/search_tests/search_tests --gtest_filter=AndTest.DoubleTags
==5800== 
Running main() from gtest_main.cc
Note: Google Test filter = AndTest.DoubleTags
[==========] Running 1 test from 1 test case.
[----------] Global test environment set-up.
[----------] 1 test from AndTest
[ RUN      ] AndTest.DoubleTags
user:Eric
/home/student/hw-mercan/hw5/hw3_tests/search_tests/search_tests.cpp:44: Failure
Value of: regex_match(s.str(), re)
  Actual: false
Expected: true
[  FAILED  ] AndTest.DoubleTags (336 ms)
[----------] 1 test from AndTest (343 ms total)

[----------] Global test environment tear-down
[==========] 1 test from 1 test case ran. (370 ms total)
[  PASSED  ] 0 tests.
[  FAILED  ] 1 test, listed below:
[  FAILED  ] AndTest.DoubleTags

 1 FAILED TEST
==5800== 
==5800== HEAP SUMMARY:
==5800==     in use at exit: 72,728 bytes in 2 blocks
==5800==   total heap usage: 824 allocs, 822 frees, 160,119 bytes allocated
==5800== 
==5800== 24 bytes in 1 blocks are definitely lost in loss record 1 of 2
==5800==    at 0x4C2E17F: operator new(unsigned long) (in /usr/lib/valgrind/vgpreload_memcheck-amd64-linux.so)
==5800==    by 0x438D28: TwitEng::parse(char*) (twiteng.cpp:105)
==5800==    by 0x409E28: AndTest_DoubleTags_Test::TestBody() (search_tests.cpp:243)
==5800==    by 0x465C22: void testing::internal::HandleExceptionsInMethodIfSupported<testing::Test, void>(testing::Test*, void (testing::Test::*)(), char const*) (in /home/student/hw-mercan/hw5/hw3_tests/search_tests/search_tests)
==5800==    by 0x45D9E3: testing::Test::Run() [clone .part.368] (in /home/student/hw-mercan/hw5/hw3_tests/search_tests/search_tests)
==5800==    by 0x45DC9C: testing::TestInfo::Run() [clone .part.369] (in /home/student/hw-mercan/hw5/hw3_tests/search_tests/search_tests)
==5800==    by 0x45DE84: testing::TestCase::Run() [clone .part.370] (in /home/student/hw-mercan/hw5/hw3_tests/search_tests/search_tests)
==5800==    by 0x460330: testing::internal::UnitTestImpl::RunAllTests() [clone .part.371] [clone .constprop.426] (in /home/student/hw-mercan/hw5/hw3_tests/search_tests/search_tests)
==5800==    by 0x460740: testing::UnitTest::Run() (in /home/student/hw-mercan/hw5/hw3_tests/search_tests/search_tests)
==5800==    by 0x406A8F: main (in /home/student/hw-mercan/hw5/hw3_tests/search_tests/search_tests)
==5800== 
==5800== LEAK SUMMARY:
==5800==    definitely lost: 24 bytes in 1 blocks
==5800==    indirectly lost: 0 bytes in 0 blocks
==5800==      possibly lost: 0 bytes in 0 blocks
==5800==    still reachable: 72,704 bytes in 1 blocks
==5800==         suppressed: 0 bytes in 0 blocks
==5800== Reachable blocks (those to which a pointer was found) are not shown.
==5800== To see them, rerun with: --leak-check=full --show-leak-kinds=all
==5800== 
==5800== For counts of detected and suppressed errors, rerun with: -v
==5800== ERROR SUMMARY: 1 errors from 1 contexts (suppressed: 0 from 0)
<end of output>
Test time =   1.02 sec
----------------------------------------------------------
Test Failed.
"AndTest.DoubleTags" end time: Jul 01 05:29 PDT
"AndTest.DoubleTags" time elapsed: 00:00:01
----------------------------------------------------------

11/68 Testing: SearchRuntime.And
11/68 Test: SearchRuntime.And
Command: "/home/student/hw-mercan/hw5/hw3_tests/search_tests/search_runtime_tests" "--gtest_filter=SearchRuntime.And"
Directory: /home/student/hw-mercan/hw5/hw3_tests/search_tests
"SearchRuntime.And" start time: Jul 01 05:29 PDT
Output:
----------------------------------------------------------
Running main() from gtest_main.cc
Note: Google Test filter = SearchRuntime.And
[==========] Running 1 test from 1 test case.
[----------] Global test environment set-up.
[----------] 1 test from SearchRuntime
[ RUN      ] SearchRuntime.And
user:a
user:b
user:a
user:b
user:a
user:b
user:a
user:b
user:a
user:b
user:a
user:b
>> Evaluating runtime of AND
0
a
A
B
C
D
E
F
G
H
I
J
K
L
M
N
O
P
Q
R
S
T
U
V
W
X
Y
Z
in here
here
1
0
a
A
B
C
D
E
F
G
H
I
J
K
L
M
N
O
P
Q
R
S
T
U
V
W
X
Y
Z
in here
here
1
0
a
A
B
C
D
E
F
G
H
I
J
K
L
M
N
O
P
Q
R
S
T
U
V
W
X
Y
Z
in here
here
1
0
a
A
B
C
D
E
F
G
H
I
J
K
L
M
N
O
P
Q
R
S
T
U
V
W
X
Y
Z
in here
here
1
0
a
A
B
C
D
E
F
G
H
I
J
K
L
M
N
O
P
Q
R
S
T
U
V
W
X
Y
Z
in here
here
1
0
a
A
B
C
D
E
F
G
H
I
J
K
L
M
N
O
P
Q
R
S
T
U
V
W
X
Y
Z
in here
here
1
0
a
A
B
C
D
E
F
G
H
I
J
K
L
M
N
O
P
Q
R
S
T
U
V
W
X
Y
Z
in here
here
1
0
a
A
B
C
D
E
F
G
H
I
J
K
L
M
N
O
P
Q
R
S
T
U
V
W
X
Y
Z
in here
here
1
0
a
A
B
C
D
E
F
G
H
I
J
K
L
M
N
O
P
Q
R
S
T
U
V
W
X
Y
Z
in here
here
1
0
a
A
B
C
D
E
F
G
H
I
J
K
L
M
N
O
P
Q
R
S
T
U
V
W
X
Y
Z
in here
here
1
0
a
A
B
C
D
E
F
G
H
I
J
K
L
M
N
O
P
Q
R
S
T
U
V
W
X
Y
Z
in here
here
1
0
a
A
B
C
D
E
F
G
H
I
J
K
L
M
N
O
P
Q
R
S
T
U
V
W
X
Y
Z
in here
here
1
0
a
A
B
C
D
E
F
G
H
I
J
K
L
M
N
O
P
Q
R
S
T
U
V
W
X
Y
Z
in here
here
1
0
a
A
B
C
D
E
F
G
H
I
J
K
L
M
N
O
P
Q
R
S
T
U
V
W
X
Y
Z
in here
here
1
0
a
A
B
C
D
E
F
G
H
I
J
K
L
M
N
O
P
Q
R
S
T
U
V
W
X
Y
Z
in here
here
1
0
a
A
B
C
D
E
F
G
H
I
J
K
L
M
N
O
P
Q
R
S
T
U
V
W
X
Y
Z
in here
here
1
0
a
A
B
C
D
E
F
G
H
I
J
K
L
M
N
O
P
Q
R
S
T
U
V
W
X
Y
Z
in here
here
1
0
a
A
B
C
D
E
F
G
H
I
J
K
L
M
N
O
P
Q
R
S
T
U
V
W
X
Y
Z
in here
here
1
0
a
A
B
C
D
E
F
G
H
I
J
K
L
M
N
O
P
Q
R
S
T
U
V
W
X
Y
Z
in here
here
1
0
a
A
B
C
D
E
F
G
H
I
J
K
L
M
N
O
P
Q
R
S
T
U
V
W
X
Y
Z
in here
here
1
0
a
A
B
C
D
E
F
G
H
I
J
K
L
M
N
O
P
Q
R
S
T
U
V
W
X
Y
Z
in here
here
1
0
a
A
B
C
D
E
F
G
H
I
J
K
L
M
N
O
P
Q
R
S
T
U
V
W
X
Y
Z
in here
here
1
0
a
A
B
C
D
E
F
G
H
I
J
K
L
M
N
O
P
Q
R
S
T
U
V
W
X
Y
Z
in here
here
1
0
a
A
B
C
D
E
F
G
H
I
J
K
L
M
N
O
P
Q
R
S
T
U
V
W
X
Y
Z
in here
here
1
0
a
A
B
C
D
E
F
G
H
I
J
K
L
M
N
O
P
Q
R
S
T
U
V
W
X
Y
Z
in here
here
1
0
a
A
B
C
D
E
F
G
H
I
J
K
L
M
N
O
P
Q
R
S
T
U
V
W
X
Y
Z
in here
here
1
0
a
A
B
C
D
E
F
G
H
I
J
K
L
M
N
O
P
Q
R
S
T
U
V
W
X
Y
Z
in here
here
1
0
a
A
B
C
D
E
F
G
H
I
J
K
L
M
N
O
P
Q
R
S
T
U
V
W
X
Y
Z
in here
here
1
0
a
A
B
C
D
E
F
G
H
I
J
K
L
M
N
O
P
Q
R
S
T
U
V
W
X
Y
Z
in here
here
1
0
a
A
B
C
D
E
F
G
H
I
J
K
L
M
N
O
P
Q
R
S
T
U
V
W
X
Y
Z
in here
here
1
0
a
A
B
C
D
E
F
G
H
I
J
K
L
M
N
O
P
Q
R
S
T
U
V
W
X
Y
Z
in here
here
1
0
a
A
B
C
D
E
F
G
H
I
J
K
L
M
N
O
P
Q
R
S
T
U
V
W
X
Y
Z
in here
here
1
0
a
A
B
C
D
E
F
G
H
I
J
K
L
M
N
O
P
Q
R
S
T
U
V
W
X
Y
Z
in here
here
1
0
a
A
B
C
D
E
F
G
H
I
J
K
L
M
N
O
P
Q
R
S
T
U
V
W
X
Y
Z
in here
here
1
0
a
A
B
C
D
E
F
G
H
I
J
K
L
M
N
O
P
Q
R
S
T
U
V
W
X
Y
Z
in here
here
1
0
a
A
B
C
D
E
F
G
H
I
J
K
L
M
N
O
P
Q
R
S
T
U
V
W
X
Y
Z
in here
here
1
0
a
A
B
C
D
E
F
G
H
I
J
K
L
M
N
O
P
Q
R
S
T
U
V
W
X
Y
Z
in here
here
1
0
a
A
B
C
D
E
F
G
H
I
J
K
L
M
N
O
P
Q
R
S
T
U
V
W
X
Y
Z
in here
here
1
0
a
A
B
C
D
E
F
G
H
I
J
K
L
M
N
O
P
Q
R
S
T
U
V
W
X
Y
Z
in here
here
1
0
a
A
B
C
D
E
F
G
H
I
J
K
L
M
N
O
P
Q
R
S
T
U
V
W
X
Y
Z
in here
here
1
0
a
A
B
C
D
E
F
G
H
I
J
K
L
M
N
O
P
Q
R
S
T
U
V
W
X
Y
Z
in here
here
1
0
a
A
B
C
D
E
F
G
H
I
J
K
L
M
N
O
P
Q
R
S
T
U
V
W
X
Y
Z
in here
here
1
0
a
A
B
C
D
E
F
G
H
I
J
K
L
M
N
O
P
Q
R
S
T
U
V
W
X
Y
Z
in here
here
1
0
a
A
B
C
D
E
F
G
H
I
J
K
L
M
N
O
P
Q
R
S
T
U
V
W
X
Y
Z
in here
here
1
0
a
A
B
C
D
E
F
G
H
I
J
K
L
M
N
O
P
Q
R
S
T
U
V
W
X
Y
Z
in here
here
1
0
a
A
B
C
D
E
F
G
H
I
J
K
L
M
N
O
P
Q
R
S
T
U
V
W
X
Y
Z
in here
here
1
0
a
A
B
C
D
E
F
G
H
I
J
K
L
M
N
O
P
Q
R
S
T
U
V
W
X
Y
Z
in here
here
1
0
a
A
B
C
D
E
F
G
H
I
J
K
L
M
N
O
P
Q
R
S
T
U
V
W
X
Y
Z
in here
here
1
0
a
A
B
C
D
E
F
G
H
I
J
K
L
M
N
O
P
Q
R
S
T
U
V
W
X
Y
Z
in here
here
1
0
a
A
B
C
D
E
F
G
H
I
J
K
L
M
N
O
P
Q
R
S
T
U
V
W
X
Y
Z
in here
here
1
0
a
A
B
C
D
E
F
G
H
I
J
K
L
M
N
O
P
Q
R
S
T
U
V
W
X
Y
Z
in here
here
1
0
a
A
B
C
D
E
F
G
H
I
J
K
L
M
N
O
P
Q
R
S
T
U
V
W
X
Y
Z
in here
here
1
0
a
A
B
C
D
E
F
G
H
I
J
K
L
M
N
O
P
Q
R
S
T
U
V
W
X
Y
Z
in here
here
1
0
a
A
B
C
D
E
F
G
H
I
J
K
L
M
N
O
P
Q
R
S
T
U
V
W
X
Y
Z
in here
here
1
0
a
A
B
C
D
E
F
G
H
I
J
K
L
M
N
O
P
Q
R
S
T
U
V
W
X
Y
Z
in here
here
1
0
a
A
B
C
D
E
F
G
H
I
J
K
L
M
N
O
P
Q
R
S
T
U
V
W
X
Y
Z
in here
here
1
0
a
A
B
C
D
E
F
G
H
I
J
K
L
M
N
O
P
Q
R
S
T
U
V
W
X
Y
Z
in here
here
1
0
a
A
B
C
D
E
F
G
H
I
J
K
L
M
N
O
P
Q
R
S
T
U
V
W
X
Y
Z
in here
here
1
0
a
A
B
C
D
E
F
G
H
I
J
K
L
M
N
O
P
Q
R
S
T
U
V
W
X
Y
Z
in here
here
1
0
a
A
B
C
D
E
F
G
H
I
J
K
L
M
N
O
P
Q
R
S
T
U
V
W
X
Y
Z
in here
here
1
0
a
A
B
C
D
E
F
G
H
I
J
K
L
M
N
O
P
Q
R
S
T
U
V
W
X
Y
Z
in here
here
1
0
a
A
B
C
D
E
F
G
H
I
J
K
L
M
N
O
P
Q
R
S
T
U
V
W
X
Y
Z
in here
here
1
0
a
A
B
C
D
E
F
G
H
I
J
K
L
M
N
O
P
Q
R
S
T
U
V
W
X
Y
Z
in here
here
1
0
a
A
B
C
D
E
F
G
H
I
J
K
L
M
N
O
P
Q
R
S
T
U
V
W
X
Y
Z
in here
here
1
0
a
A
B
C
D
E
F
G
H
I
J
K
L
M
N
O
P
Q
R
S
T
U
V
W
X
Y
Z
in here
here
1
0
a
A
B
C
D
E
F
G
H
I
J
K
L
M
N
O
P
Q
R
S
T
U
V
W
X
Y
Z
in here
here
1
0
a
A
B
C
D
E
F
G
H
I
J
K
L
M
N
O
P
Q
R
S
T
U
V
W
X
Y
Z
in here
here
1
0
a
A
B
C
D
E
F
G
H
I
J
K
L
M
N
O
P
Q
R
S
T
U
V
W
X
Y
Z
in here
here
1
0
a
A
B
C
D
E
F
G
H
I
J
K
L
M
N
O
P
Q
R
S
T
U
V
W
X
Y
Z
in here
here
1
0
a
A
B
C
D
E
F
G
H
I
J
K
L
M
N
O
P
Q
R
S
T
U
V
W
X
Y
Z
in here
here
1
0
a
A
B
C
D
E
F
G
H
I
J
K
L
M
N
O
P
Q
R
S
T
U
V
W
X
Y
Z
in here
here
1
0
a
A
B
C
D
E
F
G
H
I
J
K
L
M
N
O
P
Q
R
S
T
U
V
W
X
Y
Z
in here
here
1
0
a
A
B
C
D
E
F
G
H
I
J
K
L
M
N
O
P
Q
R
S
T
U
V
W
X
Y
Z
in here
here
1
0
a
A
B
C
D
E
F
G
H
I
J
K
L
M
N
O
P
Q
R
S
T
U
V
W
X
Y
Z
in here
here
1
0
a
A
B
C
D
E
F
G
H
I
J
K
L
M
N
O
P
Q
R
S
T
U
V
W
X
Y
Z
in here
here
1
0
a
A
B
C
D
E
F
G
H
I
J
K
L
M
N
O
P
Q
R
S
T
U
V
W
X
Y
Z
in here
here
1
0
a
A
B
C
D
E
F
G
H
I
J
K
L
M
N
O
P
Q
R
S
T
U
V
W
X
Y
Z
in here
here
1
0
a
A
B
C
D
E
F
G
H
I
J
K
L
M
N
O
P
Q
R
S
T
U
V
W
X
Y
Z
in here
here
1
0
a
A
B
C
D
E
F
G
H
I
J
K
L
M
N
O
P
Q
R
S
T
U
V
W
X
Y
Z
in here
here
1
0
a
A
B
C
D
E
F
G
H
I
J
K
L
M
N
O
P
Q
R
S
T
U
V
W
X
Y
Z
in here
here
1
0
a
A
B
C
D
E
F
G
H
I
J
K
L
M
N
O
P
Q
R
S
T
U
V
W
X
Y
Z
in here
here
1
0
a
A
B
C
D
E
F
G
H
I
J
K
L
M
N
O
P
Q
R
S
T
U
V
W
X
Y
Z
in here
here
1
0
a
A
B
C
D
E
F
G
H
I
J
K
L
M
N
O
P
Q
R
S
T
U
V
W
X
Y
Z
in here
here
1
0
a
A
B
C
D
E
F
G
H
I
J
K
L
M
N
O
P
Q
R
S
T
U
V
W
X
Y
Z
in here
here
1
0
a
A
B
C
D
E
F
G
H
I
J
K
L
M
N
O
P
Q
R
S
T
U
V
W
X
Y
Z
in here
here
1
0
a
A
B
C
D
E
F
G
H
I
J
K
L
M
N
O
P
Q
R
S
T
U
V
W
X
Y
Z
in here
here
1
0
a
A
B
C
D
E
F
G
H
I
J
K
L
M
N
O
P
Q
R
S
T
U
V
W
X
Y
Z
in here
here
1
0
a
A
B
C
D
E
F
G
H
I
J
K
L
M
N
O
P
Q
R
S
T
U
V
W
X
Y
Z
in here
here
1
0
a
A
B
C
D
E
F
G
H
I
J
K
L
M
N
O
P
Q
R
S
T
U
V
W
X
Y
Z
in here
here
1
0
a
A
B
C
D
E
F
G
H
I
J
K
L
M
N
O
P
Q
R
S
T
U
V
W
X
Y
Z
in here
here
1
0
a
A
B
C
D
E
F
G
H
I
J
K
L
M
N
O
P
Q
R
S
T
U
V
W
X
Y
Z
in here
here
1
0
a
A
B
C
D
E
F
G
H
I
J
K
L
M
N
O
P
Q
R
S
T
U
V
W
X
Y
Z
in here
here
1
0
a
A
B
C
D
E
F
G
H
I
J
K
L
M
N
O
P
Q
R
S
T
U
V
W
X
Y
Z
in here
here
1
0
a
A
B
C
D
E
F
G
H
I
J
K
L
M
N
O
P
Q
R
S
T
U
V
W
X
Y
Z
in here
here
1
0
a
A
B
C
D
E
F
G
H
I
J
K
L
M
N
O
P
Q
R
S
T
U
V
W
X
Y
Z
in here
here
1
0
a
A
B
C
D
E
F
G
H
I
J
K
L
M
N
O
P
Q
R
S
T
U
V
W
X
Y
Z
in here
here
1
0
a
A
B
C
D
E
F
G
H
I
J
K
L
M
N
O
P
Q
R
S
T
U
V
W
X
Y
Z
in here
here
1
0
a
A
B
C
D
E
F
G
H
I
J
K
L
M
N
O
P
Q
R
S
T
U
V
W
X
Y
Z
in here
here
1
0
a
A
B
C
D
E
F
G
H
I
J
K
L
M
N
O
P
Q
R
S
T
U
V
W
X
Y
Z
in here
here
1
0
a
A
B
C
D
E
F
G
H
I
J
K
L
M
N
O
P
Q
R
S
T
U
V
W
X
Y
Z
in here
here
1
0
a
A
B
C
D
E
F
G
H
I
J
K
L
M
N
O
P
Q
R
S
T
U
V
W
X
Y
Z
in here
here
1
0
a
A
B
C
D
E
F
G
H
I
J
K
L
M
N
O
P
Q
R
S
T
U
V
W
X
Y
Z
in here
here
1
0
a
A
B
C
D
E
F
G
H
I
J
K
L
M
N
O
P
Q
R
S
T
U
V
W
X
Y
Z
in here
here
1
0
a
A
B
C
D
E
F
G
H
I
J
K
L
M
N
O
P
Q
R
S
T
U
V
W
X
Y
Z
in here
here
1
0
a
A
B
C
D
E
F
G
H
I
J
K
L
M
N
O
P
Q
R
S
T
U
V
W
X
Y
Z
in here
here
1
0
a
A
B
C
D
E
F
G
H
I
J
K
L
M
N
O
P
Q
R
S
T
U
V
W
X
Y
Z
in here
here
1
0
a
A
B
C
D
E
F
G
H
I
J
K
L
M
N
O
P
Q
R
S
T
U
V
W
X
Y
Z
in here
here
1
0
a
A
B
C
D
E
F
G
H
I
J
K
L
M
N
O
P
Q
R
S
T
U
V
W
X
Y
Z
in here
here
1
0
a
A
B
C
D
E
F
G
H
I
J
K
L
M
N
O
P
Q
R
S
T
U
V
W
X
Y
Z
in here
here
1
0
a
A
B
C
D
E
F
G
H
I
J
K
L
M
N
O
P
Q
R
S
T
U
V
W
X
Y
Z
in here
here
1
0
a
A
B
C
D
E
F
G
H
I
J
K
L
M
N
O
P
Q
R
S
T
U
V
W
X
Y
Z
in here
here
1
0
a
A
B
C
D
E
F
G
H
I
J
K
L
M
N
O
P
Q
R
S
T
U
V
W
X
Y
Z
in here
here
1
0
a
A
B
C
D
E
F
G
H
I
J
K
L
M
N
O
P
Q
R
S
T
U
V
W
X
Y
Z
in here
here
1
0
a
A
B
C
D
E
F
G
H
I
J
K
L
M
N
O
P
Q
R
S
T
U
V
W
X
Y
Z
in here
here
1
0
a
A
B
C
D
E
F
G
H
I
J
K
L
M
N
O
P
Q
R
S
T
U
V
W
X
Y
Z
in here
here
1
0
a
A
B
C
D
E
F
G
H
I
J
K
L
M
N
O
P
Q
R
S
T
U
V
W
X
Y
Z
in here
here
1
0
a
A
B
C
D
E
F
G
H
I
J
K
L
M
N
O
P
Q
R
S
T
U
V
W
X
Y
Z
in here
here
1
0
a
A
B
C
D
E
F
G
H
I
J
K
L
M
N
O
P
Q
R
S
T
U
V
W
X
Y
Z
in here
here
1
0
a
A
B
C
D
E
F
G
H
I
J
K
L
M
N
O
P
Q
R
S
T
U
V
W
X
Y
Z
in here
here
1
0
a
A
B
C
D
E
F
G
H
I
J
K
L
M
N
O
P
Q
R
S
T
U
V
W
X
Y
Z
in here
here
1
0
a
A
B
C
D
E
F
G
H
I
J
K
L
M
N
O
P
Q
R
S
T
U
V
W
X
Y
Z
in here
here
1
0
a
A
B
C
D
E
F
G
H
I
J
K
L
M
N
O
P
Q
R
S
T
U
V
W
X
Y
Z
in here
here
1
0
a
A
B
C
D
E
F
G
H
I
J
K
L
M
N
O
P
Q
R
S
T
U
V
W
X
Y
Z
in here
here
1
0
a
A
B
C
D
E
F
G
H
I
J
K
L
M
N
O
P
Q
R
S
T
U
V
W
X
Y
Z
in here
here
1
0
a
A
B
C
D
E
F
G
H
I
J
K
L
M
N
O
P
Q
R
S
T
U
V
W
X
Y
Z
in here
here
1
0
a
A
B
C
D
E
F
G
H
I
J
K
L
M
N
O
P
Q
R
S
T
U
V
W
X
Y
Z
in here
here
1
0
a
A
B
C
D
E
F
G
H
I
J
K
L
M
N
O
P
Q
R
S
T
U
V
W
X
Y
Z
in here
here
1
0
a
A
B
C
D
E
F
G
H
I
J
K
L
M
N
O
P
Q
R
S
T
U
V
W
X
Y
Z
in here
here
1
0
a
A
B
C
D
E
F
G
H
I
J
K
L
M
N
O
P
Q
R
S
T
U
V
W
X
Y
Z
in here
here
1
0
a
A
B
C
D
E
F
G
H
I
J
K
L
M
N
O
P
Q
R
S
T
U
V
W
X
Y
Z
in here
here
1
0
a
A
B
C
D
E
F
G
H
I
J
K
L
M
N
O
P
Q
R
S
T
U
V
W
X
Y
Z
in here
here
1
0
a
A
B
C
D
E
F
G
H
I
J
K
L
M
N
O
P
Q
R
S
T
U
V
W
X
Y
Z
in here
here
1
0
a
A
B
C
D
E
F
G
H
I
J
K
L
M
N
O
P
Q
R
S
T
U
V
W
X
Y
Z
in here
here
1
0
a
A
B
C
D
E
F
G
H
I
J
K
L
M
N
O
P
Q
R
S
T
U
V
W
X
Y
Z
in here
here
1
0
a
A
B
C
D
E
F
G
H
I
J
K
L
M
N
O
P
Q
R
S
T
U
V
W
X
Y
Z
in here
here
1
0
a
A
B
C
D
E
F
G
H
I
J
K
L
M
N
O
P
Q
R
S
T
U
V
W
X
Y
Z
in here
here
1
0
a
A
B
C
D
E
F
G
H
I
J
K
L
M
N
O
P
Q
R
S
T
U
V
W
X
Y
Z
in here
here
1
0
a
A
B
C
D
E
F
G
H
I
J
K
L
M
N
O
P
Q
R
S
T
U
V
W
X
Y
Z
in here
here
1
0
a
A
B
C
D
E
F
G
H
I
J
K
L
M
N
O
P
Q
R
S
T
U
V
W
X
Y
Z
in here
here
1
0
a
A
B
C
D
E
F
G
H
I
J
K
L
M
N
O
P
Q
R
S
T
U
V
W
X
Y
Z
in here
here
1
0
a
A
B
C
D
E
F
G
H
I
J
K
L
M
N
O
P
Q
R
S
T
U
V
W
X
Y
Z
in here
here
1
0
a
A
B
C
D
E
F
G
H
I
J
K
L
M
N
O
P
Q
R
S
T
U
V
W
X
Y
Z
in here
here
1
0
a
A
B
C
D
E
F
G
H
I
J
K
L
M
N
O
P
Q
R
S
T
U
V
W
X
Y
Z
in here
here
1
0
a
A
B
C
D
E
F
G
H
I
J
K
L
M
N
O
P
Q
R
S
T
U
V
W
X
Y
Z
in here
here
1
0
a
A
B
C
D
E
F
G
H
I
J
K
L
M
N
O
P
Q
R
S
T
U
V
W
X
Y
Z
in here
here
1
0
a
A
B
C
D
E
F
G
H
I
J
K
L
M
N
O
P
Q
R
S
T
U
V
W
X
Y
Z
in here
here
1
0
a
A
B
C
D
E
F
G
H
I
J
K
L
M
N
O
P
Q
R
S
T
U
V
W
X
Y
Z
in here
here
1
0
a
A
B
C
D
E
F
G
H
I
J
K
L
M
N
O
P
Q
R
S
T
U
V
W
X
Y
Z
in here
here
1
0
a
A
B
C
D
E
F
G
H
I
J
K
L
M
N
O
P
Q
R
S
T
U
V
W
X
Y
Z
in here
here
1
0
a
A
B
C
D
E
F
G
H
I
J
K
L
M
N
O
P
Q
R
S
T
U
V
W
X
Y
Z
in here
here
1
0
a
A
B
C
D
E
F
G
H
I
J
K
L
M
N
O
P
Q
R
S
T
U
V
W
X
Y
Z
in here
here
1
0
a
A
B
C
D
E
F
G
H
I
J
K
L
M
N
O
P
Q
R
S
T
U
V
W
X
Y
Z
in here
here
1
0
a
A
B
C
D
E
F
G
H
I
J
K
L
M
N
O
P
Q
R
S
T
U
V
W
X
Y
Z
in here
here
1
0
a
A
B
C
D
E
F
G
H
I
J
K
L
M
N
O
P
Q
R
S
T
U
V
W
X
Y
Z
in here
here
1
0
a
A
B
C
D
E
F
G
H
I
J
K
L
M
N
O
P
Q
R
S
T
U
V
W
X
Y
Z
in here
here
1
0
a
A
B
C
D
E
F
G
H
I
J
K
L
M
N
O
P
Q
R
S
T
U
V
W
X
Y
Z
in here
here
1
0
a
A
B
C
D
E
F
G
H
I
J
K
L
M
N
O
P
Q
R
S
T
U
V
W
X
Y
Z
in here
here
1
0
a
A
B
C
D
E
F
G
H
I
J
K
L
M
N
O
P
Q
R
S
T
U
V
W
X
Y
Z
in here
here
1
0
a
A
B
C
D
E
F
G
H
I
J
K
L
M
N
O
P
Q
R
S
T
U
V
W
X
Y
Z
in here
here
1
0
a
A
B
C
D
E
F
G
H
I
J
K
L
M
N
O
P
Q
R
S
T
U
V
W
X
Y
Z
in here
here
1
0
a
A
B
C
D
E
F
G
H
I
J
K
L
M
N
O
P
Q
R
S
T
U
V
W
X
Y
Z
in here
here
1
0
a
A
B
C
D
E
F
G
H
I
J
K
L
M
N
O
P
Q
R
S
T
U
V
W
X
Y
Z
in here
here
1
0
a
A
B
C
D
E
F
G
H
I
J
K
L
M
N
O
P
Q
R
S
T
U
V
W
X
Y
Z
in here
here
1
0
a
A
B
C
D
E
F
G
H
I
J
K
L
M
N
O
P
Q
R
S
T
U
V
W
X
Y
Z
in here
here
1
0
a
A
B
C
D
E
F
G
H
I
J
K
L
M
N
O
P
Q
R
S
T
U
V
W
X
Y
Z
in here
here
1
0
a
A
B
C
D
E
F
G
H
I
J
K
L
M
N
O
P
Q
R
S
T
U
V
W
X
Y
Z
in here
here
1
0
a
A
B
C
D
E
F
G
H
I
J
K
L
M
N
O
P
Q
R
S
T
U
V
W
X
Y
Z
in here
here
1
0
a
A
B
C
D
E
F
G
H
I
J
K
L
M
N
O
P
Q
R
S
T
U
V
W
X
Y
Z
in here
here
1
0
a
A
B
C
D
E
F
G
H
I
J
K
L
M
N
O
P
Q
R
S
T
U
V
W
X
Y
Z
in here
here
1
0
a
A
B
C
D
E
F
G
H
I
J
K
L
M
N
O
P
Q
R
S
T
U
V
W
X
Y
Z
in here
here
1
0
a
A
B
C
D
E
F
G
H
I
J
K
L
M
N
O
P
Q
R
S
T
U
V
W
X
Y
Z
in here
here
1
0
a
A
B
C
D
E
F
G
H
I
J
K
L
M
N
O
P
Q
R
S
T
U
V
W
X
Y
Z
in here
here
1
0
a
A
B
C
D
E
F
G
H
I
J
K
L
M
N
O
P
Q
R
S
T
U
V
W
X
Y
Z
in here
here
1
0
a
A
B
C
D
E
F
G
H
I
J
K
L
M
N
O
P
Q
R
S
T
U
V
W
X
Y
Z
in here
here
1
0
a
A
B
C
D
E
F
G
H
I
J
K
L
M
N
O
P
Q
R
S
T
U
V
W
X
Y
Z
in here
here
1
0
a
A
B
C
D
E
F
G
H
I
J
K
L
M
N
O
P
Q
R
S
T
U
V
W
X
Y
Z
in here
here
1
0
a
A
B
C
D
E
F
G
H
I
J
K
L
M
N
O
P
Q
R
S
T
U
V
W
X
Y
Z
in here
here
1
0
a
A
B
C
D
E
F
G
H
I
J
K
L
M
N
O
P
Q
R
S
T
U
V
W
X
Y
Z
in here
here
1
0
a
A
B
C
D
E
F
G
H
I
J
K
L
M
N
O
P
Q
R
S
T
U
V
W
X
Y
Z
in here
here
1
0
a
A
B
C
D
E
F
G
H
I
J
K
L
M
N
O
P
Q
R
S
T
U
V
W
X
Y
Z
in here
here
1
Testing if time complexity could be linear...
Correlation factor (2.2665) is >= threshold (1.4000)
>> Time complexity of AND is likely linear
Testing if time complexity could be constant...
Correlation factor (-2.3823) is < threshold (1.4000)
Testing if time complexity could be logarithmic...
Correlation factor (-0.9552) is < threshold (1.4000)
Testing if time complexity could be linearithmic...
Correlation factor (-0.2290) is < threshold (1.4000)
Testing if time complexity could be quadratic...
Correlation factor (0.8190) is < threshold (1.4000)
Testing if time complexity could be cubic...
Correlation factor (0.4567) is < threshold (1.4000)
[       OK ] SearchRuntime.And (1528 ms)
[----------] 1 test from SearchRuntime (1528 ms total)

[----------] Global test environment tear-down
[==========] 1 test from 1 test case ran. (1528 ms total)
[  PASSED  ] 1 test.
<end of output>
Test time =   1.53 sec
----------------------------------------------------------
Test Passed.
"SearchRuntime.And" end time: Jul 01 05:29 PDT
"SearchRuntime.And" time elapsed: 00:00:01
----------------------------------------------------------

12/68 Testing: SearchRuntime.Or
12/68 Test: SearchRuntime.Or
Command: "/home/student/hw-mercan/hw5/hw3_tests/search_tests/search_runtime_tests" "--gtest_filter=SearchRuntime.Or"
Directory: /home/student/hw-mercan/hw5/hw3_tests/search_tests
"SearchRuntime.Or" start time: Jul 01 05:29 PDT
Output:
----------------------------------------------------------
Running main() from gtest_main.cc
Note: Google Test filter = SearchRuntime.Or
[==========] Running 1 test from 1 test case.
[----------] Global test environment set-up.
[----------] 1 test from SearchRuntime
[ RUN      ] SearchRuntime.Or
user:a
user:b
user:a
user:b
user:a
user:b
user:a
user:b
user:a
user:b
user:a
user:b
>> Evaluating runtime of OR
0
a
A
B
C
D
E
F
G
H
I
J
K
L
M
N
O
P
Q
R
S
T
U
V
W
X
Y
Z
in here
here
1
0
a
A
B
C
D
E
F
G
H
I
J
K
L
M
N
O
P
Q
R
S
T
U
V
W
X
Y
Z
in here
here
1
0
a
A
B
C
D
E
F
G
H
I
J
K
L
M
N
O
P
Q
R
S
T
U
V
W
X
Y
Z
in here
here
1
0
a
A
B
C
D
E
F
G
H
I
J
K
L
M
N
O
P
Q
R
S
T
U
V
W
X
Y
Z
in here
here
1
0
a
A
B
C
D
E
F
G
H
I
J
K
L
M
N
O
P
Q
R
S
T
U
V
W
X
Y
Z
in here
here
1
0
a
A
B
C
D
E
F
G
H
I
J
K
L
M
N
O
P
Q
R
S
T
U
V
W
X
Y
Z
in here
here
1
0
a
A
B
C
D
E
F
G
H
I
J
K
L
M
N
O
P
Q
R
S
T
U
V
W
X
Y
Z
in here
here
1
0
a
A
B
C
D
E
F
G
H
I
J
K
L
M
N
O
P
Q
R
S
T
U
V
W
X
Y
Z
in here
here
1
0
a
A
B
C
D
E
F
G
H
I
J
K
L
M
N
O
P
Q
R
S
T
U
V
W
X
Y
Z
in here
here
1
0
a
A
B
C
D
E
F
G
H
I
J
K
L
M
N
O
P
Q
R
S
T
U
V
W
X
Y
Z
in here
here
1
0
a
A
B
C
D
E
F
G
H
I
J
K
L
M
N
O
P
Q
R
S
T
U
V
W
X
Y
Z
in here
here
1
0
a
A
B
C
D
E
F
G
H
I
J
K
L
M
N
O
P
Q
R
S
T
U
V
W
X
Y
Z
in here
here
1
0
a
A
B
C
D
E
F
G
H
I
J
K
L
M
N
O
P
Q
R
S
T
U
V
W
X
Y
Z
in here
here
1
0
a
A
B
C
D
E
F
G
H
I
J
K
L
M
N
O
P
Q
R
S
T
U
V
W
X
Y
Z
in here
here
1
0
a
A
B
C
D
E
F
G
H
I
J
K
L
M
N
O
P
Q
R
S
T
U
V
W
X
Y
Z
in here
here
1
0
a
A
B
C
D
E
F
G
H
I
J
K
L
M
N
O
P
Q
R
S
T
U
V
W
X
Y
Z
in here
here
1
0
a
A
B
C
D
E
F
G
H
I
J
K
L
M
N
O
P
Q
R
S
T
U
V
W
X
Y
Z
in here
here
1
0
a
A
B
C
D
E
F
G
H
I
J
K
L
M
N
O
P
Q
R
S
T
U
V
W
X
Y
Z
in here
here
1
0
a
A
B
C
D
E
F
G
H
I
J
K
L
M
N
O
P
Q
R
S
T
U
V
W
X
Y
Z
in here
here
1
0
a
A
B
C
D
E
F
G
H
I
J
K
L
M
N
O
P
Q
R
S
T
U
V
W
X
Y
Z
in here
here
1
0
a
A
B
C
D
E
F
G
H
I
J
K
L
M
N
O
P
Q
R
S
T
U
V
W
X
Y
Z
in here
here
1
0
a
A
B
C
D
E
F
G
H
I
J
K
L
M
N
O
P
Q
R
S
T
U
V
W
X
Y
Z
in here
here
1
0
a
A
B
C
D
E
F
G
H
I
J
K
L
M
N
O
P
Q
R
S
T
U
V
W
X
Y
Z
in here
here
1
0
a
A
B
C
D
E
F
G
H
I
J
K
L
M
N
O
P
Q
R
S
T
U
V
W
X
Y
Z
in here
here
1
0
a
A
B
C
D
E
F
G
H
I
J
K
L
M
N
O
P
Q
R
S
T
U
V
W
X
Y
Z
in here
here
1
0
a
A
B
C
D
E
F
G
H
I
J
K
L
M
N
O
P
Q
R
S
T
U
V
W
X
Y
Z
in here
here
1
0
a
A
B
C
D
E
F
G
H
I
J
K
L
M
N
O
P
Q
R
S
T
U
V
W
X
Y
Z
in here
here
1
0
a
A
B
C
D
E
F
G
H
I
J
K
L
M
N
O
P
Q
R
S
T
U
V
W
X
Y
Z
in here
here
1
0
a
A
B
C
D
E
F
G
H
I
J
K
L
M
N
O
P
Q
R
S
T
U
V
W
X
Y
Z
in here
here
1
0
a
A
B
C
D
E
F
G
H
I
J
K
L
M
N
O
P
Q
R
S
T
U
V
W
X
Y
Z
in here
here
1
0
a
A
B
C
D
E
F
G
H
I
J
K
L
M
N
O
P
Q
R
S
T
U
V
W
X
Y
Z
in here
here
1
0
a
A
B
C
D
E
F
G
H
I
J
K
L
M
N
O
P
Q
R
S
T
U
V
W
X
Y
Z
in here
here
1
0
a
A
B
C
D
E
F
G
H
I
J
K
L
M
N
O
P
Q
R
S
T
U
V
W
X
Y
Z
in here
here
1
0
a
A
B
C
D
E
F
G
H
I
J
K
L
M
N
O
P
Q
R
S
T
U
V
W
X
Y
Z
in here
here
1
0
a
A
B
C
D
E
F
G
H
I
J
K
L
M
N
O
P
Q
R
S
T
U
V
W
X
Y
Z
in here
here
1
0
a
A
B
C
D
E
F
G
H
I
J
K
L
M
N
O
P
Q
R
S
T
U
V
W
X
Y
Z
in here
here
1
0
a
A
B
C
D
E
F
G
H
I
J
K
L
M
N
O
P
Q
R
S
T
U
V
W
X
Y
Z
in here
here
1
0
a
A
B
C
D
E
F
G
H
I
J
K
L
M
N
O
P
Q
R
S
T
U
V
W
X
Y
Z
in here
here
1
0
a
A
B
C
D
E
F
G
H
I
J
K
L
M
N
O
P
Q
R
S
T
U
V
W
X
Y
Z
in here
here
1
0
a
A
B
C
D
E
F
G
H
I
J
K
L
M
N
O
P
Q
R
S
T
U
V
W
X
Y
Z
in here
here
1
0
a
A
B
C
D
E
F
G
H
I
J
K
L
M
N
O
P
Q
R
S
T
U
V
W
X
Y
Z
in here
here
1
0
a
A
B
C
D
E
F
G
H
I
J
K
L
M
N
O
P
Q
R
S
T
U
V
W
X
Y
Z
in here
here
1
0
a
A
B
C
D
E
F
G
H
I
J
K
L
M
N
O
P
Q
R
S
T
U
V
W
X
Y
Z
in here
here
1
0
a
A
B
C
D
E
F
G
H
I
J
K
L
M
N
O
P
Q
R
S
T
U
V
W
X
Y
Z
in here
here
1
0
a
A
B
C
D
E
F
G
H
I
J
K
L
M
N
O
P
Q
R
S
T
U
V
W
X
Y
Z
in here
here
1
0
a
A
B
C
D
E
F
G
H
I
J
K
L
M
N
O
P
Q
R
S
T
U
V
W
X
Y
Z
in here
here
1
0
a
A
B
C
D
E
F
G
H
I
J
K
L
M
N
O
P
Q
R
S
T
U
V
W
X
Y
Z
in here
here
1
0
a
A
B
C
D
E
F
G
H
I
J
K
L
M
N
O
P
Q
R
S
T
U
V
W
X
Y
Z
in here
here
1
0
a
A
B
C
D
E
F
G
H
I
J
K
L
M
N
O
P
Q
R
S
T
U
V
W
X
Y
Z
in here
here
1
0
a
A
B
C
D
E
F
G
H
I
J
K
L
M
N
O
P
Q
R
S
T
U
V
W
X
Y
Z
in here
here
1
0
a
A
B
C
D
E
F
G
H
I
J
K
L
M
N
O
P
Q
R
S
T
U
V
W
X
Y
Z
in here
here
1
0
a
A
B
C
D
E
F
G
H
I
J
K
L
M
N
O
P
Q
R
S
T
U
V
W
X
Y
Z
in here
here
1
0
a
A
B
C
D
E
F
G
H
I
J
K
L
M
N
O
P
Q
R
S
T
U
V
W
X
Y
Z
in here
here
1
0
a
A
B
C
D
E
F
G
H
I
J
K
L
M
N
O
P
Q
R
S
T
U
V
W
X
Y
Z
in here
here
1
0
a
A
B
C
D
E
F
G
H
I
J
K
L
M
N
O
P
Q
R
S
T
U
V
W
X
Y
Z
in here
here
1
0
a
A
B
C
D
E
F
G
H
I
J
K
L
M
N
O
P
Q
R
S
T
U
V
W
X
Y
Z
in here
here
1
0
a
A
B
C
D
E
F
G
H
I
J
K
L
M
N
O
P
Q
R
S
T
U
V
W
X
Y
Z
in here
here
1
0
a
A
B
C
D
E
F
G
H
I
J
K
L
M
N
O
P
Q
R
S
T
U
V
W
X
Y
Z
in here
here
1
0
a
A
B
C
D
E
F
G
H
I
J
K
L
M
N
O
P
Q
R
S
T
U
V
W
X
Y
Z
in here
here
1
0
a
A
B
C
D
E
F
G
H
I
J
K
L
M
N
O
P
Q
R
S
T
U
V
W
X
Y
Z
in here
here
1
0
a
A
B
C
D
E
F
G
H
I
J
K
L
M
N
O
P
Q
R
S
T
U
V
W
X
Y
Z
in here
here
1
0
a
A
B
C
D
E
F
G
H
I
J
K
L
M
N
O
P
Q
R
S
T
U
V
W
X
Y
Z
in here
here
1
0
a
A
B
C
D
E
F
G
H
I
J
K
L
M
N
O
P
Q
R
S
T
U
V
W
X
Y
Z
in here
here
1
0
a
A
B
C
D
E
F
G
H
I
J
K
L
M
N
O
P
Q
R
S
T
U
V
W
X
Y
Z
in here
here
1
0
a
A
B
C
D
E
F
G
H
I
J
K
L
M
N
O
P
Q
R
S
T
U
V
W
X
Y
Z
in here
here
1
0
a
A
B
C
D
E
F
G
H
I
J
K
L
M
N
O
P
Q
R
S
T
U
V
W
X
Y
Z
in here
here
1
0
a
A
B
C
D
E
F
G
H
I
J
K
L
M
N
O
P
Q
R
S
T
U
V
W
X
Y
Z
in here
here
1
0
a
A
B
C
D
E
F
G
H
I
J
K
L
M
N
O
P
Q
R
S
T
U
V
W
X
Y
Z
in here
here
1
0
a
A
B
C
D
E
F
G
H
I
J
K
L
M
N
O
P
Q
R
S
T
U
V
W
X
Y
Z
in here
here
1
0
a
A
B
C
D
E
F
G
H
I
J
K
L
M
N
O
P
Q
R
S
T
U
V
W
X
Y
Z
in here
here
1
0
a
A
B
C
D
E
F
G
H
I
J
K
L
M
N
O
P
Q
R
S
T
U
V
W
X
Y
Z
in here
here
1
0
a
A
B
C
D
E
F
G
H
I
J
K
L
M
N
O
P
Q
R
S
T
U
V
W
X
Y
Z
in here
here
1
0
a
A
B
C
D
E
F
G
H
I
J
K
L
M
N
O
P
Q
R
S
T
U
V
W
X
Y
Z
in here
here
1
0
a
A
B
C
D
E
F
G
H
I
J
K
L
M
N
O
P
Q
R
S
T
U
V
W
X
Y
Z
in here
here
1
0
a
A
B
C
D
E
F
G
H
I
J
K
L
M
N
O
P
Q
R
S
T
U
V
W
X
Y
Z
in here
here
1
0
a
A
B
C
D
E
F
G
H
I
J
K
L
M
N
O
P
Q
R
S
T
U
V
W
X
Y
Z
in here
here
1
0
a
A
B
C
D
E
F
G
H
I
J
K
L
M
N
O
P
Q
R
S
T
U
V
W
X
Y
Z
in here
here
1
0
a
A
B
C
D
E
F
G
H
I
J
K
L
M
N
O
P
Q
R
S
T
U
V
W
X
Y
Z
in here
here
1
0
a
A
B
C
D
E
F
G
H
I
J
K
L
M
N
O
P
Q
R
S
T
U
V
W
X
Y
Z
in here
here
1
0
a
A
B
C
D
E
F
G
H
I
J
K
L
M
N
O
P
Q
R
S
T
U
V
W
X
Y
Z
in here
here
1
0
a
A
B
C
D
E
F
G
H
I
J
K
L
M
N
O
P
Q
R
S
T
U
V
W
X
Y
Z
in here
here
1
0
a
A
B
C
D
E
F
G
H
I
J
K
L
M
N
O
P
Q
R
S
T
U
V
W
X
Y
Z
in here
here
1
0
a
A
B
C
D
E
F
G
H
I
J
K
L
M
N
O
P
Q
R
S
T
U
V
W
X
Y
Z
in here
here
1
0
a
A
B
C
D
E
F
G
H
I
J
K
L
M
N
O
P
Q
R
S
T
U
V
W
X
Y
Z
in here
here
1
0
a
A
B
C
D
E
F
G
H
I
J
K
L
M
N
O
P
Q
R
S
T
U
V
W
X
Y
Z
in here
here
1
0
a
A
B
C
D
E
F
G
H
I
J
K
L
M
N
O
P
Q
R
S
T
U
V
W
X
Y
Z
in here
here
1
0
a
A
B
C
D
E
F
G
H
I
J
K
L
M
N
O
P
Q
R
S
T
U
V
W
X
Y
Z
in here
here
1
0
a
A
B
C
D
E
F
G
H
I
J
K
L
M
N
O
P
Q
R
S
T
U
V
W
X
Y
Z
in here
here
1
0
a
A
B
C
D
E
F
G
H
I
J
K
L
M
N
O
P
Q
R
S
T
U
V
W
X
Y
Z
in here
here
1
0
a
A
B
C
D
E
F
G
H
I
J
K
L
M
N
O
P
Q
R
S
T
U
V
W
X
Y
Z
in here
here
1
0
a
A
B
C
D
E
F
G
H
I
J
K
L
M
N
O
P
Q
R
S
T
U
V
W
X
Y
Z
in here
here
1
0
a
A
B
C
D
E
F
G
H
I
J
K
L
M
N
O
P
Q
R
S
T
U
V
W
X
Y
Z
in here
here
1
0
a
A
B
C
D
E
F
G
H
I
J
K
L
M
N
O
P
Q
R
S
T
U
V
W
X
Y
Z
in here
here
1
0
a
A
B
C
D
E
F
G
H
I
J
K
L
M
N
O
P
Q
R
S
T
U
V
W
X
Y
Z
in here
here
1
0
a
A
B
C
D
E
F
G
H
I
J
K
L
M
N
O
P
Q
R
S
T
U
V
W
X
Y
Z
in here
here
1
0
a
A
B
C
D
E
F
G
H
I
J
K
L
M
N
O
P
Q
R
S
T
U
V
W
X
Y
Z
in here
here
1
0
a
A
B
C
D
E
F
G
H
I
J
K
L
M
N
O
P
Q
R
S
T
U
V
W
X
Y
Z
in here
here
1
0
a
A
B
C
D
E
F
G
H
I
J
K
L
M
N
O
P
Q
R
S
T
U
V
W
X
Y
Z
in here
here
1
0
a
A
B
C
D
E
F
G
H
I
J
K
L
M
N
O
P
Q
R
S
T
U
V
W
X
Y
Z
in here
here
1
0
a
A
B
C
D
E
F
G
H
I
J
K
L
M
N
O
P
Q
R
S
T
U
V
W
X
Y
Z
in here
here
1
0
a
A
B
C
D
E
F
G
H
I
J
K
L
M
N
O
P
Q
R
S
T
U
V
W
X
Y
Z
in here
here
1
0
a
A
B
C
D
E
F
G
H
I
J
K
L
M
N
O
P
Q
R
S
T
U
V
W
X
Y
Z
in here
here
1
0
a
A
B
C
D
E
F
G
H
I
J
K
L
M
N
O
P
Q
R
S
T
U
V
W
X
Y
Z
in here
here
1
0
a
A
B
C
D
E
F
G
H
I
J
K
L
M
N
O
P
Q
R
S
T
U
V
W
X
Y
Z
in here
here
1
0
a
A
B
C
D
E
F
G
H
I
J
K
L
M
N
O
P
Q
R
S
T
U
V
W
X
Y
Z
in here
here
1
0
a
A
B
C
D
E
F
G
H
I
J
K
L
M
N
O
P
Q
R
S
T
U
V
W
X
Y
Z
in here
here
1
0
a
A
B
C
D
E
F
G
H
I
J
K
L
M
N
O
P
Q
R
S
T
U
V
W
X
Y
Z
in here
here
1
0
a
A
B
C
D
E
F
G
H
I
J
K
L
M
N
O
P
Q
R
S
T
U
V
W
X
Y
Z
in here
here
1
0
a
A
B
C
D
E
F
G
H
I
J
K
L
M
N
O
P
Q
R
S
T
U
V
W
X
Y
Z
in here
here
1
0
a
A
B
C
D
E
F
G
H
I
J
K
L
M
N
O
P
Q
R
S
T
U
V
W
X
Y
Z
in here
here
1
0
a
A
B
C
D
E
F
G
H
I
J
K
L
M
N
O
P
Q
R
S
T
U
V
W
X
Y
Z
in here
here
1
0
a
A
B
C
D
E
F
G
H
I
J
K
L
M
N
O
P
Q
R
S
T
U
V
W
X
Y
Z
in here
here
1
0
a
A
B
C
D
E
F
G
H
I
J
K
L
M
N
O
P
Q
R
S
T
U
V
W
X
Y
Z
in here
here
1
0
a
A
B
C
D
E
F
G
H
I
J
K
L
M
N
O
P
Q
R
S
T
U
V
W
X
Y
Z
in here
here
1
0
a
A
B
C
D
E
F
G
H
I
J
K
L
M
N
O
P
Q
R
S
T
U
V
W
X
Y
Z
in here
here
1
0
a
A
B
C
D
E
F
G
H
I
J
K
L
M
N
O
P
Q
R
S
T
U
V
W
X
Y
Z
in here
here
1
0
a
A
B
C
D
E
F
G
H
I
J
K
L
M
N
O
P
Q
R
S
T
U
V
W
X
Y
Z
in here
here
1
0
a
A
B
C
D
E
F
G
H
I
J
K
L
M
N
O
P
Q
R
S
T
U
V
W
X
Y
Z
in here
here
1
0
a
A
B
C
D
E
F
G
H
I
J
K
L
M
N
O
P
Q
R
S
T
U
V
W
X
Y
Z
in here
here
1
0
a
A
B
C
D
E
F
G
H
I
J
K
L
M
N
O
P
Q
R
S
T
U
V
W
X
Y
Z
in here
here
1
0
a
A
B
C
D
E
F
G
H
I
J
K
L
M
N
O
P
Q
R
S
T
U
V
W
X
Y
Z
in here
here
1
0
a
A
B
C
D
E
F
G
H
I
J
K
L
M
N
O
P
Q
R
S
T
U
V
W
X
Y
Z
in here
here
1
0
a
A
B
C
D
E
F
G
H
I
J
K
L
M
N
O
P
Q
R
S
T
U
V
W
X
Y
Z
in here
here
1
0
a
A
B
C
D
E
F
G
H
I
J
K
L
M
N
O
P
Q
R
S
T
U
V
W
X
Y
Z
in here
here
1
0
a
A
B
C
D
E
F
G
H
I
J
K
L
M
N
O
P
Q
R
S
T
U
V
W
X
Y
Z
in here
here
1
0
a
A
B
C
D
E
F
G
H
I
J
K
L
M
N
O
P
Q
R
S
T
U
V
W
X
Y
Z
in here
here
1
0
a
A
B
C
D
E
F
G
H
I
J
K
L
M
N
O
P
Q
R
S
T
U
V
W
X
Y
Z
in here
here
1
0
a
A
B
C
D
E
F
G
H
I
J
K
L
M
N
O
P
Q
R
S
T
U
V
W
X
Y
Z
in here
here
1
0
a
A
B
C
D
E
F
G
H
I
J
K
L
M
N
O
P
Q
R
S
T
U
V
W
X
Y
Z
in here
here
1
0
a
A
B
C
D
E
F
G
H
I
J
K
L
M
N
O
P
Q
R
S
T
U
V
W
X
Y
Z
in here
here
1
0
a
A
B
C
D
E
F
G
H
I
J
K
L
M
N
O
P
Q
R
S
T
U
V
W
X
Y
Z
in here
here
1
0
a
A
B
C
D
E
F
G
H
I
J
K
L
M
N
O
P
Q
R
S
T
U
V
W
X
Y
Z
in here
here
1
0
a
A
B
C
D
E
F
G
H
I
J
K
L
M
N
O
P
Q
R
S
T
U
V
W
X
Y
Z
in here
here
1
0
a
A
B
C
D
E
F
G
H
I
J
K
L
M
N
O
P
Q
R
S
T
U
V
W
X
Y
Z
in here
here
1
0
a
A
B
C
D
E
F
G
H
I
J
K
L
M
N
O
P
Q
R
S
T
U
V
W
X
Y
Z
in here
here
1
0
a
A
B
C
D
E
F
G
H
I
J
K
L
M
N
O
P
Q
R
S
T
U
V
W
X
Y
Z
in here
here
1
0
a
A
B
C
D
E
F
G
H
I
J
K
L
M
N
O
P
Q
R
S
T
U
V
W
X
Y
Z
in here
here
1
0
a
A
B
C
D
E
F
G
H
I
J
K
L
M
N
O
P
Q
R
S
T
U
V
W
X
Y
Z
in here
here
1
0
a
A
B
C
D
E
F
G
H
I
J
K
L
M
N
O
P
Q
R
S
T
U
V
W
X
Y
Z
in here
here
1
0
a
A
B
C
D
E
F
G
H
I
J
K
L
M
N
O
P
Q
R
S
T
U
V
W
X
Y
Z
in here
here
1
0
a
A
B
C
D
E
F
G
H
I
J
K
L
M
N
O
P
Q
R
S
T
U
V
W
X
Y
Z
in here
here
1
0
a
A
B
C
D
E
F
G
H
I
J
K
L
M
N
O
P
Q
R
S
T
U
V
W
X
Y
Z
in here
here
1
0
a
A
B
C
D
E
F
G
H
I
J
K
L
M
N
O
P
Q
R
S
T
U
V
W
X
Y
Z
in here
here
1
0
a
A
B
C
D
E
F
G
H
I
J
K
L
M
N
O
P
Q
R
S
T
U
V
W
X
Y
Z
in here
here
1
0
a
A
B
C
D
E
F
G
H
I
J
K
L
M
N
O
P
Q
R
S
T
U
V
W
X
Y
Z
in here
here
1
0
a
A
B
C
D
E
F
G
H
I
J
K
L
M
N
O
P
Q
R
S
T
U
V
W
X
Y
Z
in here
here
1
0
a
A
B
C
D
E
F
G
H
I
J
K
L
M
N
O
P
Q
R
S
T
U
V
W
X
Y
Z
in here
here
1
0
a
A
B
C
D
E
F
G
H
I
J
K
L
M
N
O
P
Q
R
S
T
U
V
W
X
Y
Z
in here
here
1
0
a
A
B
C
D
E
F
G
H
I
J
K
L
M
N
O
P
Q
R
S
T
U
V
W
X
Y
Z
in here
here
1
0
a
A
B
C
D
E
F
G
H
I
J
K
L
M
N
O
P
Q
R
S
T
U
V
W
X
Y
Z
in here
here
1
0
a
A
B
C
D
E
F
G
H
I
J
K
L
M
N
O
P
Q
R
S
T
U
V
W
X
Y
Z
in here
here
1
0
a
A
B
C
D
E
F
G
H
I
J
K
L
M
N
O
P
Q
R
S
T
U
V
W
X
Y
Z
in here
here
1
0
a
A
B
C
D
E
F
G
H
I
J
K
L
M
N
O
P
Q
R
S
T
U
V
W
X
Y
Z
in here
here
1
0
a
A
B
C
D
E
F
G
H
I
J
K
L
M
N
O
P
Q
R
S
T
U
V
W
X
Y
Z
in here
here
1
0
a
A
B
C
D
E
F
G
H
I
J
K
L
M
N
O
P
Q
R
S
T
U
V
W
X
Y
Z
in here
here
1
0
a
A
B
C
D
E
F
G
H
I
J
K
L
M
N
O
P
Q
R
S
T
U
V
W
X
Y
Z
in here
here
1
0
a
A
B
C
D
E
F
G
H
I
J
K
L
M
N
O
P
Q
R
S
T
U
V
W
X
Y
Z
in here
here
1
0
a
A
B
C
D
E
F
G
H
I
J
K
L
M
N
O
P
Q
R
S
T
U
V
W
X
Y
Z
in here
here
1
0
a
A
B
C
D
E
F
G
H
I
J
K
L
M
N
O
P
Q
R
S
T
U
V
W
X
Y
Z
in here
here
1
0
a
A
B
C
D
E
F
G
H
I
J
K
L
M
N
O
P
Q
R
S
T
U
V
W
X
Y
Z
in here
here
1
0
a
A
B
C
D
E
F
G
H
I
J
K
L
M
N
O
P
Q
R
S
T
U
V
W
X
Y
Z
in here
here
1
0
a
A
B
C
D
E
F
G
H
I
J
K
L
M
N
O
P
Q
R
S
T
U
V
W
X
Y
Z
in here
here
1
0
a
A
B
C
D
E
F
G
H
I
J
K
L
M
N
O
P
Q
R
S
T
U
V
W
X
Y
Z
in here
here
1
0
a
A
B
C
D
E
F
G
H
I
J
K
L
M
N
O
P
Q
R
S
T
U
V
W
X
Y
Z
in here
here
1
0
a
A
B
C
D
E
F
G
H
I
J
K
L
M
N
O
P
Q
R
S
T
U
V
W
X
Y
Z
in here
here
1
0
a
A
B
C
D
E
F
G
H
I
J
K
L
M
N
O
P
Q
R
S
T
U
V
W
X
Y
Z
in here
here
1
0
a
A
B
C
D
E
F
G
H
I
J
K
L
M
N
O
P
Q
R
S
T
U
V
W
X
Y
Z
in here
here
1
0
a
A
B
C
D
E
F
G
H
I
J
K
L
M
N
O
P
Q
R
S
T
U
V
W
X
Y
Z
in here
here
1
0
a
A
B
C
D
E
F
G
H
I
J
K
L
M
N
O
P
Q
R
S
T
U
V
W
X
Y
Z
in here
here
1
0
a
A
B
C
D
E
F
G
H
I
J
K
L
M
N
O
P
Q
R
S
T
U
V
W
X
Y
Z
in here
here
1
0
a
A
B
C
D
E
F
G
H
I
J
K
L
M
N
O
P
Q
R
S
T
U
V
W
X
Y
Z
in here
here
1
0
a
A
B
C
D
E
F
G
H
I
J
K
L
M
N
O
P
Q
R
S
T
U
V
W
X
Y
Z
in here
here
1
0
a
A
B
C
D
E
F
G
H
I
J
K
L
M
N
O
P
Q
R
S
T
U
V
W
X
Y
Z
in here
here
1
0
a
A
B
C
D
E
F
G
H
I
J
K
L
M
N
O
P
Q
R
S
T
U
V
W
X
Y
Z
in here
here
1
0
a
A
B
C
D
E
F
G
H
I
J
K
L
M
N
O
P
Q
R
S
T
U
V
W
X
Y
Z
in here
here
1
0
a
A
B
C
D
E
F
G
H
I
J
K
L
M
N
O
P
Q
R
S
T
U
V
W
X
Y
Z
in here
here
1
0
a
A
B
C
D
E
F
G
H
I
J
K
L
M
N
O
P
Q
R
S
T
U
V
W
X
Y
Z
in here
here
1
0
a
A
B
C
D
E
F
G
H
I
J
K
L
M
N
O
P
Q
R
S
T
U
V
W
X
Y
Z
in here
here
1
0
a
A
B
C
D
E
F
G
H
I
J
K
L
M
N
O
P
Q
R
S
T
U
V
W
X
Y
Z
in here
here
1
0
a
A
B
C
D
E
F
G
H
I
J
K
L
M
N
O
P
Q
R
S
T
U
V
W
X
Y
Z
in here
here
1
Testing if time complexity could be linear...
Correlation factor (2.9616) is >= threshold (1.4000)
>> Time complexity of OR is likely linear
Testing if time complexity could be constant...
Correlation factor (-3.4107) is < threshold (1.4000)
Testing if time complexity could be logarithmic...
Correlation factor (-0.9548) is < threshold (1.4000)
Testing if time complexity could be linearithmic...
Correlation factor (-0.0009) is < threshold (1.4000)
Testing if time complexity could be quadratic...
Correlation factor (0.8068) is < threshold (1.4000)
Testing if time complexity could be cubic...
Correlation factor (0.4549) is < threshold (1.4000)
[       OK ] SearchRuntime.Or (2827 ms)
[----------] 1 test from SearchRuntime (2827 ms total)

[----------] Global test environment tear-down
[==========] 1 test from 1 test case ran. (2827 ms total)
[  PASSED  ] 1 test.
<end of output>
Test time =   2.83 sec
----------------------------------------------------------
Test Passed.
"SearchRuntime.Or" end time: Jul 01 05:29 PDT
"SearchRuntime.Or" time elapsed: 00:00:02
----------------------------------------------------------

13/68 Testing: AndHandlerTest.CanHandle
13/68 Test: AndHandlerTest.CanHandle
Command: "/usr/bin/valgrind" "--tool=memcheck" "--leak-check=yes" "--trace-children=no" "/home/student/hw-mercan/hw5/hw3_tests/handler_tests/handlers_tests" "--gtest_filter=AndHandlerTest.CanHandle"
Directory: /home/student/hw-mercan/hw5/hw3_tests/handler_tests
"AndHandlerTest.CanHandle" start time: Jul 01 05:29 PDT
Output:
----------------------------------------------------------
==5823== /home/student/.valgrindrc was not read as it is either not a regular file,
==5823==     or is world writeable, or is not owned by the current user.
==5823== Memcheck, a memory error detector
==5823== Copyright (C) 2002-2017, and GNU GPL'd, by Julian Seward et al.
==5823== Using Valgrind-3.13.0 and LibVEX; rerun with -h for copyright info
==5823== Command: /home/student/hw-mercan/hw5/hw3_tests/handler_tests/handlers_tests --gtest_filter=AndHandlerTest.CanHandle
==5823== 
Running main() from gtest_main.cc
Note: Google Test filter = AndHandlerTest.CanHandle
[==========] Running 1 test from 1 test case.
[----------] Global test environment set-up.
[----------] 1 test from AndHandlerTest
[ RUN      ] AndHandlerTest.CanHandle
[       OK ] AndHandlerTest.CanHandle (7 ms)
[----------] 1 test from AndHandlerTest (13 ms total)

[----------] Global test environment tear-down
[==========] 1 test from 1 test case ran. (38 ms total)
[  PASSED  ] 1 test.
==5823== 
==5823== HEAP SUMMARY:
==5823==     in use at exit: 72,704 bytes in 1 blocks
==5823==   total heap usage: 341 allocs, 340 frees, 127,640 bytes allocated
==5823== 
==5823== LEAK SUMMARY:
==5823==    definitely lost: 0 bytes in 0 blocks
==5823==    indirectly lost: 0 bytes in 0 blocks
==5823==      possibly lost: 0 bytes in 0 blocks
==5823==    still reachable: 72,704 bytes in 1 blocks
==5823==         suppressed: 0 bytes in 0 blocks
==5823== Reachable blocks (those to which a pointer was found) are not shown.
==5823== To see them, rerun with: --leak-check=full --show-leak-kinds=all
==5823== 
==5823== For counts of detected and suppressed errors, rerun with: -v
==5823== ERROR SUMMARY: 0 errors from 0 contexts (suppressed: 0 from 0)
<end of output>
Test time =   0.69 sec
----------------------------------------------------------
Test Passed.
"AndHandlerTest.CanHandle" end time: Jul 01 05:29 PDT
"AndHandlerTest.CanHandle" time elapsed: 00:00:00
----------------------------------------------------------

14/68 Testing: AndHandlerTest.ProcessAndOneHashtag
14/68 Test: AndHandlerTest.ProcessAndOneHashtag
Command: "/usr/bin/valgrind" "--tool=memcheck" "--leak-check=yes" "--trace-children=no" "/home/student/hw-mercan/hw5/hw3_tests/handler_tests/handlers_tests" "--gtest_filter=AndHandlerTest.ProcessAndOneHashtag"
Directory: /home/student/hw-mercan/hw5/hw3_tests/handler_tests
"AndHandlerTest.ProcessAndOneHashtag" start time: Jul 01 05:29 PDT
Output:
----------------------------------------------------------
==5824== /home/student/.valgrindrc was not read as it is either not a regular file,
==5824==     or is world writeable, or is not owned by the current user.
==5824== Memcheck, a memory error detector
==5824== Copyright (C) 2002-2017, and GNU GPL'd, by Julian Seward et al.
==5824== Using Valgrind-3.13.0 and LibVEX; rerun with -h for copyright info
==5824== Command: /home/student/hw-mercan/hw5/hw3_tests/handler_tests/handlers_tests --gtest_filter=AndHandlerTest.ProcessAndOneHashtag
==5824== 
Running main() from gtest_main.cc
Note: Google Test filter = AndHandlerTest.ProcessAndOneHashtag
[==========] Running 1 test from 1 test case.
[----------] Global test environment set-up.
[----------] 1 test from AndHandlerTest
[ RUN      ] AndHandlerTest.ProcessAndOneHashtag
user:Eric
/home/student/hw-mercan/hw5/hw3_tests/handler_tests/handler_tests.cpp:49: Failure
Value of: line2
  Actual: "3 matches:"
Expected: line1
Which is: "2019-5-20 12:34:58 Eric #c #d #e #f #g #h #i #j #k  "
[  FAILED  ] AndHandlerTest.ProcessAndOneHashtag (221 ms)
[----------] 1 test from AndHandlerTest (229 ms total)

[----------] Global test environment tear-down
[==========] 1 test from 1 test case ran. (258 ms total)
[  PASSED  ] 0 tests.
[  FAILED  ] 1 test, listed below:
[  FAILED  ] AndHandlerTest.ProcessAndOneHashtag

 1 FAILED TEST
==5824== 
==5824== HEAP SUMMARY:
==5824==     in use at exit: 72,968 bytes in 12 blocks
==5824==   total heap usage: 624 allocs, 612 frees, 198,208 bytes allocated
==5824== 
==5824== 264 bytes in 11 blocks are definitely lost in loss record 1 of 2
==5824==    at 0x4C2E17F: operator new(unsigned long) (in /usr/lib/valgrind/vgpreload_memcheck-amd64-linux.so)
==5824==    by 0x4375F2: TwitEng::parse(char*) (twiteng.cpp:105)
==5824==    by 0x4071D7: processCommand(std::vector<std::__cxx11::basic_string<char, std::char_traits<char>, std::allocator<char> >, std::allocator<std::__cxx11::basic_string<char, std::char_traits<char>, std::allocator<char> > > >, int, Handler*, TwitEng) (handler_tests.cpp:27)
==5824==    by 0x4079E4: AndHandlerTest_ProcessAndOneHashtag_Test::TestBody() (handler_tests.cpp:65)
==5824==    by 0x465532: void testing::internal::HandleExceptionsInMethodIfSupported<testing::Test, void>(testing::Test*, void (testing::Test::*)(), char const*) (in /home/student/hw-mercan/hw5/hw3_tests/handler_tests/handlers_tests)
==5824==    by 0x45D2F3: testing::Test::Run() [clone .part.368] (in /home/student/hw-mercan/hw5/hw3_tests/handler_tests/handlers_tests)
==5824==    by 0x45D5AC: testing::TestInfo::Run() [clone .part.369] (in /home/student/hw-mercan/hw5/hw3_tests/handler_tests/handlers_tests)
==5824==    by 0x45D794: testing::TestCase::Run() [clone .part.370] (in /home/student/hw-mercan/hw5/hw3_tests/handler_tests/handlers_tests)
==5824==    by 0x45FC40: testing::internal::UnitTestImpl::RunAllTests() [clone .part.371] [clone .constprop.426] (in /home/student/hw-mercan/hw5/hw3_tests/handler_tests/handlers_tests)
==5824==    by 0x460050: testing::UnitTest::Run() (in /home/student/hw-mercan/hw5/hw3_tests/handler_tests/handlers_tests)
==5824==    by 0x406CCF: main (in /home/student/hw-mercan/hw5/hw3_tests/handler_tests/handlers_tests)
==5824== 
==5824== LEAK SUMMARY:
==5824==    definitely lost: 264 bytes in 11 blocks
==5824==    indirectly lost: 0 bytes in 0 blocks
==5824==      possibly lost: 0 bytes in 0 blocks
==5824==    still reachable: 72,704 bytes in 1 blocks
==5824==         suppressed: 0 bytes in 0 blocks
==5824== Reachable blocks (those to which a pointer was found) are not shown.
==5824== To see them, rerun with: --leak-check=full --show-leak-kinds=all
==5824== 
==5824== For counts of detected and suppressed errors, rerun with: -v
==5824== ERROR SUMMARY: 1 errors from 1 contexts (suppressed: 0 from 0)
<end of output>
Test time =   0.93 sec
----------------------------------------------------------
Test Failed.
"AndHandlerTest.ProcessAndOneHashtag" end time: Jul 01 05:29 PDT
"AndHandlerTest.ProcessAndOneHashtag" time elapsed: 00:00:00
----------------------------------------------------------

15/68 Testing: AndHandlerTest.ProcessAndTwoHashtags
15/68 Test: AndHandlerTest.ProcessAndTwoHashtags
Command: "/usr/bin/valgrind" "--tool=memcheck" "--leak-check=yes" "--trace-children=no" "/home/student/hw-mercan/hw5/hw3_tests/handler_tests/handlers_tests" "--gtest_filter=AndHandlerTest.ProcessAndTwoHashtags"
Directory: /home/student/hw-mercan/hw5/hw3_tests/handler_tests
"AndHandlerTest.ProcessAndTwoHashtags" start time: Jul 01 05:29 PDT
Output:
----------------------------------------------------------
==5825== /home/student/.valgrindrc was not read as it is either not a regular file,
==5825==     or is world writeable, or is not owned by the current user.
==5825== Memcheck, a memory error detector
==5825== Copyright (C) 2002-2017, and GNU GPL'd, by Julian Seward et al.
==5825== Using Valgrind-3.13.0 and LibVEX; rerun with -h for copyright info
==5825== Command: /home/student/hw-mercan/hw5/hw3_tests/handler_tests/handlers_tests --gtest_filter=AndHandlerTest.ProcessAndTwoHashtags
==5825== 
Running main() from gtest_main.cc
Note: Google Test filter = AndHandlerTest.ProcessAndTwoHashtags
[==========] Running 1 test from 1 test case.
[----------] Global test environment set-up.
[----------] 1 test from AndHandlerTest
[ RUN      ] AndHandlerTest.ProcessAndTwoHashtags
user:Eric
/home/student/hw-mercan/hw5/hw3_tests/handler_tests/handler_tests.cpp:49: Failure
Value of: line2
  Actual: "3 matches:"
Expected: line1
Which is: "2019-5-20 12:34:58 Eric #c #d #e #f #g #h #i #j #k  "
[  FAILED  ] AndHandlerTest.ProcessAndTwoHashtags (226 ms)
[----------] 1 test from AndHandlerTest (234 ms total)

[----------] Global test environment tear-down
[==========] 1 test from 1 test case ran. (259 ms total)
[  PASSED  ] 0 tests.
[  FAILED  ] 1 test, listed below:
[  FAILED  ] AndHandlerTest.ProcessAndTwoHashtags

 1 FAILED TEST
==5825== 
==5825== HEAP SUMMARY:
==5825==     in use at exit: 72,968 bytes in 12 blocks
==5825==   total heap usage: 645 allocs, 633 frees, 199,159 bytes allocated
==5825== 
==5825== 264 bytes in 11 blocks are definitely lost in loss record 1 of 2
==5825==    at 0x4C2E17F: operator new(unsigned long) (in /usr/lib/valgrind/vgpreload_memcheck-amd64-linux.so)
==5825==    by 0x4375F2: TwitEng::parse(char*) (twiteng.cpp:105)
==5825==    by 0x4071D7: processCommand(std::vector<std::__cxx11::basic_string<char, std::char_traits<char>, std::allocator<char> >, std::allocator<std::__cxx11::basic_string<char, std::char_traits<char>, std::allocator<char> > > >, int, Handler*, TwitEng) (handler_tests.cpp:27)
==5825==    by 0x407C89: AndHandlerTest_ProcessAndTwoHashtags_Test::TestBody() (handler_tests.cpp:72)
==5825==    by 0x465532: void testing::internal::HandleExceptionsInMethodIfSupported<testing::Test, void>(testing::Test*, void (testing::Test::*)(), char const*) (in /home/student/hw-mercan/hw5/hw3_tests/handler_tests/handlers_tests)
==5825==    by 0x45D2F3: testing::Test::Run() [clone .part.368] (in /home/student/hw-mercan/hw5/hw3_tests/handler_tests/handlers_tests)
==5825==    by 0x45D5AC: testing::TestInfo::Run() [clone .part.369] (in /home/student/hw-mercan/hw5/hw3_tests/handler_tests/handlers_tests)
==5825==    by 0x45D794: testing::TestCase::Run() [clone .part.370] (in /home/student/hw-mercan/hw5/hw3_tests/handler_tests/handlers_tests)
[...]
==5876== To see them, rerun with: --leak-check=full --show-leak-kinds=all
==5876== 
==5876== For counts of detected and suppressed errors, rerun with: -v
==5876== ERROR SUMMARY: 1 errors from 1 contexts (suppressed: 0 from 0)
<end of output>
Test time =   0.88 sec
----------------------------------------------------------
Test Passed.
"Parse.Medium" end time: Jul 01 05:30 PDT
"Parse.Medium" time elapsed: 00:00:00
----------------------------------------------------------

64/68 Testing: Parse.Long
64/68 Test: Parse.Long
Command: "/usr/bin/valgrind" "--tool=memcheck" "--leak-check=yes" "--trace-children=no" "/home/student/hw-mercan/hw5/hw3_tests/twiteng_tests/twiteng_tests" "--gtest_filter=Parse.Long"
Directory: /home/student/hw-mercan/hw5/hw3_tests/twiteng_tests
"Parse.Long" start time: Jul 01 05:30 PDT
Output:
----------------------------------------------------------
==5877== /home/student/.valgrindrc was not read as it is either not a regular file,
==5877==     or is world writeable, or is not owned by the current user.
==5877== Memcheck, a memory error detector
==5877== Copyright (C) 2002-2017, and GNU GPL'd, by Julian Seward et al.
==5877== Using Valgrind-3.13.0 and LibVEX; rerun with -h for copyright info
==5877== Command: /home/student/hw-mercan/hw5/hw3_tests/twiteng_tests/twiteng_tests --gtest_filter=Parse.Long
==5877== 
Running main() from gtest_main.cc
Note: Google Test filter = Parse.Long
[==========] Running 1 test from 1 test case.
[----------] Global test environment set-up.
[----------] 1 test from Parse
[ RUN      ] Parse.Long
user:Michael
people followsDwight
people followsJim
people followsPam
people followsKevin
people followsAngela
user:Dwight
people followsMichael
people followsAngela
user:Jim
people followsDwight
people followsPam
user:Pam
people followsDwight
people followsJim
user:Kevin
people followsJim
people followsPam
user:Angela
people followsDwight
user:Toby
user:Kelly
people followsMichael
people followsDwight
people followsJim
people followsPam
people followsKevin
people followsToby
people followsAngela
[       OK ] Parse.Long (186 ms)
[----------] 1 test from Parse (191 ms total)

[----------] Global test environment tear-down
[==========] 1 test from 1 test case ran. (215 ms total)
[  PASSED  ] 1 test.
==5877== 
==5877== HEAP SUMMARY:
==5877==     in use at exit: 72,920 bytes in 10 blocks
==5877==   total heap usage: 527 allocs, 517 frees, 363,010 bytes allocated
==5877== 
==5877== 216 bytes in 9 blocks are definitely lost in loss record 1 of 2
==5877==    at 0x4C2E17F: operator new(unsigned long) (in /usr/lib/valgrind/vgpreload_memcheck-amd64-linux.so)
==5877==    by 0x40DA7C: TwitEng::parse(char*) (twiteng.cpp:105)
==5877==    by 0x408A10: Parse_Long_Test::TestBody() (parse_tests.cpp:173)
==5877==    by 0x43C5F2: void testing::internal::HandleExceptionsInMethodIfSupported<testing::Test, void>(testing::Test*, void (testing::Test::*)(), char const*) (in /home/student/hw-mercan/hw5/hw3_tests/twiteng_tests/twiteng_tests)
==5877==    by 0x4340F3: testing::Test::Run() [clone .part.368] (in /home/student/hw-mercan/hw5/hw3_tests/twiteng_tests/twiteng_tests)
==5877==    by 0x4343AC: testing::TestInfo::Run() [clone .part.369] (in /home/student/hw-mercan/hw5/hw3_tests/twiteng_tests/twiteng_tests)
==5877==    by 0x434594: testing::TestCase::Run() [clone .part.370] (in /home/student/hw-mercan/hw5/hw3_tests/twiteng_tests/twiteng_tests)
==5877==    by 0x436A40: testing::internal::UnitTestImpl::RunAllTests() [clone .part.371] [clone .constprop.426] (in /home/student/hw-mercan/hw5/hw3_tests/twiteng_tests/twiteng_tests)
==5877==    by 0x436E50: testing::UnitTest::Run() (in /home/student/hw-mercan/hw5/hw3_tests/twiteng_tests/twiteng_tests)
==5877==    by 0x40731F: main (in /home/student/hw-mercan/hw5/hw3_tests/twiteng_tests/twiteng_tests)
==5877== 
==5877== LEAK SUMMARY:
==5877==    definitely lost: 216 bytes in 9 blocks
==5877==    indirectly lost: 0 bytes in 0 blocks
==5877==      possibly lost: 0 bytes in 0 blocks
==5877==    still reachable: 72,704 bytes in 1 blocks
==5877==         suppressed: 0 bytes in 0 blocks
==5877== Reachable blocks (those to which a pointer was found) are not shown.
==5877== To see them, rerun with: --leak-check=full --show-leak-kinds=all
==5877== 
==5877== For counts of detected and suppressed errors, rerun with: -v
==5877== ERROR SUMMARY: 1 errors from 1 contexts (suppressed: 0 from 0)
<end of output>
Test time =   0.90 sec
----------------------------------------------------------
Test Passed.
"Parse.Long" end time: Jul 01 05:30 PDT
"Parse.Long" time elapsed: 00:00:00
----------------------------------------------------------

65/68 Testing: AddTweet.NoText
65/68 Test: AddTweet.NoText
Command: "/usr/bin/valgrind" "--tool=memcheck" "--leak-check=yes" "--trace-children=no" "/home/student/hw-mercan/hw5/hw3_tests/twiteng_tests/twiteng_tests" "--gtest_filter=AddTweet.NoText"
Directory: /home/student/hw-mercan/hw5/hw3_tests/twiteng_tests
"AddTweet.NoText" start time: Jul 01 05:30 PDT
Output:
----------------------------------------------------------
==5878== /home/student/.valgrindrc was not read as it is either not a regular file,
==5878==     or is world writeable, or is not owned by the current user.
==5878== Memcheck, a memory error detector
==5878== Copyright (C) 2002-2017, and GNU GPL'd, by Julian Seward et al.
==5878== Using Valgrind-3.13.0 and LibVEX; rerun with -h for copyright info
==5878== Command: /home/student/hw-mercan/hw5/hw3_tests/twiteng_tests/twiteng_tests --gtest_filter=AddTweet.NoText
==5878== 
Running main() from gtest_main.cc
Note: Google Test filter = AddTweet.NoText
[==========] Running 1 test from 1 test case.
[----------] Global test environment set-up.
[----------] 1 test from AddTweet
[ RUN      ] AddTweet.NoText
user:Mark
people followsTommy
user:Tommy
people followsMark
[       OK ] AddTweet.NoText (162 ms)
[----------] 1 test from AddTweet (167 ms total)

[----------] Global test environment tear-down
[==========] 1 test from 1 test case ran. (193 ms total)
[  PASSED  ] 1 test.
==5878== 
==5878== HEAP SUMMARY:
==5878==     in use at exit: 72,728 bytes in 2 blocks
==5878==   total heap usage: 285 allocs, 283 frees, 194,162 bytes allocated
==5878== 
==5878== 24 bytes in 1 blocks are definitely lost in loss record 1 of 2
==5878==    at 0x4C2E17F: operator new(unsigned long) (in /usr/lib/valgrind/vgpreload_memcheck-amd64-linux.so)
==5878==    by 0x40DA7C: TwitEng::parse(char*) (twiteng.cpp:105)
==5878==    by 0x40ACC7: AddTweet_NoText_Test::TestBody() (addtweet_tests.cpp:35)
==5878==    by 0x43C5F2: void testing::internal::HandleExceptionsInMethodIfSupported<testing::Test, void>(testing::Test*, void (testing::Test::*)(), char const*) (in /home/student/hw-mercan/hw5/hw3_tests/twiteng_tests/twiteng_tests)
==5878==    by 0x4340F3: testing::Test::Run() [clone .part.368] (in /home/student/hw-mercan/hw5/hw3_tests/twiteng_tests/twiteng_tests)
==5878==    by 0x4343AC: testing::TestInfo::Run() [clone .part.369] (in /home/student/hw-mercan/hw5/hw3_tests/twiteng_tests/twiteng_tests)
==5878==    by 0x434594: testing::TestCase::Run() [clone .part.370] (in /home/student/hw-mercan/hw5/hw3_tests/twiteng_tests/twiteng_tests)
==5878==    by 0x436A40: testing::internal::UnitTestImpl::RunAllTests() [clone .part.371] [clone .constprop.426] (in /home/student/hw-mercan/hw5/hw3_tests/twiteng_tests/twiteng_tests)
==5878==    by 0x436E50: testing::UnitTest::Run() (in /home/student/hw-mercan/hw5/hw3_tests/twiteng_tests/twiteng_tests)
==5878==    by 0x40731F: main (in /home/student/hw-mercan/hw5/hw3_tests/twiteng_tests/twiteng_tests)
==5878== 
==5878== LEAK SUMMARY:
==5878==    definitely lost: 24 bytes in 1 blocks
==5878==    indirectly lost: 0 bytes in 0 blocks
==5878==      possibly lost: 0 bytes in 0 blocks
==5878==    still reachable: 72,704 bytes in 1 blocks
==5878==         suppressed: 0 bytes in 0 blocks
==5878== Reachable blocks (those to which a pointer was found) are not shown.
==5878== To see them, rerun with: --leak-check=full --show-leak-kinds=all
==5878== 
==5878== For counts of detected and suppressed errors, rerun with: -v
==5878== ERROR SUMMARY: 1 errors from 1 contexts (suppressed: 0 from 0)
<end of output>
Test time =   0.90 sec
----------------------------------------------------------
Test Passed.
"AddTweet.NoText" end time: Jul 01 05:30 PDT
"AddTweet.NoText" time elapsed: 00:00:00
----------------------------------------------------------

66/68 Testing: AddTweet.AddShort
66/68 Test: AddTweet.AddShort
Command: "/usr/bin/valgrind" "--tool=memcheck" "--leak-check=yes" "--trace-children=no" "/home/student/hw-mercan/hw5/hw3_tests/twiteng_tests/twiteng_tests" "--gtest_filter=AddTweet.AddShort"
Directory: /home/student/hw-mercan/hw5/hw3_tests/twiteng_tests
"AddTweet.AddShort" start time: Jul 01 05:30 PDT
Output:
----------------------------------------------------------
==5879== /home/student/.valgrindrc was not read as it is either not a regular file,
==5879==     or is world writeable, or is not owned by the current user.
==5879== Memcheck, a memory error detector
==5879== Copyright (C) 2002-2017, and GNU GPL'd, by Julian Seward et al.
==5879== Using Valgrind-3.13.0 and LibVEX; rerun with -h for copyright info
==5879== Command: /home/student/hw-mercan/hw5/hw3_tests/twiteng_tests/twiteng_tests --gtest_filter=AddTweet.AddShort
==5879== 
Running main() from gtest_main.cc
Note: Google Test filter = AddTweet.AddShort
[==========] Running 1 test from 1 test case.
[----------] Global test environment set-up.
[----------] 1 test from AddTweet
[ RUN      ] AddTweet.AddShort
user:Mark
people followsTommy
user:Tommy
people followsMark
[       OK ] AddTweet.AddShort (159 ms)
[----------] 1 test from AddTweet (164 ms total)

[----------] Global test environment tear-down
[==========] 1 test from 1 test case ran. (189 ms total)
[  PASSED  ] 1 test.
==5879== 
==5879== HEAP SUMMARY:
==5879==     in use at exit: 72,728 bytes in 2 blocks
==5879==   total heap usage: 299 allocs, 297 frees, 194,606 bytes allocated
==5879== 
==5879== 24 bytes in 1 blocks are definitely lost in loss record 1 of 2
==5879==    at 0x4C2E17F: operator new(unsigned long) (in /usr/lib/valgrind/vgpreload_memcheck-amd64-linux.so)
==5879==    by 0x40DA7C: TwitEng::parse(char*) (twiteng.cpp:105)
==5879==    by 0x40B383: AddTweet_AddShort_Test::TestBody() (addtweet_tests.cpp:64)
==5879==    by 0x43C5F2: void testing::internal::HandleExceptionsInMethodIfSupported<testing::Test, void>(testing::Test*, void (testing::Test::*)(), char const*) (in /home/student/hw-mercan/hw5/hw3_tests/twiteng_tests/twiteng_tests)
==5879==    by 0x4340F3: testing::Test::Run() [clone .part.368] (in /home/student/hw-mercan/hw5/hw3_tests/twiteng_tests/twiteng_tests)
==5879==    by 0x4343AC: testing::TestInfo::Run() [clone .part.369] (in /home/student/hw-mercan/hw5/hw3_tests/twiteng_tests/twiteng_tests)
==5879==    by 0x434594: testing::TestCase::Run() [clone .part.370] (in /home/student/hw-mercan/hw5/hw3_tests/twiteng_tests/twiteng_tests)
==5879==    by 0x436A40: testing::internal::UnitTestImpl::RunAllTests() [clone .part.371] [clone .constprop.426] (in /home/student/hw-mercan/hw5/hw3_tests/twiteng_tests/twiteng_tests)
==5879==    by 0x436E50: testing::UnitTest::Run() (in /home/student/hw-mercan/hw5/hw3_tests/twiteng_tests/twiteng_tests)
==5879==    by 0x40731F: main (in /home/student/hw-mercan/hw5/hw3_tests/twiteng_tests/twiteng_tests)
==5879== 
==5879== LEAK SUMMARY:
==5879==    definitely lost: 24 bytes in 1 blocks
==5879==    indirectly lost: 0 bytes in 0 blocks
==5879==      possibly lost: 0 bytes in 0 blocks
==5879==    still reachable: 72,704 bytes in 1 blocks
==5879==         suppressed: 0 bytes in 0 blocks
==5879== Reachable blocks (those to which a pointer was found) are not shown.
==5879== To see them, rerun with: --leak-check=full --show-leak-kinds=all
==5879== 
==5879== For counts of detected and suppressed errors, rerun with: -v
==5879== ERROR SUMMARY: 1 errors from 1 contexts (suppressed: 0 from 0)
<end of output>
Test time =   0.89 sec
----------------------------------------------------------
Test Passed.
"AddTweet.AddShort" end time: Jul 01 05:30 PDT
"AddTweet.AddShort" time elapsed: 00:00:00
----------------------------------------------------------

67/68 Testing: AddTweet.AddMedium
67/68 Test: AddTweet.AddMedium
Command: "/usr/bin/valgrind" "--tool=memcheck" "--leak-check=yes" "--trace-children=no" "/home/student/hw-mercan/hw5/hw3_tests/twiteng_tests/twiteng_tests" "--gtest_filter=AddTweet.AddMedium"
Directory: /home/student/hw-mercan/hw5/hw3_tests/twiteng_tests
"AddTweet.AddMedium" start time: Jul 01 05:30 PDT
Output:
----------------------------------------------------------
==5880== /home/student/.valgrindrc was not read as it is either not a regular file,
==5880==     or is world writeable, or is not owned by the current user.
==5880== Memcheck, a memory error detector
==5880== Copyright (C) 2002-2017, and GNU GPL'd, by Julian Seward et al.
==5880== Using Valgrind-3.13.0 and LibVEX; rerun with -h for copyright info
==5880== Command: /home/student/hw-mercan/hw5/hw3_tests/twiteng_tests/twiteng_tests --gtest_filter=AddTweet.AddMedium
==5880== 
Running main() from gtest_main.cc
Note: Google Test filter = AddTweet.AddMedium
[==========] Running 1 test from 1 test case.
[----------] Global test environment set-up.
[----------] 1 test from AddTweet
[ RUN      ] AddTweet.AddMedium
user:Mark
people followsTommy
user:Tommy
people followsMark
[       OK ] AddTweet.AddMedium (155 ms)
[----------] 1 test from AddTweet (161 ms total)

[----------] Global test environment tear-down
[==========] 1 test from 1 test case ran. (186 ms total)
[  PASSED  ] 1 test.
==5880== 
==5880== HEAP SUMMARY:
==5880==     in use at exit: 72,728 bytes in 2 blocks
==5880==   total heap usage: 298 allocs, 296 frees, 194,778 bytes allocated
==5880== 
==5880== 24 bytes in 1 blocks are definitely lost in loss record 1 of 2
==5880==    at 0x4C2E17F: operator new(unsigned long) (in /usr/lib/valgrind/vgpreload_memcheck-amd64-linux.so)
==5880==    by 0x40DA7C: TwitEng::parse(char*) (twiteng.cpp:105)
==5880==    by 0x40BA3F: AddTweet_AddMedium_Test::TestBody() (addtweet_tests.cpp:92)
==5880==    by 0x43C5F2: void testing::internal::HandleExceptionsInMethodIfSupported<testing::Test, void>(testing::Test*, void (testing::Test::*)(), char const*) (in /home/student/hw-mercan/hw5/hw3_tests/twiteng_tests/twiteng_tests)
==5880==    by 0x4340F3: testing::Test::Run() [clone .part.368] (in /home/student/hw-mercan/hw5/hw3_tests/twiteng_tests/twiteng_tests)
==5880==    by 0x4343AC: testing::TestInfo::Run() [clone .part.369] (in /home/student/hw-mercan/hw5/hw3_tests/twiteng_tests/twiteng_tests)
==5880==    by 0x434594: testing::TestCase::Run() [clone .part.370] (in /home/student/hw-mercan/hw5/hw3_tests/twiteng_tests/twiteng_tests)
==5880==    by 0x436A40: testing::internal::UnitTestImpl::RunAllTests() [clone .part.371] [clone .constprop.426] (in /home/student/hw-mercan/hw5/hw3_tests/twiteng_tests/twiteng_tests)
==5880==    by 0x436E50: testing::UnitTest::Run() (in /home/student/hw-mercan/hw5/hw3_tests/twiteng_tests/twiteng_tests)
==5880==    by 0x40731F: main (in /home/student/hw-mercan/hw5/hw3_tests/twiteng_tests/twiteng_tests)
==5880== 
==5880== LEAK SUMMARY:
==5880==    definitely lost: 24 bytes in 1 blocks
==5880==    indirectly lost: 0 bytes in 0 blocks
==5880==      possibly lost: 0 bytes in 0 blocks
==5880==    still reachable: 72,704 bytes in 1 blocks
==5880==         suppressed: 0 bytes in 0 blocks
==5880== Reachable blocks (those to which a pointer was found) are not shown.
==5880== To see them, rerun with: --leak-check=full --show-leak-kinds=all
==5880== 
==5880== For counts of detected and suppressed errors, rerun with: -v
==5880== ERROR SUMMARY: 1 errors from 1 contexts (suppressed: 0 from 0)
<end of output>
Test time =   0.86 sec
----------------------------------------------------------
Test Passed.
"AddTweet.AddMedium" end time: Jul 01 05:30 PDT
"AddTweet.AddMedium" time elapsed: 00:00:00
----------------------------------------------------------

68/68 Testing: AddTweet.AddLong
68/68 Test: AddTweet.AddLong
Command: "/usr/bin/valgrind" "--tool=memcheck" "--leak-check=yes" "--trace-children=no" "/home/student/hw-mercan/hw5/hw3_tests/twiteng_tests/twiteng_tests" "--gtest_filter=AddTweet.AddLong"
Directory: /home/student/hw-mercan/hw5/hw3_tests/twiteng_tests
"AddTweet.AddLong" start time: Jul 01 05:30 PDT
Output:
----------------------------------------------------------
==5881== /home/student/.valgrindrc was not read as it is either not a regular file,
==5881==     or is world writeable, or is not owned by the current user.
==5881== Memcheck, a memory error detector
==5881== Copyright (C) 2002-2017, and GNU GPL'd, by Julian Seward et al.
==5881== Using Valgrind-3.13.0 and LibVEX; rerun with -h for copyright info
==5881== Command: /home/student/hw-mercan/hw5/hw3_tests/twiteng_tests/twiteng_tests --gtest_filter=AddTweet.AddLong
==5881== 
Running main() from gtest_main.cc
Note: Google Test filter = AddTweet.AddLong
[==========] Running 1 test from 1 test case.
[----------] Global test environment set-up.
[----------] 1 test from AddTweet
[ RUN      ] AddTweet.AddLong
user:Mark
people followsTommy
user:Tommy
people followsMark
[       OK ] AddTweet.AddLong (162 ms)
[----------] 1 test from AddTweet (168 ms total)

[----------] Global test environment tear-down
[==========] 1 test from 1 test case ran. (192 ms total)
[  PASSED  ] 1 test.
==5881== 
==5881== HEAP SUMMARY:
==5881==     in use at exit: 72,728 bytes in 2 blocks
==5881==   total heap usage: 298 allocs, 296 frees, 197,608 bytes allocated
==5881== 
==5881== 24 bytes in 1 blocks are definitely lost in loss record 1 of 2
==5881==    at 0x4C2E17F: operator new(unsigned long) (in /usr/lib/valgrind/vgpreload_memcheck-amd64-linux.so)
==5881==    by 0x40DA7C: TwitEng::parse(char*) (twiteng.cpp:105)
==5881==    by 0x40C0FB: AddTweet_AddLong_Test::TestBody() (addtweet_tests.cpp:120)
==5881==    by 0x43C5F2: void testing::internal::HandleExceptionsInMethodIfSupported<testing::Test, void>(testing::Test*, void (testing::Test::*)(), char const*) (in /home/student/hw-mercan/hw5/hw3_tests/twiteng_tests/twiteng_tests)
==5881==    by 0x4340F3: testing::Test::Run() [clone .part.368] (in /home/student/hw-mercan/hw5/hw3_tests/twiteng_tests/twiteng_tests)
==5881==    by 0x4343AC: testing::TestInfo::Run() [clone .part.369] (in /home/student/hw-mercan/hw5/hw3_tests/twiteng_tests/twiteng_tests)
==5881==    by 0x434594: testing::TestCase::Run() [clone .part.370] (in /home/student/hw-mercan/hw5/hw3_tests/twiteng_tests/twiteng_tests)
==5881==    by 0x436A40: testing::internal::UnitTestImpl::RunAllTests() [clone .part.371] [clone .constprop.426] (in /home/student/hw-mercan/hw5/hw3_tests/twiteng_tests/twiteng_tests)
==5881==    by 0x436E50: testing::UnitTest::Run() (in /home/student/hw-mercan/hw5/hw3_tests/twiteng_tests/twiteng_tests)
==5881==    by 0x40731F: main (in /home/student/hw-mercan/hw5/hw3_tests/twiteng_tests/twiteng_tests)
==5881== 
==5881== LEAK SUMMARY:
==5881==    definitely lost: 24 bytes in 1 blocks
==5881==    indirectly lost: 0 bytes in 0 blocks
==5881==      possibly lost: 0 bytes in 0 blocks
==5881==    still reachable: 72,704 bytes in 1 blocks
==5881==         suppressed: 0 bytes in 0 blocks
==5881== Reachable blocks (those to which a pointer was found) are not shown.
==5881== To see them, rerun with: --leak-check=full --show-leak-kinds=all
==5881== 
==5881== For counts of detected and suppressed errors, rerun with: -v
==5881== ERROR SUMMARY: 1 errors from 1 contexts (suppressed: 0 from 0)
<end of output>
Test time =   0.87 sec
----------------------------------------------------------
Test Passed.
"AddTweet.AddLong" end time: Jul 01 05:30 PDT
"AddTweet.AddLong" time elapsed: 00:00:00
----------------------------------------------------------

End testing: Jul 01 05:30 PDT
