Start testing: Jul 02 17:00 PDT
----------------------------------------------------------
1/21 Testing: HeapTest.ConstructionDestruction
1/21 Test: HeapTest.ConstructionDestruction
Command: "/usr/bin/valgrind" "--tool=memcheck" "--leak-check=yes" "--trace-children=no" "--error-exitcode=113" "/home/student/hw-mercan/hw5/hw5_heap_checker/heap_tests/heap_tests" "--gtest_filter=HeapTest.ConstructionDestruction"
Directory: /home/student/hw-mercan/hw5/hw5_heap_checker/heap_tests
"HeapTest.ConstructionDestruction" start time: Jul 02 17:00 PDT
Output:
----------------------------------------------------------
==22887== /home/student/.valgrindrc was not read as it is either not a regular file,
==22887==     or is world writeable, or is not owned by the current user.
==22887== Memcheck, a memory error detector
==22887== Copyright (C) 2002-2017, and GNU GPL'd, by Julian Seward et al.
==22887== Using Valgrind-3.13.0 and LibVEX; rerun with -h for copyright info
==22887== Command: /home/student/hw-mercan/hw5/hw5_heap_checker/heap_tests/heap_tests --gtest_filter=HeapTest.ConstructionDestruction
==22887== 
Running main() from gtest_main.cc
Note: Google Test filter = HeapTest.ConstructionDestruction
[==========] Running 1 test from 1 test case.
[----------] Global test environment set-up.
[----------] 1 test from HeapTest
[ RUN      ] HeapTest.ConstructionDestruction
[       OK ] HeapTest.ConstructionDestruction (8 ms)
[----------] 1 test from HeapTest (13 ms total)

[----------] Global test environment tear-down
[==========] 1 test from 1 test case ran. (40 ms total)
[  PASSED  ] 1 test.
==22887== 
==22887== HEAP SUMMARY:
==22887==     in use at exit: 72,704 bytes in 1 blocks
==22887==   total heap usage: 328 allocs, 327 frees, 129,439 bytes allocated
==22887== 
==22887== LEAK SUMMARY:
==22887==    definitely lost: 0 bytes in 0 blocks
==22887==    indirectly lost: 0 bytes in 0 blocks
==22887==      possibly lost: 0 bytes in 0 blocks
==22887==    still reachable: 72,704 bytes in 1 blocks
==22887==         suppressed: 0 bytes in 0 blocks
==22887== Reachable blocks (those to which a pointer was found) are not shown.
==22887== To see them, rerun with: --leak-check=full --show-leak-kinds=all
==22887== 
==22887== For counts of detected and suppressed errors, rerun with: -v
==22887== ERROR SUMMARY: 0 errors from 0 contexts (suppressed: 0 from 0)
<end of output>
Test time =   0.73 sec
----------------------------------------------------------
Test Passed.
"HeapTest.ConstructionDestruction" end time: Jul 02 17:00 PDT
"HeapTest.ConstructionDestruction" time elapsed: 00:00:00
----------------------------------------------------------

2/21 Testing: HeapTest.InitiallyEmpty
2/21 Test: HeapTest.InitiallyEmpty
Command: "/usr/bin/valgrind" "--tool=memcheck" "--leak-check=yes" "--trace-children=no" "--error-exitcode=113" "/home/student/hw-mercan/hw5/hw5_heap_checker/heap_tests/heap_tests" "--gtest_filter=HeapTest.InitiallyEmpty"
Directory: /home/student/hw-mercan/hw5/hw5_heap_checker/heap_tests
"HeapTest.InitiallyEmpty" start time: Jul 02 17:00 PDT
Output:
----------------------------------------------------------
==22888== /home/student/.valgrindrc was not read as it is either not a regular file,
==22888==     or is world writeable, or is not owned by the current user.
==22888== Memcheck, a memory error detector
==22888== Copyright (C) 2002-2017, and GNU GPL'd, by Julian Seward et al.
==22888== Using Valgrind-3.13.0 and LibVEX; rerun with -h for copyright info
==22888== Command: /home/student/hw-mercan/hw5/hw5_heap_checker/heap_tests/heap_tests --gtest_filter=HeapTest.InitiallyEmpty
==22888== 
Running main() from gtest_main.cc
Note: Google Test filter = HeapTest.InitiallyEmpty
[==========] Running 1 test from 1 test case.
[----------] Global test environment set-up.
[----------] 1 test from HeapTest
[ RUN      ] HeapTest.InitiallyEmpty
[       OK ] HeapTest.InitiallyEmpty (10 ms)
[----------] 1 test from HeapTest (15 ms total)

[----------] Global test environment tear-down
[==========] 1 test from 1 test case ran. (42 ms total)
[  PASSED  ] 1 test.
==22888== 
==22888== HEAP SUMMARY:
==22888==     in use at exit: 72,704 bytes in 1 blocks
==22888==   total heap usage: 328 allocs, 327 frees, 129,330 bytes allocated
==22888== 
==22888== LEAK SUMMARY:
==22888==    definitely lost: 0 bytes in 0 blocks
==22888==    indirectly lost: 0 bytes in 0 blocks
==22888==      possibly lost: 0 bytes in 0 blocks
==22888==    still reachable: 72,704 bytes in 1 blocks
==22888==         suppressed: 0 bytes in 0 blocks
==22888== Reachable blocks (those to which a pointer was found) are not shown.
==22888== To see them, rerun with: --leak-check=full --show-leak-kinds=all
==22888== 
==22888== For counts of detected and suppressed errors, rerun with: -v
==22888== ERROR SUMMARY: 0 errors from 0 contexts (suppressed: 0 from 0)
<end of output>
Test time =   0.71 sec
----------------------------------------------------------
Test Passed.
"HeapTest.InitiallyEmpty" end time: Jul 02 17:00 PDT
"HeapTest.InitiallyEmpty" time elapsed: 00:00:00
----------------------------------------------------------

3/21 Testing: HeapTest.EmptyTopException
3/21 Test: HeapTest.EmptyTopException
Command: "/usr/bin/valgrind" "--tool=memcheck" "--leak-check=yes" "--trace-children=no" "--error-exitcode=113" "/home/student/hw-mercan/hw5/hw5_heap_checker/heap_tests/heap_tests" "--gtest_filter=HeapTest.EmptyTopException"
Directory: /home/student/hw-mercan/hw5/hw5_heap_checker/heap_tests
"HeapTest.EmptyTopException" start time: Jul 02 17:00 PDT
Output:
----------------------------------------------------------
==22889== /home/student/.valgrindrc was not read as it is either not a regular file,
==22889==     or is world writeable, or is not owned by the current user.
==22889== Memcheck, a memory error detector
==22889== Copyright (C) 2002-2017, and GNU GPL'd, by Julian Seward et al.
==22889== Using Valgrind-3.13.0 and LibVEX; rerun with -h for copyright info
==22889== Command: /home/student/hw-mercan/hw5/hw5_heap_checker/heap_tests/heap_tests --gtest_filter=HeapTest.EmptyTopException
==22889== 
Running main() from gtest_main.cc
Note: Google Test filter = HeapTest.EmptyTopException
[==========] Running 1 test from 1 test case.
[----------] Global test environment set-up.
[----------] 1 test from HeapTest
[ RUN      ] HeapTest.EmptyTopException
[       OK ] HeapTest.EmptyTopException (34 ms)
[----------] 1 test from HeapTest (39 ms total)

[----------] Global test environment tear-down
[==========] 1 test from 1 test case ran. (66 ms total)
[  PASSED  ] 1 test.
==22889== 
==22889== HEAP SUMMARY:
==22889==     in use at exit: 72,704 bytes in 1 blocks
==22889==   total heap usage: 330 allocs, 329 frees, 129,543 bytes allocated
==22889== 
==22889== LEAK SUMMARY:
==22889==    definitely lost: 0 bytes in 0 blocks
==22889==    indirectly lost: 0 bytes in 0 blocks
==22889==      possibly lost: 0 bytes in 0 blocks
==22889==    still reachable: 72,704 bytes in 1 blocks
==22889==         suppressed: 0 bytes in 0 blocks
==22889== Reachable blocks (those to which a pointer was found) are not shown.
==22889== To see them, rerun with: --leak-check=full --show-leak-kinds=all
==22889== 
==22889== For counts of detected and suppressed errors, rerun with: -v
==22889== ERROR SUMMARY: 0 errors from 0 contexts (suppressed: 0 from 0)
<end of output>
Test time =   0.71 sec
----------------------------------------------------------
Test Passed.
"HeapTest.EmptyTopException" end time: Jul 02 17:00 PDT
"HeapTest.EmptyTopException" time elapsed: 00:00:00
----------------------------------------------------------

4/21 Testing: HeapTest.EmptyPopException
4/21 Test: HeapTest.EmptyPopException
Command: "/usr/bin/valgrind" "--tool=memcheck" "--leak-check=yes" "--trace-children=no" "--error-exitcode=113" "/home/student/hw-mercan/hw5/hw5_heap_checker/heap_tests/heap_tests" "--gtest_filter=HeapTest.EmptyPopException"
Directory: /home/student/hw-mercan/hw5/hw5_heap_checker/heap_tests
"HeapTest.EmptyPopException" start time: Jul 02 17:00 PDT
Output:
----------------------------------------------------------
==22890== /home/student/.valgrindrc was not read as it is either not a regular file,
==22890==     or is world writeable, or is not owned by the current user.
==22890== Memcheck, a memory error detector
==22890== Copyright (C) 2002-2017, and GNU GPL'd, by Julian Seward et al.
==22890== Using Valgrind-3.13.0 and LibVEX; rerun with -h for copyright info
==22890== Command: /home/student/hw-mercan/hw5/hw5_heap_checker/heap_tests/heap_tests --gtest_filter=HeapTest.EmptyPopException
==22890== 
Running main() from gtest_main.cc
Note: Google Test filter = HeapTest.EmptyPopException
[==========] Running 1 test from 1 test case.
[----------] Global test environment set-up.
[----------] 1 test from HeapTest
[ RUN      ] HeapTest.EmptyPopException
[       OK ] HeapTest.EmptyPopException (34 ms)
[----------] 1 test from HeapTest (40 ms total)

[----------] Global test environment tear-down
[==========] 1 test from 1 test case ran. (65 ms total)
[  PASSED  ] 1 test.
==22890== 
==22890== HEAP SUMMARY:
==22890==     in use at exit: 72,704 bytes in 1 blocks
==22890==   total heap usage: 330 allocs, 329 frees, 129,543 bytes allocated
==22890== 
==22890== LEAK SUMMARY:
==22890==    definitely lost: 0 bytes in 0 blocks
==22890==    indirectly lost: 0 bytes in 0 blocks
==22890==      possibly lost: 0 bytes in 0 blocks
==22890==    still reachable: 72,704 bytes in 1 blocks
==22890==         suppressed: 0 bytes in 0 blocks
==22890== Reachable blocks (those to which a pointer was found) are not shown.
==22890== To see them, rerun with: --leak-check=full --show-leak-kinds=all
==22890== 
==22890== For counts of detected and suppressed errors, rerun with: -v
==22890== ERROR SUMMARY: 0 errors from 0 contexts (suppressed: 0 from 0)
<end of output>
Test time =   0.72 sec
----------------------------------------------------------
Test Passed.
"HeapTest.EmptyPopException" end time: Jul 02 17:00 PDT
"HeapTest.EmptyPopException" time elapsed: 00:00:00
----------------------------------------------------------

5/21 Testing: HeapTest.SingleItemNonempty
5/21 Test: HeapTest.SingleItemNonempty
Command: "/usr/bin/valgrind" "--tool=memcheck" "--leak-check=yes" "--trace-children=no" "--error-exitcode=113" "/home/student/hw-mercan/hw5/hw5_heap_checker/heap_tests/heap_tests" "--gtest_filter=HeapTest.SingleItemNonempty"
Directory: /home/student/hw-mercan/hw5/hw5_heap_checker/heap_tests
"HeapTest.SingleItemNonempty" start time: Jul 02 17:00 PDT
Output:
----------------------------------------------------------
==22891== /home/student/.valgrindrc was not read as it is either not a regular file,
==22891==     or is world writeable, or is not owned by the current user.
==22891== Memcheck, a memory error detector
==22891== Copyright (C) 2002-2017, and GNU GPL'd, by Julian Seward et al.
==22891== Using Valgrind-3.13.0 and LibVEX; rerun with -h for copyright info
==22891== Command: /home/student/hw-mercan/hw5/hw5_heap_checker/heap_tests/heap_tests --gtest_filter=HeapTest.SingleItemNonempty
==22891== 
Running main() from gtest_main.cc
Note: Google Test filter = HeapTest.SingleItemNonempty
[==========] Running 1 test from 1 test case.
[----------] Global test environment set-up.
[----------] 1 test from HeapTest
[ RUN      ] HeapTest.SingleItemNonempty
[       OK ] HeapTest.SingleItemNonempty (15 ms)
[----------] 1 test from HeapTest (20 ms total)

[----------] Global test environment tear-down
[==========] 1 test from 1 test case ran. (46 ms total)
[  PASSED  ] 1 test.
==22891== 
==22891== HEAP SUMMARY:
==22891==     in use at exit: 72,704 bytes in 1 blocks
==22891==   total heap usage: 329 allocs, 328 frees, 129,362 bytes allocated
==22891== 
==22891== LEAK SUMMARY:
==22891==    definitely lost: 0 bytes in 0 blocks
==22891==    indirectly lost: 0 bytes in 0 blocks
==22891==      possibly lost: 0 bytes in 0 blocks
==22891==    still reachable: 72,704 bytes in 1 blocks
==22891==         suppressed: 0 bytes in 0 blocks
==22891== Reachable blocks (those to which a pointer was found) are not shown.
==22891== To see them, rerun with: --leak-check=full --show-leak-kinds=all
==22891== 
==22891== For counts of detected and suppressed errors, rerun with: -v
==22891== ERROR SUMMARY: 0 errors from 0 contexts (suppressed: 0 from 0)
<end of output>
Test time =   0.68 sec
----------------------------------------------------------
Test Passed.
"HeapTest.SingleItemNonempty" end time: Jul 02 17:00 PDT
"HeapTest.SingleItemNonempty" time elapsed: 00:00:00
----------------------------------------------------------

6/21 Testing: HeapTest.SingleItemPush
6/21 Test: HeapTest.SingleItemPush
Command: "/usr/bin/valgrind" "--tool=memcheck" "--leak-check=yes" "--trace-children=no" "--error-exitcode=113" "/home/student/hw-mercan/hw5/hw5_heap_checker/heap_tests/heap_tests" "--gtest_filter=HeapTest.SingleItemPush"
Directory: /home/student/hw-mercan/hw5/hw5_heap_checker/heap_tests
"HeapTest.SingleItemPush" start time: Jul 02 17:00 PDT
Output:
----------------------------------------------------------
==22892== /home/student/.valgrindrc was not read as it is either not a regular file,
==22892==     or is world writeable, or is not owned by the current user.
==22892== Memcheck, a memory error detector
==22892== Copyright (C) 2002-2017, and GNU GPL'd, by Julian Seward et al.
==22892== Using Valgrind-3.13.0 and LibVEX; rerun with -h for copyright info
==22892== Command: /home/student/hw-mercan/hw5/hw5_heap_checker/heap_tests/heap_tests --gtest_filter=HeapTest.SingleItemPush
==22892== 
Running main() from gtest_main.cc
Note: Google Test filter = HeapTest.SingleItemPush
[==========] Running 1 test from 1 test case.
[----------] Global test environment set-up.
[----------] 1 test from HeapTest
[ RUN      ] HeapTest.SingleItemPush
[       OK ] HeapTest.SingleItemPush (18 ms)
[----------] 1 test from HeapTest (27 ms total)

[----------] Global test environment tear-down
[==========] 1 test from 1 test case ran. (55 ms total)
[  PASSED  ] 1 test.
==22892== 
==22892== HEAP SUMMARY:
==22892==     in use at exit: 72,704 bytes in 1 blocks
==22892==   total heap usage: 329 allocs, 328 frees, 129,334 bytes allocated
==22892== 
==22892== LEAK SUMMARY:
==22892==    definitely lost: 0 bytes in 0 blocks
==22892==    indirectly lost: 0 bytes in 0 blocks
==22892==      possibly lost: 0 bytes in 0 blocks
==22892==    still reachable: 72,704 bytes in 1 blocks
==22892==         suppressed: 0 bytes in 0 blocks
==22892== Reachable blocks (those to which a pointer was found) are not shown.
==22892== To see them, rerun with: --leak-check=full --show-leak-kinds=all
==22892== 
==22892== For counts of detected and suppressed errors, rerun with: -v
==22892== ERROR SUMMARY: 0 errors from 0 contexts (suppressed: 0 from 0)
<end of output>
Test time =   0.70 sec
----------------------------------------------------------
Test Passed.
"HeapTest.SingleItemPush" end time: Jul 02 17:00 PDT
"HeapTest.SingleItemPush" time elapsed: 00:00:00
----------------------------------------------------------

7/21 Testing: HeapTest.SingleItemPushPop
7/21 Test: HeapTest.SingleItemPushPop
Command: "/usr/bin/valgrind" "--tool=memcheck" "--leak-check=yes" "--trace-children=no" "--error-exitcode=113" "/home/student/hw-mercan/hw5/hw5_heap_checker/heap_tests/heap_tests" "--gtest_filter=HeapTest.SingleItemPushPop"
Directory: /home/student/hw-mercan/hw5/hw5_heap_checker/heap_tests
"HeapTest.SingleItemPushPop" start time: Jul 02 17:00 PDT
Output:
----------------------------------------------------------
==22893== /home/student/.valgrindrc was not read as it is either not a regular file,
==22893==     or is world writeable, or is not owned by the current user.
==22893== Memcheck, a memory error detector
==22893== Copyright (C) 2002-2017, and GNU GPL'd, by Julian Seward et al.
==22893== Using Valgrind-3.13.0 and LibVEX; rerun with -h for copyright info
==22893== Command: /home/student/hw-mercan/hw5/hw5_heap_checker/heap_tests/heap_tests --gtest_filter=HeapTest.SingleItemPushPop
==22893== 
Running main() from gtest_main.cc
Note: Google Test filter = HeapTest.SingleItemPushPop
[==========] Running 1 test from 1 test case.
[----------] Global test environment set-up.
[----------] 1 test from HeapTest
[ RUN      ] HeapTest.SingleItemPushPop
[       OK ] HeapTest.SingleItemPushPop (17 ms)
[----------] 1 test from HeapTest (22 ms total)

[----------] Global test environment tear-down
[==========] 1 test from 1 test case ran. (49 ms total)
[  PASSED  ] 1 test.
==22893== 
==22893== HEAP SUMMARY:
==22893==     in use at exit: 72,704 bytes in 1 blocks
==22893==   total heap usage: 329 allocs, 328 frees, 129,355 bytes allocated
==22893== 
==22893== LEAK SUMMARY:
==22893==    definitely lost: 0 bytes in 0 blocks
==22893==    indirectly lost: 0 bytes in 0 blocks
==22893==      possibly lost: 0 bytes in 0 blocks
==22893==    still reachable: 72,704 bytes in 1 blocks
==22893==         suppressed: 0 bytes in 0 blocks
==22893== Reachable blocks (those to which a pointer was found) are not shown.
==22893== To see them, rerun with: --leak-check=full --show-leak-kinds=all
==22893== 
==22893== For counts of detected and suppressed errors, rerun with: -v
==22893== ERROR SUMMARY: 0 errors from 0 contexts (suppressed: 0 from 0)
<end of output>
Test time =   0.69 sec
----------------------------------------------------------
Test Passed.
"HeapTest.SingleItemPushPop" end time: Jul 02 17:00 PDT
"HeapTest.SingleItemPushPop" time elapsed: 00:00:00
----------------------------------------------------------

8/21 Testing: HeapTest.TwoElementPush_LowPriFirst
8/21 Test: HeapTest.TwoElementPush_LowPriFirst
Command: "/usr/bin/valgrind" "--tool=memcheck" "--leak-check=yes" "--trace-children=no" "--error-exitcode=113" "/home/student/hw-mercan/hw5/hw5_heap_checker/heap_tests/heap_tests" "--gtest_filter=HeapTest.TwoElementPush_LowPriFirst"
Directory: /home/student/hw-mercan/hw5/hw5_heap_checker/heap_tests
"HeapTest.TwoElementPush_LowPriFirst" start time: Jul 02 17:00 PDT
Output:
----------------------------------------------------------
==22894== /home/student/.valgrindrc was not read as it is either not a regular file,
==22894==     or is world writeable, or is not owned by the current user.
==22894== Memcheck, a memory error detector
==22894== Copyright (C) 2002-2017, and GNU GPL'd, by Julian Seward et al.
==22894== Using Valgrind-3.13.0 and LibVEX; rerun with -h for copyright info
==22894== Command: /home/student/hw-mercan/hw5/hw5_heap_checker/heap_tests/heap_tests --gtest_filter=HeapTest.TwoElementPush_LowPriFirst
==22894== 
Running main() from gtest_main.cc
Note: Google Test filter = HeapTest.TwoElementPush_LowPriFirst
[==========] Running 1 test from 1 test case.
[----------] Global test environment set-up.
[----------] 1 test from HeapTest
[ RUN      ] HeapTest.TwoElementPush_LowPriFirst
[       OK ] HeapTest.TwoElementPush_LowPriFirst (19 ms)
[----------] 1 test from HeapTest (24 ms total)

[----------] Global test environment tear-down
[==========] 1 test from 1 test case ran. (51 ms total)
[  PASSED  ] 1 test.
==22894== 
==22894== HEAP SUMMARY:
==22894==     in use at exit: 72,704 bytes in 1 blocks
==22894==   total heap usage: 330 allocs, 329 frees, 129,541 bytes allocated
==22894== 
==22894== LEAK SUMMARY:
==22894==    definitely lost: 0 bytes in 0 blocks
==22894==    indirectly lost: 0 bytes in 0 blocks
==22894==      possibly lost: 0 bytes in 0 blocks
==22894==    still reachable: 72,704 bytes in 1 blocks
==22894==         suppressed: 0 bytes in 0 blocks
==22894== Reachable blocks (those to which a pointer was found) are not shown.
==22894== To see them, rerun with: --leak-check=full --show-leak-kinds=all
==22894== 
==22894== For counts of detected and suppressed errors, rerun with: -v
==22894== ERROR SUMMARY: 0 errors from 0 contexts (suppressed: 0 from 0)
<end of output>
Test time =   0.71 sec
----------------------------------------------------------
Test Passed.
"HeapTest.TwoElementPush_LowPriFirst" end time: Jul 02 17:00 PDT
"HeapTest.TwoElementPush_LowPriFirst" time elapsed: 00:00:00
----------------------------------------------------------

9/21 Testing: HeapTest.TwoElementPush_HighPriFirst
9/21 Test: HeapTest.TwoElementPush_HighPriFirst
Command: "/usr/bin/valgrind" "--tool=memcheck" "--leak-check=yes" "--trace-children=no" "--error-exitcode=113" "/home/student/hw-mercan/hw5/hw5_heap_checker/heap_tests/heap_tests" "--gtest_filter=HeapTest.TwoElementPush_HighPriFirst"
Directory: /home/student/hw-mercan/hw5/hw5_heap_checker/heap_tests
"HeapTest.TwoElementPush_HighPriFirst" start time: Jul 02 17:00 PDT
Output:
----------------------------------------------------------
==22895== /home/student/.valgrindrc was not read as it is either not a regular file,
==22895==     or is world writeable, or is not owned by the current user.
==22895== Memcheck, a memory error detector
==22895== Copyright (C) 2002-2017, and GNU GPL'd, by Julian Seward et al.
==22895== Using Valgrind-3.13.0 and LibVEX; rerun with -h for copyright info
==22895== Command: /home/student/hw-mercan/hw5/hw5_heap_checker/heap_tests/heap_tests --gtest_filter=HeapTest.TwoElementPush_HighPriFirst
==22895== 
Running main() from gtest_main.cc
Note: Google Test filter = HeapTest.TwoElementPush_HighPriFirst
[==========] Running 1 test from 1 test case.
[----------] Global test environment set-up.
[----------] 1 test from HeapTest
[ RUN      ] HeapTest.TwoElementPush_HighPriFirst
[       OK ] HeapTest.TwoElementPush_HighPriFirst (19 ms)
[----------] 1 test from HeapTest (24 ms total)

[----------] Global test environment tear-down
[==========] 1 test from 1 test case ran. (51 ms total)
[  PASSED  ] 1 test.
==22895== 
==22895== HEAP SUMMARY:
==22895==     in use at exit: 72,704 bytes in 1 blocks
==22895==   total heap usage: 330 allocs, 329 frees, 129,571 bytes allocated
==22895== 
==22895== LEAK SUMMARY:
==22895==    definitely lost: 0 bytes in 0 blocks
==22895==    indirectly lost: 0 bytes in 0 blocks
==22895==      possibly lost: 0 bytes in 0 blocks
==22895==    still reachable: 72,704 bytes in 1 blocks
==22895==         suppressed: 0 bytes in 0 blocks
==22895== Reachable blocks (those to which a pointer was found) are not shown.
==22895== To see them, rerun with: --leak-check=full --show-leak-kinds=all
==22895== 
==22895== For counts of detected and suppressed errors, rerun with: -v
==22895== ERROR SUMMARY: 0 errors from 0 contexts (suppressed: 0 from 0)
<end of output>
Test time =   0.71 sec
----------------------------------------------------------
Test Passed.
"HeapTest.TwoElementPush_HighPriFirst" end time: Jul 02 17:00 PDT
"HeapTest.TwoElementPush_HighPriFirst" time elapsed: 00:00:00
----------------------------------------------------------

10/21 Testing: HeapTest.Duplicates
10/21 Test: HeapTest.Duplicates
Command: "/usr/bin/valgrind" "--tool=memcheck" "--leak-check=yes" "--trace-children=no" "--error-exitcode=113" "/home/student/hw-mercan/hw5/hw5_heap_checker/heap_tests/heap_tests" "--gtest_filter=HeapTest.Duplicates"
Directory: /home/student/hw-mercan/hw5/hw5_heap_checker/heap_tests
"HeapTest.Duplicates" start time: Jul 02 17:00 PDT
Output:
----------------------------------------------------------
==22896== /home/student/.valgrindrc was not read as it is either not a regular file,
==22896==     or is world writeable, or is not owned by the current user.
==22896== Memcheck, a memory error detector
==22896== Copyright (C) 2002-2017, and GNU GPL'd, by Julian Seward et al.
==22896== Using Valgrind-3.13.0 and LibVEX; rerun with -h for copyright info
==22896== Command: /home/student/hw-mercan/hw5/hw5_heap_checker/heap_tests/heap_tests --gtest_filter=HeapTest.Duplicates
==22896== 
Running main() from gtest_main.cc
Note: Google Test filter = HeapTest.Duplicates
[==========] Running 1 test from 1 test case.
[----------] Global test environment set-up.
[----------] 1 test from HeapTest
[ RUN      ] HeapTest.Duplicates
[       OK ] HeapTest.Duplicates (20 ms)
[----------] 1 test from HeapTest (26 ms total)

[----------] Global test environment tear-down
[==========] 1 test from 1 test case ran. (52 ms total)
[  PASSED  ] 1 test.
==22896== 
==22896== HEAP SUMMARY:
==22896==     in use at exit: 72,704 bytes in 1 blocks
==22896==   total heap usage: 331 allocs, 330 frees, 129,330 bytes allocated
==22896== 
==22896== LEAK SUMMARY:
==22896==    definitely lost: 0 bytes in 0 blocks
==22896==    indirectly lost: 0 bytes in 0 blocks
==22896==      possibly lost: 0 bytes in 0 blocks
==22896==    still reachable: 72,704 bytes in 1 blocks
==22896==         suppressed: 0 bytes in 0 blocks
==22896== Reachable blocks (those to which a pointer was found) are not shown.
==22896== To see them, rerun with: --leak-check=full --show-leak-kinds=all
==22896== 
==22896== For counts of detected and suppressed errors, rerun with: -v
==22896== ERROR SUMMARY: 0 errors from 0 contexts (suppressed: 0 from 0)
<end of output>
Test time =   0.71 sec
----------------------------------------------------------
Test Passed.
"HeapTest.Duplicates" end time: Jul 02 17:00 PDT
"HeapTest.Duplicates" time elapsed: 00:00:00
----------------------------------------------------------

11/21 Testing: HeapTest.NegativeElements
11/21 Test: HeapTest.NegativeElements
Command: "/usr/bin/valgrind" "--tool=memcheck" "--leak-check=yes" "--trace-children=no" "--error-exitcode=113" "/home/student/hw-mercan/hw5/hw5_heap_checker/heap_tests/heap_tests" "--gtest_filter=HeapTest.NegativeElements"
Directory: /home/student/hw-mercan/hw5/hw5_heap_checker/heap_tests
"HeapTest.NegativeElements" start time: Jul 02 17:00 PDT
Output:
----------------------------------------------------------
==22897== /home/student/.valgrindrc was not read as it is either not a regular file,
==22897==     or is world writeable, or is not owned by the current user.
==22897== Memcheck, a memory error detector
==22897== Copyright (C) 2002-2017, and GNU GPL'd, by Julian Seward et al.
==22897== Using Valgrind-3.13.0 and LibVEX; rerun with -h for copyright info
==22897== Command: /home/student/hw-mercan/hw5/hw5_heap_checker/heap_tests/heap_tests --gtest_filter=HeapTest.NegativeElements
==22897== 
Running main() from gtest_main.cc
Note: Google Test filter = HeapTest.NegativeElements
[==========] Running 1 test from 1 test case.
[----------] Global test environment set-up.
[----------] 1 test from HeapTest
[ RUN      ] HeapTest.NegativeElements
[       OK ] HeapTest.NegativeElements (17 ms)
[----------] 1 test from HeapTest (23 ms total)

[----------] Global test environment tear-down
[==========] 1 test from 1 test case ran. (49 ms total)
[  PASSED  ] 1 test.
==22897== 
==22897== HEAP SUMMARY:
==22897==     in use at exit: 72,704 bytes in 1 blocks
==22897==   total heap usage: 330 allocs, 329 frees, 129,356 bytes allocated
==22897== 
==22897== LEAK SUMMARY:
==22897==    definitely lost: 0 bytes in 0 blocks
==22897==    indirectly lost: 0 bytes in 0 blocks
==22897==      possibly lost: 0 bytes in 0 blocks
==22897==    still reachable: 72,704 bytes in 1 blocks
==22897==         suppressed: 0 bytes in 0 blocks
==22897== Reachable blocks (those to which a pointer was found) are not shown.
==22897== To see them, rerun with: --leak-check=full --show-leak-kinds=all
==22897== 
==22897== For counts of detected and suppressed errors, rerun with: -v
==22897== ERROR SUMMARY: 0 errors from 0 contexts (suppressed: 0 from 0)
<end of output>
Test time =   0.70 sec
----------------------------------------------------------
Test Passed.
"HeapTest.NegativeElements" end time: Jul 02 17:00 PDT
"HeapTest.NegativeElements" time elapsed: 00:00:00
----------------------------------------------------------

12/21 Testing: HeapTest.ThreeElementPush_0_5_10
12/21 Test: HeapTest.ThreeElementPush_0_5_10
Command: "/usr/bin/valgrind" "--tool=memcheck" "--leak-check=yes" "--trace-children=no" "--error-exitcode=113" "/home/student/hw-mercan/hw5/hw5_heap_checker/heap_tests/heap_tests" "--gtest_filter=HeapTest.ThreeElementPush_0_5_10"
Directory: /home/student/hw-mercan/hw5/hw5_heap_checker/heap_tests
"HeapTest.ThreeElementPush_0_5_10" start time: Jul 02 17:00 PDT
Output:
----------------------------------------------------------
==22898== /home/student/.valgrindrc was not read as it is either not a regular file,
==22898==     or is world writeable, or is not owned by the current user.
==22898== Memcheck, a memory error detector
==22898== Copyright (C) 2002-2017, and GNU GPL'd, by Julian Seward et al.
==22898== Using Valgrind-3.13.0 and LibVEX; rerun with -h for copyright info
==22898== Command: /home/student/hw-mercan/hw5/hw5_heap_checker/heap_tests/heap_tests --gtest_filter=HeapTest.ThreeElementPush_0_5_10
==22898== 
Running main() from gtest_main.cc
Note: Google Test filter = HeapTest.ThreeElementPush_0_5_10
[==========] Running 1 test from 1 test case.
[----------] Global test environment set-up.
[----------] 1 test from HeapTest
[ RUN      ] HeapTest.ThreeElementPush_0_5_10
[       OK ] HeapTest.ThreeElementPush_0_5_10 (23 ms)
[----------] 1 test from HeapTest (28 ms total)

[----------] Global test environment tear-down
[==========] 1 test from 1 test case ran. (58 ms total)
[  PASSED  ] 1 test.
==22898== 
==22898== HEAP SUMMARY:
==22898==     in use at exit: 72,704 bytes in 1 blocks
==22898==   total heap usage: 331 allocs, 330 frees, 129,467 bytes allocated
==22898== 
==22898== LEAK SUMMARY:
==22898==    definitely lost: 0 bytes in 0 blocks
==22898==    indirectly lost: 0 bytes in 0 blocks
==22898==      possibly lost: 0 bytes in 0 blocks
==22898==    still reachable: 72,704 bytes in 1 blocks
==22898==         suppressed: 0 bytes in 0 blocks
==22898== Reachable blocks (those to which a pointer was found) are not shown.
==22898== To see them, rerun with: --leak-check=full --show-leak-kinds=all
==22898== 
==22898== For counts of detected and suppressed errors, rerun with: -v
==22898== ERROR SUMMARY: 0 errors from 0 contexts (suppressed: 0 from 0)
<end of output>
Test time =   0.70 sec
----------------------------------------------------------
Test Passed.
"HeapTest.ThreeElementPush_0_5_10" end time: Jul 02 17:00 PDT
"HeapTest.ThreeElementPush_0_5_10" time elapsed: 00:00:00
----------------------------------------------------------

13/21 Testing: HeapTest.ThreeElementPush_0_10_5
13/21 Test: HeapTest.ThreeElementPush_0_10_5
Command: "/usr/bin/valgrind" "--tool=memcheck" "--leak-check=yes" "--trace-children=no" "--error-exitcode=113" "/home/student/hw-mercan/hw5/hw5_heap_checker/heap_tests/heap_tests" "--gtest_filter=HeapTest.ThreeElementPush_0_10_5"
Directory: /home/student/hw-mercan/hw5/hw5_heap_checker/heap_tests
"HeapTest.ThreeElementPush_0_10_5" start time: Jul 02 17:00 PDT
Output:
----------------------------------------------------------
==22899== /home/student/.valgrindrc was not read as it is either not a regular file,
==22899==     or is world writeable, or is not owned by the current user.
==22899== Memcheck, a memory error detector
==22899== Copyright (C) 2002-2017, and GNU GPL'd, by Julian Seward et al.
==22899== Using Valgrind-3.13.0 and LibVEX; rerun with -h for copyright info
==22899== Command: /home/student/hw-mercan/hw5/hw5_heap_checker/heap_tests/heap_tests --gtest_filter=HeapTest.ThreeElementPush_0_10_5
==22899== 
Running main() from gtest_main.cc
Note: Google Test filter = HeapTest.ThreeElementPush_0_10_5
[==========] Running 1 test from 1 test case.
[----------] Global test environment set-up.
[----------] 1 test from HeapTest
[ RUN      ] HeapTest.ThreeElementPush_0_10_5
[       OK ] HeapTest.ThreeElementPush_0_10_5 (20 ms)
[----------] 1 test from HeapTest (25 ms total)

[----------] Global test environment tear-down
[==========] 1 test from 1 test case ran. (51 ms total)
[  PASSED  ] 1 test.
==22899== 
==22899== HEAP SUMMARY:
==22899==     in use at exit: 72,704 bytes in 1 blocks
==22899==   total heap usage: 331 allocs, 330 frees, 129,467 bytes allocated
==22899== 
==22899== LEAK SUMMARY:
==22899==    definitely lost: 0 bytes in 0 blocks
==22899==    indirectly lost: 0 bytes in 0 blocks
==22899==      possibly lost: 0 bytes in 0 blocks
==22899==    still reachable: 72,704 bytes in 1 blocks
==22899==         suppressed: 0 bytes in 0 blocks
==22899== Reachable blocks (those to which a pointer was found) are not shown.
==22899== To see them, rerun with: --leak-check=full --show-leak-kinds=all
==22899== 
==22899== For counts of detected and suppressed errors, rerun with: -v
==22899== ERROR SUMMARY: 0 errors from 0 contexts (suppressed: 0 from 0)
<end of output>
Test time =   0.69 sec
----------------------------------------------------------
Test Passed.
"HeapTest.ThreeElementPush_0_10_5" end time: Jul 02 17:00 PDT
"HeapTest.ThreeElementPush_0_10_5" time elapsed: 00:00:00
----------------------------------------------------------

14/21 Testing: HeapTest.ThreeElementPush_5_0_10
14/21 Test: HeapTest.ThreeElementPush_5_0_10
Command: "/usr/bin/valgrind" "--tool=memcheck" "--leak-check=yes" "--trace-children=no" "--error-exitcode=113" "/home/student/hw-mercan/hw5/hw5_heap_checker/heap_tests/heap_tests" "--gtest_filter=HeapTest.ThreeElementPush_5_0_10"
Directory: /home/student/hw-mercan/hw5/hw5_heap_checker/heap_tests
"HeapTest.ThreeElementPush_5_0_10" start time: Jul 02 17:00 PDT
Output:
----------------------------------------------------------
==22902== /home/student/.valgrindrc was not read as it is either not a regular file,
==22902==     or is world writeable, or is not owned by the current user.
==22902== Memcheck, a memory error detector
==22902== Copyright (C) 2002-2017, and GNU GPL'd, by Julian Seward et al.
==22902== Using Valgrind-3.13.0 and LibVEX; rerun with -h for copyright info
==22902== Command: /home/student/hw-mercan/hw5/hw5_heap_checker/heap_tests/heap_tests --gtest_filter=HeapTest.ThreeElementPush_5_0_10
==22902== 
Running main() from gtest_main.cc
Note: Google Test filter = HeapTest.ThreeElementPush_5_0_10
[==========] Running 1 test from 1 test case.
[----------] Global test environment set-up.
[----------] 1 test from HeapTest
[ RUN      ] HeapTest.ThreeElementPush_5_0_10
[       OK ] HeapTest.ThreeElementPush_5_0_10 (22 ms)
[----------] 1 test from HeapTest (27 ms total)

[----------] Global test environment tear-down
[==========] 1 test from 1 test case ran. (55 ms total)
[  PASSED  ] 1 test.
==22902== 
==22902== HEAP SUMMARY:
==22902==     in use at exit: 72,704 bytes in 1 blocks
==22902==   total heap usage: 331 allocs, 330 frees, 129,467 bytes allocated
==22902== 
==22902== LEAK SUMMARY:
==22902==    definitely lost: 0 bytes in 0 blocks
==22902==    indirectly lost: 0 bytes in 0 blocks
==22902==      possibly lost: 0 bytes in 0 blocks
==22902==    still reachable: 72,704 bytes in 1 blocks
==22902==         suppressed: 0 bytes in 0 blocks
==22902== Reachable blocks (those to which a pointer was found) are not shown.
==22902== To see them, rerun with: --leak-check=full --show-leak-kinds=all
==22902== 
==22902== For counts of detected and suppressed errors, rerun with: -v
==22902== ERROR SUMMARY: 0 errors from 0 contexts (suppressed: 0 from 0)
<end of output>
Test time =   0.72 sec
----------------------------------------------------------
Test Passed.
"HeapTest.ThreeElementPush_5_0_10" end time: Jul 02 17:00 PDT
"HeapTest.ThreeElementPush_5_0_10" time elapsed: 00:00:00
----------------------------------------------------------

15/21 Testing: HeapTest.ThreeElementPush_5_10_0
15/21 Test: HeapTest.ThreeElementPush_5_10_0
Command: "/usr/bin/valgrind" "--tool=memcheck" "--leak-check=yes" "--trace-children=no" "--error-exitcode=113" "/home/student/hw-mercan/hw5/hw5_heap_checker/heap_tests/heap_tests" "--gtest_filter=HeapTest.ThreeElementPush_5_10_0"
Directory: /home/student/hw-mercan/hw5/hw5_heap_checker/heap_tests
"HeapTest.ThreeElementPush_5_10_0" start time: Jul 02 17:00 PDT
Output:
----------------------------------------------------------
==22903== /home/student/.valgrindrc was not read as it is either not a regular file,
==22903==     or is world writeable, or is not owned by the current user.
==22903== Memcheck, a memory error detector
==22903== Copyright (C) 2002-2017, and GNU GPL'd, by Julian Seward et al.
==22903== Using Valgrind-3.13.0 and LibVEX; rerun with -h for copyright info
==22903== Command: /home/student/hw-mercan/hw5/hw5_heap_checker/heap_tests/heap_tests --gtest_filter=HeapTest.ThreeElementPush_5_10_0
==22903== 
Running main() from gtest_main.cc
Note: Google Test filter = HeapTest.ThreeElementPush_5_10_0
[==========] Running 1 test from 1 test case.
[----------] Global test environment set-up.
[----------] 1 test from HeapTest
[ RUN      ] HeapTest.ThreeElementPush_5_10_0
[       OK ] HeapTest.ThreeElementPush_5_10_0 (21 ms)
[----------] 1 test from HeapTest (27 ms total)

[----------] Global test environment tear-down
[==========] 1 test from 1 test case ran. (55 ms total)
[  PASSED  ] 1 test.
==22903== 
==22903== HEAP SUMMARY:
==22903==     in use at exit: 72,704 bytes in 1 blocks
==22903==   total heap usage: 331 allocs, 330 frees, 129,467 bytes allocated
==22903== 
==22903== LEAK SUMMARY:
==22903==    definitely lost: 0 bytes in 0 blocks
==22903==    indirectly lost: 0 bytes in 0 blocks
==22903==      possibly lost: 0 bytes in 0 blocks
==22903==    still reachable: 72,704 bytes in 1 blocks
==22903==         suppressed: 0 bytes in 0 blocks
==22903== Reachable blocks (those to which a pointer was found) are not shown.
==22903== To see them, rerun with: --leak-check=full --show-leak-kinds=all
==22903== 
==22903== For counts of detected and suppressed errors, rerun with: -v
==22903== ERROR SUMMARY: 0 errors from 0 contexts (suppressed: 0 from 0)
<end of output>
Test time =   0.73 sec
----------------------------------------------------------
Test Passed.
"HeapTest.ThreeElementPush_5_10_0" end time: Jul 02 17:00 PDT
"HeapTest.ThreeElementPush_5_10_0" time elapsed: 00:00:00
----------------------------------------------------------

16/21 Testing: HeapTest.ThreeElementPush_10_0_5
16/21 Test: HeapTest.ThreeElementPush_10_0_5
Command: "/usr/bin/valgrind" "--tool=memcheck" "--leak-check=yes" "--trace-children=no" "--error-exitcode=113" "/home/student/hw-mercan/hw5/hw5_heap_checker/heap_tests/heap_tests" "--gtest_filter=HeapTest.ThreeElementPush_10_0_5"
Directory: /home/student/hw-mercan/hw5/hw5_heap_checker/heap_tests
"HeapTest.ThreeElementPush_10_0_5" start time: Jul 02 17:00 PDT
Output:
----------------------------------------------------------
==22904== /home/student/.valgrindrc was not read as it is either not a regular file,
==22904==     or is world writeable, or is not owned by the current user.
==22904== Memcheck, a memory error detector
==22904== Copyright (C) 2002-2017, and GNU GPL'd, by Julian Seward et al.
==22904== Using Valgrind-3.13.0 and LibVEX; rerun with -h for copyright info
==22904== Command: /home/student/hw-mercan/hw5/hw5_heap_checker/heap_tests/heap_tests --gtest_filter=HeapTest.ThreeElementPush_10_0_5
==22904== 
Running main() from gtest_main.cc
Note: Google Test filter = HeapTest.ThreeElementPush_10_0_5
[==========] Running 1 test from 1 test case.
[----------] Global test environment set-up.
[----------] 1 test from HeapTest
[ RUN      ] HeapTest.ThreeElementPush_10_0_5
[       OK ] HeapTest.ThreeElementPush_10_0_5 (21 ms)
[----------] 1 test from HeapTest (26 ms total)

[----------] Global test environment tear-down
[==========] 1 test from 1 test case ran. (51 ms total)
[  PASSED  ] 1 test.
==22904== 
==22904== HEAP SUMMARY:
==22904==     in use at exit: 72,704 bytes in 1 blocks
==22904==   total heap usage: 331 allocs, 330 frees, 129,467 bytes allocated
==22904== 
==22904== LEAK SUMMARY:
==22904==    definitely lost: 0 bytes in 0 blocks
==22904==    indirectly lost: 0 bytes in 0 blocks
==22904==      possibly lost: 0 bytes in 0 blocks
==22904==    still reachable: 72,704 bytes in 1 blocks
==22904==         suppressed: 0 bytes in 0 blocks
==22904== Reachable blocks (those to which a pointer was found) are not shown.
==22904== To see them, rerun with: --leak-check=full --show-leak-kinds=all
==22904== 
==22904== For counts of detected and suppressed errors, rerun with: -v
==22904== ERROR SUMMARY: 0 errors from 0 contexts (suppressed: 0 from 0)
<end of output>
Test time =   0.70 sec
----------------------------------------------------------
Test Passed.
"HeapTest.ThreeElementPush_10_0_5" end time: Jul 02 17:00 PDT
"HeapTest.ThreeElementPush_10_0_5" time elapsed: 00:00:00
----------------------------------------------------------

17/21 Testing: HeapTest.ThreeElementPush_10_5_0
17/21 Test: HeapTest.ThreeElementPush_10_5_0
Command: "/usr/bin/valgrind" "--tool=memcheck" "--leak-check=yes" "--trace-children=no" "--error-exitcode=113" "/home/student/hw-mercan/hw5/hw5_heap_checker/heap_tests/heap_tests" "--gtest_filter=HeapTest.ThreeElementPush_10_5_0"
Directory: /home/student/hw-mercan/hw5/hw5_heap_checker/heap_tests
"HeapTest.ThreeElementPush_10_5_0" start time: Jul 02 17:00 PDT
Output:
----------------------------------------------------------
==22905== /home/student/.valgrindrc was not read as it is either not a regular file,
==22905==     or is world writeable, or is not owned by the current user.
==22905== Memcheck, a memory error detector
==22905== Copyright (C) 2002-2017, and GNU GPL'd, by Julian Seward et al.
==22905== Using Valgrind-3.13.0 and LibVEX; rerun with -h for copyright info
==22905== Command: /home/student/hw-mercan/hw5/hw5_heap_checker/heap_tests/heap_tests --gtest_filter=HeapTest.ThreeElementPush_10_5_0
==22905== 
Running main() from gtest_main.cc
Note: Google Test filter = HeapTest.ThreeElementPush_10_5_0
[==========] Running 1 test from 1 test case.
[----------] Global test environment set-up.
[----------] 1 test from HeapTest
[ RUN      ] HeapTest.ThreeElementPush_10_5_0
[       OK ] HeapTest.ThreeElementPush_10_5_0 (26 ms)
[----------] 1 test from HeapTest (31 ms total)

[----------] Global test environment tear-down
[==========] 1 test from 1 test case ran. (65 ms total)
[  PASSED  ] 1 test.
==22905== 
==22905== HEAP SUMMARY:
==22905==     in use at exit: 72,704 bytes in 1 blocks
==22905==   total heap usage: 331 allocs, 330 frees, 129,467 bytes allocated
==22905== 
==22905== LEAK SUMMARY:
==22905==    definitely lost: 0 bytes in 0 blocks
==22905==    indirectly lost: 0 bytes in 0 blocks
==22905==      possibly lost: 0 bytes in 0 blocks
==22905==    still reachable: 72,704 bytes in 1 blocks
==22905==         suppressed: 0 bytes in 0 blocks
==22905== Reachable blocks (those to which a pointer was found) are not shown.
==22905== To see them, rerun with: --leak-check=full --show-leak-kinds=all
==22905== 
==22905== For counts of detected and suppressed errors, rerun with: -v
==22905== ERROR SUMMARY: 0 errors from 0 contexts (suppressed: 0 from 0)
<end of output>
Test time =   0.72 sec
----------------------------------------------------------
Test Passed.
"HeapTest.ThreeElementPush_10_5_0" end time: Jul 02 17:00 PDT
"HeapTest.ThreeElementPush_10_5_0" time elapsed: 00:00:00
----------------------------------------------------------

18/21 Testing: HeapTest.GreaterComparator
18/21 Test: HeapTest.GreaterComparator
Command: "/usr/bin/valgrind" "--tool=memcheck" "--leak-check=yes" "--trace-children=no" "--error-exitcode=113" "/home/student/hw-mercan/hw5/hw5_heap_checker/heap_tests/heap_tests" "--gtest_filter=HeapTest.GreaterComparator"
Directory: /home/student/hw-mercan/hw5/hw5_heap_checker/heap_tests
"HeapTest.GreaterComparator" start time: Jul 02 17:00 PDT
Output:
----------------------------------------------------------
==22906== /home/student/.valgrindrc was not read as it is either not a regular file,
==22906==     or is world writeable, or is not owned by the current user.
==22906== Memcheck, a memory error detector
==22906== Copyright (C) 2002-2017, and GNU GPL'd, by Julian Seward et al.
==22906== Using Valgrind-3.13.0 and LibVEX; rerun with -h for copyright info
==22906== Command: /home/student/hw-mercan/hw5/hw5_heap_checker/heap_tests/heap_tests --gtest_filter=HeapTest.GreaterComparator
==22906== 
Running main() from gtest_main.cc
Note: Google Test filter = HeapTest.GreaterComparator
[==========] Running 1 test from 1 test case.
[----------] Global test environment set-up.
[----------] 1 test from HeapTest
[ RUN      ] HeapTest.GreaterComparator
[       OK ] HeapTest.GreaterComparator (24 ms)
[----------] 1 test from HeapTest (29 ms total)

[----------] Global test environment tear-down
[==========] 1 test from 1 test case ran. (54 ms total)
[  PASSED  ] 1 test.
==22906== 
==22906== HEAP SUMMARY:
==22906==     in use at exit: 72,704 bytes in 1 blocks
==22906==   total heap usage: 331 allocs, 330 frees, 129,379 bytes allocated
==22906== 
==22906== LEAK SUMMARY:
==22906==    definitely lost: 0 bytes in 0 blocks
==22906==    indirectly lost: 0 bytes in 0 blocks
==22906==      possibly lost: 0 bytes in 0 blocks
==22906==    still reachable: 72,704 bytes in 1 blocks
==22906==         suppressed: 0 bytes in 0 blocks
==22906== Reachable blocks (those to which a pointer was found) are not shown.
==22906== To see them, rerun with: --leak-check=full --show-leak-kinds=all
==22906== 
==22906== For counts of detected and suppressed errors, rerun with: -v
==22906== ERROR SUMMARY: 0 errors from 0 contexts (suppressed: 0 from 0)
<end of output>
Test time =   0.70 sec
----------------------------------------------------------
Test Passed.
"HeapTest.GreaterComparator" end time: Jul 02 17:00 PDT
"HeapTest.GreaterComparator" time elapsed: 00:00:00
----------------------------------------------------------

19/21 Testing: HeapTest.StringStorage
19/21 Test: HeapTest.StringStorage
Command: "/usr/bin/valgrind" "--tool=memcheck" "--leak-check=yes" "--trace-children=no" "--error-exitcode=113" "/home/student/hw-mercan/hw5/hw5_heap_checker/heap_tests/heap_tests" "--gtest_filter=HeapTest.StringStorage"
Directory: /home/student/hw-mercan/hw5/hw5_heap_checker/heap_tests
"HeapTest.StringStorage" start time: Jul 02 17:00 PDT
Output:
----------------------------------------------------------
==22907== /home/student/.valgrindrc was not read as it is either not a regular file,
==22907==     or is world writeable, or is not owned by the current user.
==22907== Memcheck, a memory error detector
==22907== Copyright (C) 2002-2017, and GNU GPL'd, by Julian Seward et al.
==22907== Using Valgrind-3.13.0 and LibVEX; rerun with -h for copyright info
==22907== Command: /home/student/hw-mercan/hw5/hw5_heap_checker/heap_tests/heap_tests --gtest_filter=HeapTest.StringStorage
==22907== 
Running main() from gtest_main.cc
Note: Google Test filter = HeapTest.StringStorage
[==========] Running 1 test from 1 test case.
[----------] Global test environment set-up.
[----------] 1 test from HeapTest
[ RUN      ] HeapTest.StringStorage
[       OK ] HeapTest.StringStorage (24 ms)
[----------] 1 test from HeapTest (29 ms total)

[----------] Global test environment tear-down
[==========] 1 test from 1 test case ran. (55 ms total)
[  PASSED  ] 1 test.
==22907== 
==22907== HEAP SUMMARY:
==22907==     in use at exit: 72,704 bytes in 1 blocks
==22907==   total heap usage: 331 allocs, 330 frees, 129,547 bytes allocated
==22907== 
==22907== LEAK SUMMARY:
==22907==    definitely lost: 0 bytes in 0 blocks
==22907==    indirectly lost: 0 bytes in 0 blocks
==22907==      possibly lost: 0 bytes in 0 blocks
==22907==    still reachable: 72,704 bytes in 1 blocks
==22907==         suppressed: 0 bytes in 0 blocks
==22907== Reachable blocks (those to which a pointer was found) are not shown.
==22907== To see them, rerun with: --leak-check=full --show-leak-kinds=all
==22907== 
==22907== For counts of detected and suppressed errors, rerun with: -v
==22907== ERROR SUMMARY: 0 errors from 0 contexts (suppressed: 0 from 0)
<end of output>
Test time =   0.70 sec
----------------------------------------------------------
Test Passed.
"HeapTest.StringStorage" end time: Jul 02 17:00 PDT
"HeapTest.StringStorage" time elapsed: 00:00:00
----------------------------------------------------------

20/21 Testing: HeapTest.FiveElementPush_TrinaryHeap
20/21 Test: HeapTest.FiveElementPush_TrinaryHeap
Command: "/usr/bin/valgrind" "--tool=memcheck" "--leak-check=yes" "--trace-children=no" "--error-exitcode=113" "/home/student/hw-mercan/hw5/hw5_heap_checker/heap_tests/heap_tests" "--gtest_filter=HeapTest.FiveElementPush_TrinaryHeap"
Directory: /home/student/hw-mercan/hw5/hw5_heap_checker/heap_tests
"HeapTest.FiveElementPush_TrinaryHeap" start time: Jul 02 17:00 PDT
Output:
----------------------------------------------------------
==22908== /home/student/.valgrindrc was not read as it is either not a regular file,
==22908==     or is world writeable, or is not owned by the current user.
==22908== Memcheck, a memory error detector
==22908== Copyright (C) 2002-2017, and GNU GPL'd, by Julian Seward et al.
==22908== Using Valgrind-3.13.0 and LibVEX; rerun with -h for copyright info
==22908== Command: /home/student/hw-mercan/hw5/hw5_heap_checker/heap_tests/heap_tests --gtest_filter=HeapTest.FiveElementPush_TrinaryHeap
==22908== 
Running main() from gtest_main.cc
Note: Google Test filter = HeapTest.FiveElementPush_TrinaryHeap
[==========] Running 1 test from 1 test case.
[----------] Global test environment set-up.
[----------] 1 test from HeapTest
[ RUN      ] HeapTest.FiveElementPush_TrinaryHeap
==22908== Invalid read of size 4
==22908==    at 0x40D42A: std::less<int>::operator()(int const&, int const&) const (stl_function.h:387)
==22908==    by 0x40BEB7: Heap<int, std::less<int> >::trickle_Up(std::vector<int, std::allocator<int> >&, unsigned long, std::less<int>&, int) (heap.h:118)
==22908==    by 0x40AD2F: Heap<int, std::less<int> >::push(int const&) (heap.h:130)
==22908==    by 0x4086AB: HeapTest_FiveElementPush_TrinaryHeap_Test::TestBody() (heap_tests.cpp:285)
==22908==    by 0x439452: void testing::internal::HandleExceptionsInMethodIfSupported<testing::Test, void>(testing::Test*, void (testing::Test::*)(), char const*) (in /home/student/hw-mercan/hw5/hw5_heap_checker/heap_tests/heap_tests)
==22908==    by 0x431193: testing::Test::Run() [clone .part.368] (in /home/student/hw-mercan/hw5/hw5_heap_checker/heap_tests/heap_tests)
==22908==    by 0x43144C: testing::TestInfo::Run() [clone .part.369] (in /home/student/hw-mercan/hw5/hw5_heap_checker/heap_tests/heap_tests)
==22908==    by 0x431634: testing::TestCase::Run() [clone .part.370] (in /home/student/hw-mercan/hw5/hw5_heap_checker/heap_tests/heap_tests)
==22908==    by 0x433AE0: testing::internal::UnitTestImpl::RunAllTests() [clone .part.371] [clone .constprop.426] (in /home/student/hw-mercan/hw5/hw5_heap_checker/heap_tests/heap_tests)
==22908==    by 0x433EF0: testing::UnitTest::Run() (in /home/student/hw-mercan/hw5/hw5_heap_checker/heap_tests/heap_tests)
==22908==    by 0x404BCF: main (in /home/student/hw-mercan/hw5/hw5_heap_checker/heap_tests/heap_tests)
==22908==  Address 0x15b23af74 is not stack'd, malloc'd or (recently) free'd
==22908== 
==22908== 
==22908== Process terminating with default action of signal 11 (SIGSEGV)
==22908==  Access not within mapped region at address 0x15B23AF74
==22908==    at 0x40D42A: std::less<int>::operator()(int const&, int const&) const (stl_function.h:387)
==22908==    by 0x40BEB7: Heap<int, std::less<int> >::trickle_Up(std::vector<int, std::allocator<int> >&, unsigned long, std::less<int>&, int) (heap.h:118)
==22908==    by 0x40AD2F: Heap<int, std::less<int> >::push(int const&) (heap.h:130)
==22908==    by 0x4086AB: HeapTest_FiveElementPush_TrinaryHeap_Test::TestBody() (heap_tests.cpp:285)
==22908==    by 0x439452: void testing::internal::HandleExceptionsInMethodIfSupported<testing::Test, void>(testing::Test*, void (testing::Test::*)(), char const*) (in /home/student/hw-mercan/hw5/hw5_heap_checker/heap_tests/heap_tests)
==22908==    by 0x431193: testing::Test::Run() [clone .part.368] (in /home/student/hw-mercan/hw5/hw5_heap_checker/heap_tests/heap_tests)
==22908==    by 0x43144C: testing::TestInfo::Run() [clone .part.369] (in /home/student/hw-mercan/hw5/hw5_heap_checker/heap_tests/heap_tests)
==22908==    by 0x431634: testing::TestCase::Run() [clone .part.370] (in /home/student/hw-mercan/hw5/hw5_heap_checker/heap_tests/heap_tests)
==22908==    by 0x433AE0: testing::internal::UnitTestImpl::RunAllTests() [clone .part.371] [clone .constprop.426] (in /home/student/hw-mercan/hw5/hw5_heap_checker/heap_tests/heap_tests)
==22908==    by 0x433EF0: testing::UnitTest::Run() (in /home/student/hw-mercan/hw5/hw5_heap_checker/heap_tests/heap_tests)
==22908==    by 0x404BCF: main (in /home/student/hw-mercan/hw5/hw5_heap_checker/heap_tests/heap_tests)
==22908==  If you believe this happened as a result of a stack
==22908==  overflow in your program's main thread (unlikely but
==22908==  possible), you can try to increase the size of the
==22908==  main thread stack using the --main-stacksize= flag.
==22908==  The main thread stack size used in this run was 8388608.
==22908== 
==22908== HEAP SUMMARY:
==22908==     in use at exit: 80,198 bytes in 84 blocks
==22908==   total heap usage: 315 allocs, 231 frees, 123,228 bytes allocated
==22908== 
==22908== LEAK SUMMARY:
==22908==    definitely lost: 0 bytes in 0 blocks
==22908==    indirectly lost: 0 bytes in 0 blocks
==22908==      possibly lost: 0 bytes in 0 blocks
==22908==    still reachable: 80,198 bytes in 84 blocks
==22908==         suppressed: 0 bytes in 0 blocks
==22908== Reachable blocks (those to which a pointer was found) are not shown.
==22908== To see them, rerun with: --leak-check=full --show-leak-kinds=all
==22908== 
==22908== For counts of detected and suppressed errors, rerun with: -v
==22908== ERROR SUMMARY: 1 errors from 1 contexts (suppressed: 0 from 0)
<end of output>
Test time =   0.79 sec
----------------------------------------------------------
Test Failed.
"HeapTest.FiveElementPush_TrinaryHeap" end time: Jul 02 17:00 PDT
"HeapTest.FiveElementPush_TrinaryHeap" time elapsed: 00:00:00
----------------------------------------------------------

21/21 Testing: HeapStress.50x50RandomElements_QuaternaryHeap
21/21 Test: HeapStress.50x50RandomElements_QuaternaryHeap
Command: "/usr/bin/valgrind" "--tool=memcheck" "--leak-check=yes" "--trace-children=no" "--error-exitcode=113" "/home/student/hw-mercan/hw5/hw5_heap_checker/heap_tests/heap_tests" "--gtest_filter=HeapStress.50x50RandomElements_QuaternaryHeap"
Directory: /home/student/hw-mercan/hw5/hw5_heap_checker/heap_tests
"HeapStress.50x50RandomElements_QuaternaryHeap" start time: Jul 02 17:00 PDT
Output:
----------------------------------------------------------
==22910== /home/student/.valgrindrc was not read as it is either not a regular file,
==22910==     or is world writeable, or is not owned by the current user.
==22910== Memcheck, a memory error detector
==22910== Copyright (C) 2002-2017, and GNU GPL'd, by Julian Seward et al.
==22910== Using Valgrind-3.13.0 and LibVEX; rerun with -h for copyright info
==22910== Command: /home/student/hw-mercan/hw5/hw5_heap_checker/heap_tests/heap_tests --gtest_filter=HeapStress.50x50RandomElements_QuaternaryHeap
==22910== 
Running main() from gtest_main.cc
Note: Google Test filter = HeapStress.50x50RandomElements_QuaternaryHeap
[==========] Running 1 test from 1 test case.
[----------] Global test environment set-up.
[----------] 1 test from HeapStress
[ RUN      ] HeapStress.50x50RandomElements_QuaternaryHeap
[       OK ] HeapStress.50x50RandomElements_QuaternaryHeap (145 ms)
[----------] 1 test from HeapStress (151 ms total)

[----------] Global test environment tear-down
[==========] 1 test from 1 test case ran. (176 ms total)
[  PASSED  ] 1 test.
==22910== 
==22910== HEAP SUMMARY:
==22910==     in use at exit: 72,704 bytes in 1 blocks
==22910==   total heap usage: 829 allocs, 828 frees, 177,421 bytes allocated
==22910== 
==22910== LEAK SUMMARY:
==22910==    definitely lost: 0 bytes in 0 blocks
==22910==    indirectly lost: 0 bytes in 0 blocks
==22910==      possibly lost: 0 bytes in 0 blocks
==22910==    still reachable: 72,704 bytes in 1 blocks
==22910==         suppressed: 0 bytes in 0 blocks
==22910== Reachable blocks (those to which a pointer was found) are not shown.
==22910== To see them, rerun with: --leak-check=full --show-leak-kinds=all
==22910== 
==22910== For counts of detected and suppressed errors, rerun with: -v
==22910== ERROR SUMMARY: 0 errors from 0 contexts (suppressed: 0 from 0)
<end of output>
Test time =   0.81 sec
----------------------------------------------------------
Test Passed.
"HeapStress.50x50RandomElements_QuaternaryHeap" end time: Jul 02 17:00 PDT
"HeapStress.50x50RandomElements_QuaternaryHeap" time elapsed: 00:00:00
----------------------------------------------------------

End testing: Jul 02 17:00 PDT
